[0.211s] DEBUG:colcon:Command line arguments: ['/usr/bin/colcon', 'build']
[0.211s] DEBUG:colcon:Parsed command line arguments: Namespace(log_base=None, log_level=None, verb_name='build', build_base='build', install_base='install', merge_install=False, symlink_install=False, test_result_base=None, continue_on_error=False, executor='parallel', parallel_workers=8, event_handlers=None, ignore_user_meta=False, metas=['./colcon.meta'], base_paths=['.'], packages_ignore=None, packages_ignore_regex=None, paths=None, packages_up_to=None, packages_up_to_regex=None, packages_above=None, packages_above_and_dependencies=None, packages_above_depth=None, packages_select_by_dep=None, packages_skip_by_dep=None, packages_skip_up_to=None, packages_select_build_failed=False, packages_skip_build_finished=False, packages_select_test_failures=False, packages_skip_test_passed=False, packages_select=None, packages_skip=None, packages_select_regex=None, packages_skip_regex=None, packages_start=None, packages_end=None, allow_overriding=[], cmake_args=None, cmake_target=None, cmake_target_skip_unavailable=False, cmake_clean_cache=False, cmake_clean_first=False, cmake_force_configure=False, ament_cmake_args=None, catkin_cmake_args=None, catkin_skip_building_tests=False, verb_parser=<colcon_defaults.argument_parser.defaults.DefaultArgumentsDecorator object at 0x76e47d132d10>, verb_extension=<colcon_core.verb.build.BuildVerb object at 0x76e47d1328c0>, main=<bound method BuildVerb.main of <colcon_core.verb.build.BuildVerb object at 0x76e47d1328c0>>)
[0.547s] Level 1:colcon.colcon_core.package_discovery:discover_packages(colcon_meta) check parameters
[0.547s] Level 1:colcon.colcon_core.package_discovery:discover_packages(recursive) check parameters
[0.547s] Level 1:colcon.colcon_core.package_discovery:discover_packages(ignore) check parameters
[0.547s] Level 1:colcon.colcon_core.package_discovery:discover_packages(path) check parameters
[0.547s] Level 1:colcon.colcon_core.package_discovery:discover_packages(colcon_meta) discover
[0.548s] Level 1:colcon.colcon_core.package_discovery:discover_packages(recursive) discover
[0.548s] INFO:colcon.colcon_core.package_discovery:Crawling recursively for packages in '/home/ros/ROS2/usrmsg_ws'
[0.548s] Level 1:colcon.colcon_core.package_identification:_identify(.) by extensions ['ignore', 'ignore_ament_install']
[0.548s] Level 1:colcon.colcon_core.package_identification:_identify(.) by extension 'ignore'
[0.548s] Level 1:colcon.colcon_core.package_identification:_identify(.) by extension 'ignore_ament_install'
[0.548s] Level 1:colcon.colcon_core.package_identification:_identify(.) by extensions ['colcon_pkg']
[0.548s] Level 1:colcon.colcon_core.package_identification:_identify(.) by extension 'colcon_pkg'
[0.548s] Level 1:colcon.colcon_core.package_identification:_identify(.) by extensions ['colcon_meta']
[0.549s] Level 1:colcon.colcon_core.package_identification:_identify(.) by extension 'colcon_meta'
[0.549s] Level 1:colcon.colcon_core.package_identification:_identify(.) by extensions ['ros']
[0.549s] Level 1:colcon.colcon_core.package_identification:_identify(.) by extension 'ros'
[0.572s] Level 1:colcon.colcon_core.package_identification:_identify(.) by extensions ['cmake', 'python']
[0.573s] Level 1:colcon.colcon_core.package_identification:_identify(.) by extension 'cmake'
[0.573s] Level 1:colcon.colcon_core.package_identification:_identify(.) by extension 'python'
[0.573s] Level 1:colcon.colcon_core.package_identification:_identify(.) by extensions ['python_setup_py']
[0.573s] Level 1:colcon.colcon_core.package_identification:_identify(.) by extension 'python_setup_py'
[0.573s] Level 1:colcon.colcon_core.package_identification:_identify(build) by extensions ['ignore', 'ignore_ament_install']
[0.573s] Level 1:colcon.colcon_core.package_identification:_identify(build) by extension 'ignore'
[0.573s] Level 1:colcon.colcon_core.package_identification:_identify(build) ignored
[0.573s] Level 1:colcon.colcon_core.package_identification:_identify(install) by extensions ['ignore', 'ignore_ament_install']
[0.574s] Level 1:colcon.colcon_core.package_identification:_identify(install) by extension 'ignore'
[0.574s] Level 1:colcon.colcon_core.package_identification:_identify(install) ignored
[0.574s] Level 1:colcon.colcon_core.package_identification:_identify(log) by extensions ['ignore', 'ignore_ament_install']
[0.574s] Level 1:colcon.colcon_core.package_identification:_identify(log) by extension 'ignore'
[0.574s] Level 1:colcon.colcon_core.package_identification:_identify(log) ignored
[0.574s] Level 1:colcon.colcon_core.package_identification:_identify(src) by extensions ['ignore', 'ignore_ament_install']
[0.574s] Level 1:colcon.colcon_core.package_identification:_identify(src) by extension 'ignore'
[0.574s] Level 1:colcon.colcon_core.package_identification:_identify(src) by extension 'ignore_ament_install'
[0.574s] Level 1:colcon.colcon_core.package_identification:_identify(src) by extensions ['colcon_pkg']
[0.575s] Level 1:colcon.colcon_core.package_identification:_identify(src) by extension 'colcon_pkg'
[0.575s] Level 1:colcon.colcon_core.package_identification:_identify(src) by extensions ['colcon_meta']
[0.575s] Level 1:colcon.colcon_core.package_identification:_identify(src) by extension 'colcon_meta'
[0.575s] Level 1:colcon.colcon_core.package_identification:_identify(src) by extensions ['ros']
[0.575s] Level 1:colcon.colcon_core.package_identification:_identify(src) by extension 'ros'
[0.575s] Level 1:colcon.colcon_core.package_identification:_identify(src) by extensions ['cmake', 'python']
[0.575s] Level 1:colcon.colcon_core.package_identification:_identify(src) by extension 'cmake'
[0.575s] Level 1:colcon.colcon_core.package_identification:_identify(src) by extension 'python'
[0.575s] Level 1:colcon.colcon_core.package_identification:_identify(src) by extensions ['python_setup_py']
[0.575s] Level 1:colcon.colcon_core.package_identification:_identify(src) by extension 'python_setup_py'
[0.575s] Level 1:colcon.colcon_core.package_identification:_identify(src/baseinterface_pkg) by extensions ['ignore', 'ignore_ament_install']
[0.575s] Level 1:colcon.colcon_core.package_identification:_identify(src/baseinterface_pkg) by extension 'ignore'
[0.576s] Level 1:colcon.colcon_core.package_identification:_identify(src/baseinterface_pkg) by extension 'ignore_ament_install'
[0.576s] Level 1:colcon.colcon_core.package_identification:_identify(src/baseinterface_pkg) by extensions ['colcon_pkg']
[0.576s] Level 1:colcon.colcon_core.package_identification:_identify(src/baseinterface_pkg) by extension 'colcon_pkg'
[0.576s] Level 1:colcon.colcon_core.package_identification:_identify(src/baseinterface_pkg) by extensions ['colcon_meta']
[0.576s] Level 1:colcon.colcon_core.package_identification:_identify(src/baseinterface_pkg) by extension 'colcon_meta'
[0.576s] Level 1:colcon.colcon_core.package_identification:_identify(src/baseinterface_pkg) by extensions ['ros']
[0.576s] Level 1:colcon.colcon_core.package_identification:_identify(src/baseinterface_pkg) by extension 'ros'
[0.581s] DEBUG:colcon.colcon_core.package_identification:Package 'src/baseinterface_pkg' with type 'ros.ament_cmake' and name 'baseinterface_pkg'
[0.581s] Level 1:colcon.colcon_core.package_discovery:discover_packages(recursive) using defaults
[0.581s] Level 1:colcon.colcon_core.package_discovery:discover_packages(ignore) discover
[0.581s] Level 1:colcon.colcon_core.package_discovery:discover_packages(ignore) using defaults
[0.581s] Level 1:colcon.colcon_core.package_discovery:discover_packages(path) discover
[0.581s] Level 1:colcon.colcon_core.package_discovery:discover_packages(path) using defaults
[0.622s] Level 1:colcon.colcon_core.package_discovery:discover_packages(prefix_path) check parameters
[0.622s] Level 1:colcon.colcon_core.package_discovery:discover_packages(prefix_path) discover
[0.627s] DEBUG:colcon.colcon_installed_package_information.package_discovery:Found 275 installed packages in /opt/ros/humble
[0.632s] Level 1:colcon.colcon_core.package_discovery:discover_packages(prefix_path) using defaults
[0.746s] Level 5:colcon.colcon_core.verb:set package 'baseinterface_pkg' build argument 'cmake_args' from command line to 'None'
[0.746s] Level 5:colcon.colcon_core.verb:set package 'baseinterface_pkg' build argument 'cmake_target' from command line to 'None'
[0.746s] Level 5:colcon.colcon_core.verb:set package 'baseinterface_pkg' build argument 'cmake_target_skip_unavailable' from command line to 'False'
[0.746s] Level 5:colcon.colcon_core.verb:set package 'baseinterface_pkg' build argument 'cmake_clean_cache' from command line to 'False'
[0.746s] Level 5:colcon.colcon_core.verb:set package 'baseinterface_pkg' build argument 'cmake_clean_first' from command line to 'False'
[0.746s] Level 5:colcon.colcon_core.verb:set package 'baseinterface_pkg' build argument 'cmake_force_configure' from command line to 'False'
[0.746s] Level 5:colcon.colcon_core.verb:set package 'baseinterface_pkg' build argument 'ament_cmake_args' from command line to 'None'
[0.747s] Level 5:colcon.colcon_core.verb:set package 'baseinterface_pkg' build argument 'catkin_cmake_args' from command line to 'None'
[0.747s] Level 5:colcon.colcon_core.verb:set package 'baseinterface_pkg' build argument 'catkin_skip_building_tests' from command line to 'False'
[0.747s] DEBUG:colcon.colcon_core.verb:Building package 'baseinterface_pkg' with the following arguments: {'ament_cmake_args': None, 'build_base': '/home/ros/ROS2/usrmsg_ws/build/baseinterface_pkg', 'catkin_cmake_args': None, 'catkin_skip_building_tests': False, 'cmake_args': None, 'cmake_clean_cache': False, 'cmake_clean_first': False, 'cmake_force_configure': False, 'cmake_target': None, 'cmake_target_skip_unavailable': False, 'install_base': '/home/ros/ROS2/usrmsg_ws/install/baseinterface_pkg', 'merge_install': False, 'path': '/home/ros/ROS2/usrmsg_ws/src/baseinterface_pkg', 'symlink_install': False, 'test_result_base': None}
[0.747s] INFO:colcon.colcon_core.executor:Executing jobs using 'parallel' executor
[0.750s] DEBUG:colcon.colcon_parallel_executor.executor.parallel:run_until_complete
[0.750s] INFO:colcon.colcon_ros.task.ament_cmake.build:Building ROS package in '/home/ros/ROS2/usrmsg_ws/src/baseinterface_pkg' with build type 'ament_cmake'
[0.750s] INFO:colcon.colcon_cmake.task.cmake.build:Building CMake package in '/home/ros/ROS2/usrmsg_ws/src/baseinterface_pkg'
[0.755s] INFO:colcon.colcon_core.plugin_system:Skipping extension 'colcon_core.shell.bat': Not used on non-Windows systems
[0.756s] INFO:colcon.colcon_core.shell:Skip shell extension 'powershell' for command environment: Not usable outside of PowerShell
[0.756s] DEBUG:colcon.colcon_core.shell:Skip shell extension 'dsv' for command environment
[0.776s] DEBUG:colcon.colcon_core.event_handler.log_command:Invoking command in '/home/ros/ROS2/usrmsg_ws/build/baseinterface_pkg': CMAKE_PREFIX_PATH=/opt/ros/humble /usr/bin/cmake /home/ros/ROS2/usrmsg_ws/src/baseinterface_pkg -DCMAKE_INSTALL_PREFIX=/home/ros/ROS2/usrmsg_ws/install/baseinterface_pkg
[4.601s] DEBUG:colcon.colcon_core.event_handler.log_command:Invoked command in '/home/ros/ROS2/usrmsg_ws/build/baseinterface_pkg' returned '0': CMAKE_PREFIX_PATH=/opt/ros/humble /usr/bin/cmake /home/ros/ROS2/usrmsg_ws/src/baseinterface_pkg -DCMAKE_INSTALL_PREFIX=/home/ros/ROS2/usrmsg_ws/install/baseinterface_pkg
[4.606s] DEBUG:colcon.colcon_core.event_handler.log_command:Invoking command in '/home/ros/ROS2/usrmsg_ws/build/baseinterface_pkg': CMAKE_PREFIX_PATH=/opt/ros/humble /usr/bin/cmake --build /home/ros/ROS2/usrmsg_ws/build/baseinterface_pkg -- -j8 -l8
[12.402s] DEBUG:colcon.colcon_core.event_handler.log_command:Invoked command in '/home/ros/ROS2/usrmsg_ws/build/baseinterface_pkg' returned '0': CMAKE_PREFIX_PATH=/opt/ros/humble /usr/bin/cmake --build /home/ros/ROS2/usrmsg_ws/build/baseinterface_pkg -- -j8 -l8
[12.421s] DEBUG:colcon.colcon_core.event_handler.log_command:Invoking command in '/home/ros/ROS2/usrmsg_ws/build/baseinterface_pkg': CMAKE_PREFIX_PATH=/opt/ros/humble /usr/bin/cmake --install /home/ros/ROS2/usrmsg_ws/build/baseinterface_pkg
[12.566s] Level 1:colcon.colcon_core.environment:create_environment_scripts_only(baseinterface_pkg)
[12.567s] DEBUG:colcon.colcon_core.event_handler.log_command:Invoked command in '/home/ros/ROS2/usrmsg_ws/build/baseinterface_pkg' returned '0': CMAKE_PREFIX_PATH=/opt/ros/humble /usr/bin/cmake --install /home/ros/ROS2/usrmsg_ws/build/baseinterface_pkg
[12.571s] Level 1:colcon.colcon_core.environment:checking '/home/ros/ROS2/usrmsg_ws/install/baseinterface_pkg' for CMake module files
[12.573s] Level 1:colcon.colcon_core.environment:checking '/home/ros/ROS2/usrmsg_ws/install/baseinterface_pkg' for CMake config files
[12.574s] Level 1:colcon.colcon_core.shell:create_environment_hook('baseinterface_pkg', 'cmake_prefix_path')
[12.574s] INFO:colcon.colcon_core.shell:Creating environment hook '/home/ros/ROS2/usrmsg_ws/install/baseinterface_pkg/share/baseinterface_pkg/hook/cmake_prefix_path.ps1'
[12.576s] INFO:colcon.colcon_core.shell:Creating environment descriptor '/home/ros/ROS2/usrmsg_ws/install/baseinterface_pkg/share/baseinterface_pkg/hook/cmake_prefix_path.dsv'
[12.577s] INFO:colcon.colcon_core.shell:Creating environment hook '/home/ros/ROS2/usrmsg_ws/install/baseinterface_pkg/share/baseinterface_pkg/hook/cmake_prefix_path.sh'
[12.578s] Level 1:colcon.colcon_core.environment:checking '/home/ros/ROS2/usrmsg_ws/install/baseinterface_pkg/lib'
[12.579s] Level 1:colcon.colcon_core.shell:create_environment_hook('baseinterface_pkg', 'ld_library_path_lib')
[12.579s] INFO:colcon.colcon_core.shell:Creating environment hook '/home/ros/ROS2/usrmsg_ws/install/baseinterface_pkg/share/baseinterface_pkg/hook/ld_library_path_lib.ps1'
[12.580s] INFO:colcon.colcon_core.shell:Creating environment descriptor '/home/ros/ROS2/usrmsg_ws/install/baseinterface_pkg/share/baseinterface_pkg/hook/ld_library_path_lib.dsv'
[12.581s] INFO:colcon.colcon_core.shell:Creating environment hook '/home/ros/ROS2/usrmsg_ws/install/baseinterface_pkg/share/baseinterface_pkg/hook/ld_library_path_lib.sh'
[12.582s] Level 1:colcon.colcon_core.environment:checking '/home/ros/ROS2/usrmsg_ws/install/baseinterface_pkg/bin'
[12.582s] Level 1:colcon.colcon_core.environment:checking '/home/ros/ROS2/usrmsg_ws/install/baseinterface_pkg/lib/pkgconfig/baseinterface_pkg.pc'
[12.582s] Level 1:colcon.colcon_core.environment:checking '/home/ros/ROS2/usrmsg_ws/install/baseinterface_pkg/lib/python3.10/site-packages'
[12.583s] Level 1:colcon.colcon_core.environment:checking '/home/ros/ROS2/usrmsg_ws/install/baseinterface_pkg/bin'
[12.583s] INFO:colcon.colcon_core.shell:Creating package script '/home/ros/ROS2/usrmsg_ws/install/baseinterface_pkg/share/baseinterface_pkg/package.ps1'
[12.585s] INFO:colcon.colcon_core.shell:Creating package descriptor '/home/ros/ROS2/usrmsg_ws/install/baseinterface_pkg/share/baseinterface_pkg/package.dsv'
[12.586s] INFO:colcon.colcon_core.shell:Creating package script '/home/ros/ROS2/usrmsg_ws/install/baseinterface_pkg/share/baseinterface_pkg/package.sh'
[12.588s] INFO:colcon.colcon_core.shell:Creating package script '/home/ros/ROS2/usrmsg_ws/install/baseinterface_pkg/share/baseinterface_pkg/package.bash'
[12.590s] INFO:colcon.colcon_core.shell:Creating package script '/home/ros/ROS2/usrmsg_ws/install/baseinterface_pkg/share/baseinterface_pkg/package.zsh'
[12.591s] Level 1:colcon.colcon_core.environment:create_file_with_runtime_dependencies(/home/ros/ROS2/usrmsg_ws/install/baseinterface_pkg/share/colcon-core/packages/baseinterface_pkg)
[12.593s] Level 1:colcon.colcon_core.environment:create_environment_scripts_only(baseinterface_pkg)
[12.593s] Level 1:colcon.colcon_core.environment:checking '/home/ros/ROS2/usrmsg_ws/install/baseinterface_pkg' for CMake module files
[12.595s] Level 1:colcon.colcon_core.environment:checking '/home/ros/ROS2/usrmsg_ws/install/baseinterface_pkg' for CMake config files
[12.596s] Level 1:colcon.colcon_core.shell:create_environment_hook('baseinterface_pkg', 'cmake_prefix_path')
[12.597s] INFO:colcon.colcon_core.shell:Creating environment hook '/home/ros/ROS2/usrmsg_ws/install/baseinterface_pkg/share/baseinterface_pkg/hook/cmake_prefix_path.ps1'
[12.598s] INFO:colcon.colcon_core.shell:Creating environment descriptor '/home/ros/ROS2/usrmsg_ws/install/baseinterface_pkg/share/baseinterface_pkg/hook/cmake_prefix_path.dsv'
[12.599s] INFO:colcon.colcon_core.shell:Creating environment hook '/home/ros/ROS2/usrmsg_ws/install/baseinterface_pkg/share/baseinterface_pkg/hook/cmake_prefix_path.sh'
[12.600s] Level 1:colcon.colcon_core.environment:checking '/home/ros/ROS2/usrmsg_ws/install/baseinterface_pkg/lib'
[12.600s] Level 1:colcon.colcon_core.shell:create_environment_hook('baseinterface_pkg', 'ld_library_path_lib')
[12.600s] INFO:colcon.colcon_core.shell:Creating environment hook '/home/ros/ROS2/usrmsg_ws/install/baseinterface_pkg/share/baseinterface_pkg/hook/ld_library_path_lib.ps1'
[12.601s] INFO:colcon.colcon_core.shell:Creating environment descriptor '/home/ros/ROS2/usrmsg_ws/install/baseinterface_pkg/share/baseinterface_pkg/hook/ld_library_path_lib.dsv'
[12.602s] INFO:colcon.colcon_core.shell:Creating environment hook '/home/ros/ROS2/usrmsg_ws/install/baseinterface_pkg/share/baseinterface_pkg/hook/ld_library_path_lib.sh'
[12.603s] Level 1:colcon.colcon_core.environment:checking '/home/ros/ROS2/usrmsg_ws/install/baseinterface_pkg/bin'
[12.603s] Level 1:colcon.colcon_core.environment:checking '/home/ros/ROS2/usrmsg_ws/install/baseinterface_pkg/lib/pkgconfig/baseinterface_pkg.pc'
[12.603s] Level 1:colcon.colcon_core.environment:checking '/home/ros/ROS2/usrmsg_ws/install/baseinterface_pkg/lib/python3.10/site-packages'
[12.604s] Level 1:colcon.colcon_core.environment:checking '/home/ros/ROS2/usrmsg_ws/install/baseinterface_pkg/bin'
[12.605s] INFO:colcon.colcon_core.shell:Creating package script '/home/ros/ROS2/usrmsg_ws/install/baseinterface_pkg/share/baseinterface_pkg/package.ps1'
[12.606s] INFO:colcon.colcon_core.shell:Creating package descriptor '/home/ros/ROS2/usrmsg_ws/install/baseinterface_pkg/share/baseinterface_pkg/package.dsv'
[12.606s] INFO:colcon.colcon_core.shell:Creating package script '/home/ros/ROS2/usrmsg_ws/install/baseinterface_pkg/share/baseinterface_pkg/package.sh'
[12.607s] INFO:colcon.colcon_core.shell:Creating package script '/home/ros/ROS2/usrmsg_ws/install/baseinterface_pkg/share/baseinterface_pkg/package.bash'
[12.608s] INFO:colcon.colcon_core.shell:Creating package script '/home/ros/ROS2/usrmsg_ws/install/baseinterface_pkg/share/baseinterface_pkg/package.zsh'
[12.609s] Level 1:colcon.colcon_core.environment:create_file_with_runtime_dependencies(/home/ros/ROS2/usrmsg_ws/install/baseinterface_pkg/share/colcon-core/packages/baseinterface_pkg)
[12.610s] DEBUG:colcon.colcon_parallel_executor.executor.parallel:closing loop
[12.610s] DEBUG:colcon.colcon_parallel_executor.executor.parallel:loop closed
[12.611s] DEBUG:colcon.colcon_parallel_executor.executor.parallel:run_until_complete finished with '0'
[12.611s] DEBUG:colcon.colcon_core.event_reactor:joining thread
[12.622s] INFO:colcon.colcon_core.plugin_system:Skipping extension 'colcon_notification.desktop_notification.terminal_notifier': Not used on non-Darwin systems
[12.622s] INFO:colcon.colcon_core.plugin_system:Skipping extension 'colcon_notification.desktop_notification.win32': Not used on non-Windows systems
[12.622s] INFO:colcon.colcon_notification.desktop_notification:Sending desktop notification using 'notify2'
[12.649s] DEBUG:colcon.colcon_core.event_reactor:joined thread
[12.650s] INFO:colcon.colcon_core.shell:Creating prefix script '/home/ros/ROS2/usrmsg_ws/install/local_setup.ps1'
[12.652s] INFO:colcon.colcon_core.shell:Creating prefix util module '/home/ros/ROS2/usrmsg_ws/install/_local_setup_util_ps1.py'
[12.656s] INFO:colcon.colcon_core.shell:Creating prefix chain script '/home/ros/ROS2/usrmsg_ws/install/setup.ps1'
[12.658s] INFO:colcon.colcon_core.shell:Creating prefix script '/home/ros/ROS2/usrmsg_ws/install/local_setup.sh'
[12.659s] INFO:colcon.colcon_core.shell:Creating prefix util module '/home/ros/ROS2/usrmsg_ws/install/_local_setup_util_sh.py'
[12.661s] INFO:colcon.colcon_core.shell:Creating prefix chain script '/home/ros/ROS2/usrmsg_ws/install/setup.sh'
[12.663s] INFO:colcon.colcon_core.shell:Creating prefix script '/home/ros/ROS2/usrmsg_ws/install/local_setup.bash'
[12.664s] INFO:colcon.colcon_core.shell:Creating prefix chain script '/home/ros/ROS2/usrmsg_ws/install/setup.bash'
[12.666s] INFO:colcon.colcon_core.shell:Creating prefix script '/home/ros/ROS2/usrmsg_ws/install/local_setup.zsh'
[12.667s] INFO:colcon.colcon_core.shell:Creating prefix chain script '/home/ros/ROS2/usrmsg_ws/install/setup.zsh'
