[0.017s] Invoking command in '/home/ros2/ROS2Folder/topic_ws/build/topic_cpp': CMAKE_PREFIX_PATH=${CMAKE_PREFIX_PATH}:/opt/ros/humble /usr/bin/cmake /home/ros2/ROS2Folder/topic_ws/src/topic_cpp -DAMENT_CMAKE_SYMLINK_INSTALL=1 -DCMAKE_INSTALL_PREFIX=/home/ros2/ROS2Folder/topic_ws/install/topic_cpp
[0.082s] -- Found ament_cmake: 1.3.11 (/opt/ros/humble/share/ament_cmake/cmake)
[0.192s] -- Override CMake install command with custom implementation using symlinks instead of copying resources
[0.211s] -- Found rclcpp: 16.0.12 (/opt/ros/humble/share/rclcpp/cmake)
[0.257s] -- Found rosidl_generator_c: 3.1.6 (/opt/ros/humble/share/rosidl_generator_c/cmake)
[0.260s] -- Found rosidl_adapter: 3.1.6 (/opt/ros/humble/share/rosidl_adapter/cmake)
[0.270s] -- Found rosidl_generator_cpp: 3.1.6 (/opt/ros/humble/share/rosidl_generator_cpp/cmake)
[0.282s] -- Using all available rosidl_typesupport_c: rosidl_typesupport_fastrtps_c;rosidl_typesupport_introspection_c
[0.298s] -- Using all available rosidl_typesupport_cpp: rosidl_typesupport_fastrtps_cpp;rosidl_typesupport_introspection_cpp
[0.343s] -- Found rmw_implementation_cmake: 6.1.2 (/opt/ros/humble/share/rmw_implementation_cmake/cmake)
[0.344s] -- Found rmw_fastrtps_cpp: 6.2.7 (/opt/ros/humble/share/rmw_fastrtps_cpp/cmake)
[0.433s] -- Using RMW implementation 'rmw_fastrtps_cpp' as default
[0.546s] -- Configuring done
[0.562s] -- Generating done
[0.567s] -- Build files have been written to: /home/ros2/ROS2Folder/topic_ws/build/topic_cpp
[0.577s] Invoked command in '/home/ros2/ROS2Folder/topic_ws/build/topic_cpp' returned '0': CMAKE_PREFIX_PATH=${CMAKE_PREFIX_PATH}:/opt/ros/humble /usr/bin/cmake /home/ros2/ROS2Folder/topic_ws/src/topic_cpp -DAMENT_CMAKE_SYMLINK_INSTALL=1 -DCMAKE_INSTALL_PREFIX=/home/ros2/ROS2Folder/topic_ws/install/topic_cpp
[0.579s] Invoking command in '/home/ros2/ROS2Folder/topic_ws/build/topic_cpp': CMAKE_PREFIX_PATH=${CMAKE_PREFIX_PATH}:/opt/ros/humble /usr/bin/cmake --build /home/ros2/ROS2Folder/topic_ws/build/topic_cpp -- -j16 -l16
[0.611s] [35m[1mConsolidate compiler generated dependencies of target topicpublish[0m
[0.619s] [ 25%] [32mBuilding CXX object CMakeFiles/topicsubscribe.dir/src/topicsubscribe.cpp.o[0m
[0.628s] [ 50%] [32mBuilding CXX object CMakeFiles/topicpublish.dir/src/topicpublish.cpp.o[0m
[4.570s] [ 75%] [32m[1mLinking CXX executable topicpublish[0m
[4.798s] [ 75%] Built target topicpublish
[7.645s] [100%] [32m[1mLinking CXX executable topicsubscribe[0m
[7.894s] [100%] Built target topicsubscribe
[7.903s] Invoked command in '/home/ros2/ROS2Folder/topic_ws/build/topic_cpp' returned '0': CMAKE_PREFIX_PATH=${CMAKE_PREFIX_PATH}:/opt/ros/humble /usr/bin/cmake --build /home/ros2/ROS2Folder/topic_ws/build/topic_cpp -- -j16 -l16
[7.911s] Invoking command in '/home/ros2/ROS2Folder/topic_ws/build/topic_cpp': CMAKE_PREFIX_PATH=${CMAKE_PREFIX_PATH}:/opt/ros/humble /usr/bin/cmake --install /home/ros2/ROS2Folder/topic_ws/build/topic_cpp
[7.915s] -- Install configuration: ""
[7.916s] -- Execute custom install script
[7.916s] -- Up-to-date symlink: /home/ros2/ROS2Folder/topic_ws/install/topic_cpp/lib/topic_cpp/topicpublish
[7.916s] -- Symlinking: /home/ros2/ROS2Folder/topic_ws/install/topic_cpp/lib/topic_cpp/topicsubscribe
[7.923s] -- Up-to-date symlink: /home/ros2/ROS2Folder/topic_ws/install/topic_cpp/share/ament_index/resource_index/package_run_dependencies/topic_cpp
[7.924s] -- Up-to-date symlink: /home/ros2/ROS2Folder/topic_ws/install/topic_cpp/share/ament_index/resource_index/parent_prefix_path/topic_cpp
[7.924s] -- Up-to-date symlink: /home/ros2/ROS2Folder/topic_ws/install/topic_cpp/share/topic_cpp/environment/ament_prefix_path.sh
[7.925s] -- Up-to-date symlink: /home/ros2/ROS2Folder/topic_ws/install/topic_cpp/share/topic_cpp/environment/ament_prefix_path.dsv
[7.925s] -- Up-to-date symlink: /home/ros2/ROS2Folder/topic_ws/install/topic_cpp/share/topic_cpp/environment/path.sh
[7.926s] -- Up-to-date symlink: /home/ros2/ROS2Folder/topic_ws/install/topic_cpp/share/topic_cpp/environment/path.dsv
[7.926s] -- Up-to-date symlink: /home/ros2/ROS2Folder/topic_ws/install/topic_cpp/share/topic_cpp/local_setup.bash
[7.927s] -- Up-to-date symlink: /home/ros2/ROS2Folder/topic_ws/install/topic_cpp/share/topic_cpp/local_setup.sh
[7.927s] -- Up-to-date symlink: /home/ros2/ROS2Folder/topic_ws/install/topic_cpp/share/topic_cpp/local_setup.zsh
[7.928s] -- Up-to-date symlink: /home/ros2/ROS2Folder/topic_ws/install/topic_cpp/share/topic_cpp/local_setup.dsv
[7.928s] -- Symlinking: /home/ros2/ROS2Folder/topic_ws/install/topic_cpp/share/topic_cpp/package.dsv
[7.936s] -- Up-to-date symlink: /home/ros2/ROS2Folder/topic_ws/install/topic_cpp/share/ament_index/resource_index/packages/topic_cpp
[7.936s] -- Up-to-date symlink: /home/ros2/ROS2Folder/topic_ws/install/topic_cpp/share/topic_cpp/cmake/topic_cppConfig.cmake
[7.937s] -- Up-to-date symlink: /home/ros2/ROS2Folder/topic_ws/install/topic_cpp/share/topic_cpp/cmake/topic_cppConfig-version.cmake
[7.937s] -- Up-to-date symlink: /home/ros2/ROS2Folder/topic_ws/install/topic_cpp/share/topic_cpp/package.xml
[7.940s] Invoked command in '/home/ros2/ROS2Folder/topic_ws/build/topic_cpp' returned '0': CMAKE_PREFIX_PATH=${CMAKE_PREFIX_PATH}:/opt/ros/humble /usr/bin/cmake --install /home/ros2/ROS2Folder/topic_ws/build/topic_cpp
