[0.019s] Invoking command in '/home/ros2/ROS2Folder/topic_ws/build/topic_cpp': CMAKE_PREFIX_PATH=${CMAKE_PREFIX_PATH}:/opt/ros/humble /usr/bin/cmake --build /home/ros2/ROS2Folder/topic_ws/build/topic_cpp -- -j16 -l16
[0.101s] [35m[1mConsolidate compiler generated dependencies of target topicsubscribe[0m
[0.102s] [35m[1mConsolidate compiler generated dependencies of target topicpublish[0m
[0.119s] [ 50%] [32mBuilding CXX object CMakeFiles/topicsubscribe.dir/src/topicsubscribe.cpp.o[0m
[0.119s] [ 75%] Built target topicpublish
[7.064s] [100%] [32m[1mLinking CXX executable topicsubscribe[0m
[7.384s] [100%] Built target topicsubscribe
[7.394s] Invoked command in '/home/ros2/ROS2Folder/topic_ws/build/topic_cpp' returned '0': CMAKE_PREFIX_PATH=${CMAKE_PREFIX_PATH}:/opt/ros/humble /usr/bin/cmake --build /home/ros2/ROS2Folder/topic_ws/build/topic_cpp -- -j16 -l16
[7.404s] Invoking command in '/home/ros2/ROS2Folder/topic_ws/build/topic_cpp': CMAKE_PREFIX_PATH=${CMAKE_PREFIX_PATH}:/opt/ros/humble /usr/bin/cmake --install /home/ros2/ROS2Folder/topic_ws/build/topic_cpp
[7.410s] -- Install configuration: ""
[7.411s] -- Execute custom install script
[7.412s] -- Up-to-date symlink: /home/ros2/ROS2Folder/topic_ws/install/topic_cpp/lib/topic_cpp/topicpublish
[7.413s] -- Up-to-date symlink: /home/ros2/ROS2Folder/topic_ws/install/topic_cpp/lib/topic_cpp/topicsubscribe
[7.413s] -- Up-to-date symlink: /home/ros2/ROS2Folder/topic_ws/install/topic_cpp/share/ament_index/resource_index/package_run_dependencies/topic_cpp
[7.414s] -- Up-to-date symlink: /home/ros2/ROS2Folder/topic_ws/install/topic_cpp/share/ament_index/resource_index/parent_prefix_path/topic_cpp
[7.414s] -- Up-to-date symlink: /home/ros2/ROS2Folder/topic_ws/install/topic_cpp/share/topic_cpp/environment/ament_prefix_path.sh
[7.415s] -- Up-to-date symlink: /home/ros2/ROS2Folder/topic_ws/install/topic_cpp/share/topic_cpp/environment/ament_prefix_path.dsv
[7.415s] -- Up-to-date symlink: /home/ros2/ROS2Folder/topic_ws/install/topic_cpp/share/topic_cpp/environment/path.sh
[7.416s] -- Up-to-date symlink: /home/ros2/ROS2Folder/topic_ws/install/topic_cpp/share/topic_cpp/environment/path.dsv
[7.417s] -- Up-to-date symlink: /home/ros2/ROS2Folder/topic_ws/install/topic_cpp/share/topic_cpp/local_setup.bash
[7.417s] -- Up-to-date symlink: /home/ros2/ROS2Folder/topic_ws/install/topic_cpp/share/topic_cpp/local_setup.sh
[7.418s] -- Up-to-date symlink: /home/ros2/ROS2Folder/topic_ws/install/topic_cpp/share/topic_cpp/local_setup.zsh
[7.418s] -- Up-to-date symlink: /home/ros2/ROS2Folder/topic_ws/install/topic_cpp/share/topic_cpp/local_setup.dsv
[7.418s] -- Symlinking: /home/ros2/ROS2Folder/topic_ws/install/topic_cpp/share/topic_cpp/package.dsv
[7.429s] -- Up-to-date symlink: /home/ros2/ROS2Folder/topic_ws/install/topic_cpp/share/ament_index/resource_index/packages/topic_cpp
[7.429s] -- Up-to-date symlink: /home/ros2/ROS2Folder/topic_ws/install/topic_cpp/share/topic_cpp/cmake/topic_cppConfig.cmake
[7.430s] -- Up-to-date symlink: /home/ros2/ROS2Folder/topic_ws/install/topic_cpp/share/topic_cpp/cmake/topic_cppConfig-version.cmake
[7.430s] -- Up-to-date symlink: /home/ros2/ROS2Folder/topic_ws/install/topic_cpp/share/topic_cpp/package.xml
[7.432s] Invoked command in '/home/ros2/ROS2Folder/topic_ws/build/topic_cpp' returned '0': CMAKE_PREFIX_PATH=${CMAKE_PREFIX_PATH}:/opt/ros/humble /usr/bin/cmake --install /home/ros2/ROS2Folder/topic_ws/build/topic_cpp
