[0.019s] Invoking command in '/home/ros/ROS2/IMU_ws/build/IMU_pkg': CMAKE_PREFIX_PATH=/opt/ros/humble /usr/bin/cmake --build /home/ros/ROS2/IMU_ws/build/IMU_pkg -- -j8 -l8
[0.048s] -- Found ament_cmake: 1.3.11 (/opt/ros/humble/share/ament_cmake/cmake)
[0.176s] -- Override CMake install command with custom implementation using symlinks instead of copying resources
[0.183s] -- Found rclcpp: 16.0.12 (/opt/ros/humble/share/rclcpp/cmake)
[0.212s] -- Found rosidl_generator_c: 3.1.6 (/opt/ros/humble/share/rosidl_generator_c/cmake)
[0.215s] -- Found rosidl_adapter: 3.1.6 (/opt/ros/humble/share/rosidl_adapter/cmake)
[0.222s] -- Found rosidl_generator_cpp: 3.1.6 (/opt/ros/humble/share/rosidl_generator_cpp/cmake)
[0.233s] -- Using all available rosidl_typesupport_c: rosidl_typesupport_fastrtps_c;rosidl_typesupport_introspection_c
[0.246s] -- Using all available rosidl_typesupport_cpp: rosidl_typesupport_fastrtps_cpp;rosidl_typesupport_introspection_cpp
[0.283s] -- Found rmw_implementation_cmake: 6.1.2 (/opt/ros/humble/share/rmw_implementation_cmake/cmake)
[0.284s] -- Found rmw_fastrtps_cpp: 6.2.7 (/opt/ros/humble/share/rmw_fastrtps_cpp/cmake)
[0.392s] -- Using RMW implementation 'rmw_fastrtps_cpp' as default
[0.460s] -- Found sensor_msgs: 4.8.0 (/opt/ros/humble/share/sensor_msgs/cmake)
[0.503s] -- Found tf2_ros: 0.25.12 (/opt/ros/humble/share/tf2_ros/cmake)
[0.625s] [31mCMake Error at CMakeLists.txt:23 (find_package):
[0.625s]   By not providing "Findserial_driver.cmake" in CMAKE_MODULE_PATH this
[0.625s]   project has asked CMake to find a package configuration file provided by
[0.625s]   "serial_driver", but CMake did not find one.
[0.625s] 
[0.625s]   Could not find a package configuration file provided by "serial_driver"
[0.625s]   with any of the following names:
[0.625s] 
[0.625s]     serial_driverConfig.cmake
[0.625s]     serial_driver-config.cmake
[0.625s] 
[0.625s]   Add the installation prefix of "serial_driver" to CMAKE_PREFIX_PATH or set
[0.625s]   "serial_driver_DIR" to a directory containing one of the above files.  If
[0.625s]   "serial_driver" provides a separate development package or SDK, be sure it
[0.625s]   has been installed.
[0.626s] 
[0.626s] [0m
[0.626s] -- Configuring incomplete, errors occurred!
[0.626s] See also "/home/ros/ROS2/IMU_ws/build/IMU_pkg/CMakeFiles/CMakeOutput.log".
[0.633s] gmake: *** [Makefile:267: cmake_check_build_system] Error 1
[0.636s] Invoked command in '/home/ros/ROS2/IMU_ws/build/IMU_pkg' returned '2': CMAKE_PREFIX_PATH=/opt/ros/humble /usr/bin/cmake --build /home/ros/ROS2/IMU_ws/build/IMU_pkg -- -j8 -l8
