[0.152s] DEBUG:colcon:Command line arguments: ['/usr/bin/colcon', 'build']
[0.152s] DEBUG:colcon:Parsed command line arguments: Namespace(log_base=None, log_level=None, verb_name='build', build_base='build', install_base='install', merge_install=False, symlink_install=False, test_result_base=None, continue_on_error=False, executor='parallel', parallel_workers=8, event_handlers=None, ignore_user_meta=False, metas=['./colcon.meta'], base_paths=['.'], packages_ignore=None, packages_ignore_regex=None, paths=None, packages_up_to=None, packages_up_to_regex=None, packages_above=None, packages_above_and_dependencies=None, packages_above_depth=None, packages_select_by_dep=None, packages_skip_by_dep=None, packages_skip_up_to=None, packages_select_build_failed=False, packages_skip_build_finished=False, packages_select_test_failures=False, packages_skip_test_passed=False, packages_select=None, packages_skip=None, packages_select_regex=None, packages_skip_regex=None, packages_start=None, packages_end=None, allow_overriding=[], cmake_args=None, cmake_target=None, cmake_target_skip_unavailable=False, cmake_clean_cache=False, cmake_clean_first=False, cmake_force_configure=False, ament_cmake_args=None, catkin_cmake_args=None, catkin_skip_building_tests=False, verb_parser=<colcon_defaults.argument_parser.defaults.DefaultArgumentsDecorator object at 0x79c194c36e90>, verb_extension=<colcon_core.verb.build.BuildVerb object at 0x79c194c36a40>, main=<bound method BuildVerb.main of <colcon_core.verb.build.BuildVerb object at 0x79c194c36a40>>)
[0.399s] Level 1:colcon.colcon_core.package_discovery:discover_packages(colcon_meta) check parameters
[0.399s] Level 1:colcon.colcon_core.package_discovery:discover_packages(recursive) check parameters
[0.400s] Level 1:colcon.colcon_core.package_discovery:discover_packages(ignore) check parameters
[0.400s] Level 1:colcon.colcon_core.package_discovery:discover_packages(path) check parameters
[0.400s] Level 1:colcon.colcon_core.package_discovery:discover_packages(colcon_meta) discover
[0.400s] Level 1:colcon.colcon_core.package_discovery:discover_packages(recursive) discover
[0.400s] INFO:colcon.colcon_core.package_discovery:Crawling recursively for packages in '/home/ros2/ROS2Folder/Event'
[0.400s] Level 1:colcon.colcon_core.package_identification:_identify(.) by extensions ['ignore', 'ignore_ament_install']
[0.400s] Level 1:colcon.colcon_core.package_identification:_identify(.) by extension 'ignore'
[0.400s] Level 1:colcon.colcon_core.package_identification:_identify(.) by extension 'ignore_ament_install'
[0.400s] Level 1:colcon.colcon_core.package_identification:_identify(.) by extensions ['colcon_pkg']
[0.400s] Level 1:colcon.colcon_core.package_identification:_identify(.) by extension 'colcon_pkg'
[0.400s] Level 1:colcon.colcon_core.package_identification:_identify(.) by extensions ['colcon_meta']
[0.400s] Level 1:colcon.colcon_core.package_identification:_identify(.) by extension 'colcon_meta'
[0.400s] Level 1:colcon.colcon_core.package_identification:_identify(.) by extensions ['ros']
[0.400s] Level 1:colcon.colcon_core.package_identification:_identify(.) by extension 'ros'
[0.422s] Level 1:colcon.colcon_core.package_identification:_identify(.) by extensions ['cmake', 'python']
[0.422s] Level 1:colcon.colcon_core.package_identification:_identify(.) by extension 'cmake'
[0.422s] Level 1:colcon.colcon_core.package_identification:_identify(.) by extension 'python'
[0.422s] Level 1:colcon.colcon_core.package_identification:_identify(.) by extensions ['python_setup_py']
[0.422s] Level 1:colcon.colcon_core.package_identification:_identify(.) by extension 'python_setup_py'
[0.422s] Level 1:colcon.colcon_core.package_identification:_identify(build) by extensions ['ignore', 'ignore_ament_install']
[0.423s] Level 1:colcon.colcon_core.package_identification:_identify(build) by extension 'ignore'
[0.423s] Level 1:colcon.colcon_core.package_identification:_identify(build) ignored
[0.423s] Level 1:colcon.colcon_core.package_identification:_identify(install) by extensions ['ignore', 'ignore_ament_install']
[0.423s] Level 1:colcon.colcon_core.package_identification:_identify(install) by extension 'ignore'
[0.423s] Level 1:colcon.colcon_core.package_identification:_identify(install) ignored
[0.424s] Level 1:colcon.colcon_core.package_identification:_identify(log) by extensions ['ignore', 'ignore_ament_install']
[0.424s] Level 1:colcon.colcon_core.package_identification:_identify(log) by extension 'ignore'
[0.424s] Level 1:colcon.colcon_core.package_identification:_identify(log) ignored
[0.424s] Level 1:colcon.colcon_core.package_identification:_identify(trajectory_ws) by extensions ['ignore', 'ignore_ament_install']
[0.424s] Level 1:colcon.colcon_core.package_identification:_identify(trajectory_ws) by extension 'ignore'
[0.424s] Level 1:colcon.colcon_core.package_identification:_identify(trajectory_ws) by extension 'ignore_ament_install'
[0.424s] Level 1:colcon.colcon_core.package_identification:_identify(trajectory_ws) by extensions ['colcon_pkg']
[0.424s] Level 1:colcon.colcon_core.package_identification:_identify(trajectory_ws) by extension 'colcon_pkg'
[0.424s] Level 1:colcon.colcon_core.package_identification:_identify(trajectory_ws) by extensions ['colcon_meta']
[0.424s] Level 1:colcon.colcon_core.package_identification:_identify(trajectory_ws) by extension 'colcon_meta'
[0.424s] Level 1:colcon.colcon_core.package_identification:_identify(trajectory_ws) by extensions ['ros']
[0.424s] Level 1:colcon.colcon_core.package_identification:_identify(trajectory_ws) by extension 'ros'
[0.425s] Level 1:colcon.colcon_core.package_identification:_identify(trajectory_ws) by extensions ['cmake', 'python']
[0.425s] Level 1:colcon.colcon_core.package_identification:_identify(trajectory_ws) by extension 'cmake'
[0.425s] Level 1:colcon.colcon_core.package_identification:_identify(trajectory_ws) by extension 'python'
[0.425s] Level 1:colcon.colcon_core.package_identification:_identify(trajectory_ws) by extensions ['python_setup_py']
[0.425s] Level 1:colcon.colcon_core.package_identification:_identify(trajectory_ws) by extension 'python_setup_py'
[0.425s] Level 1:colcon.colcon_core.package_identification:_identify(trajectory_ws/build) by extensions ['ignore', 'ignore_ament_install']
[0.425s] Level 1:colcon.colcon_core.package_identification:_identify(trajectory_ws/build) by extension 'ignore'
[0.425s] Level 1:colcon.colcon_core.package_identification:_identify(trajectory_ws/build) ignored
[0.425s] Level 1:colcon.colcon_core.package_identification:_identify(trajectory_ws/install) by extensions ['ignore', 'ignore_ament_install']
[0.425s] Level 1:colcon.colcon_core.package_identification:_identify(trajectory_ws/install) by extension 'ignore'
[0.425s] Level 1:colcon.colcon_core.package_identification:_identify(trajectory_ws/install) ignored
[0.425s] Level 1:colcon.colcon_core.package_identification:_identify(trajectory_ws/log) by extensions ['ignore', 'ignore_ament_install']
[0.426s] Level 1:colcon.colcon_core.package_identification:_identify(trajectory_ws/log) by extension 'ignore'
[0.426s] Level 1:colcon.colcon_core.package_identification:_identify(trajectory_ws/log) ignored
[0.426s] Level 1:colcon.colcon_core.package_identification:_identify(trajectory_ws/src) by extensions ['ignore', 'ignore_ament_install']
[0.426s] Level 1:colcon.colcon_core.package_identification:_identify(trajectory_ws/src) by extension 'ignore'
[0.426s] Level 1:colcon.colcon_core.package_identification:_identify(trajectory_ws/src) by extension 'ignore_ament_install'
[0.426s] Level 1:colcon.colcon_core.package_identification:_identify(trajectory_ws/src) by extensions ['colcon_pkg']
[0.426s] Level 1:colcon.colcon_core.package_identification:_identify(trajectory_ws/src) by extension 'colcon_pkg'
[0.426s] Level 1:colcon.colcon_core.package_identification:_identify(trajectory_ws/src) by extensions ['colcon_meta']
[0.426s] Level 1:colcon.colcon_core.package_identification:_identify(trajectory_ws/src) by extension 'colcon_meta'
[0.426s] Level 1:colcon.colcon_core.package_identification:_identify(trajectory_ws/src) by extensions ['ros']
[0.426s] Level 1:colcon.colcon_core.package_identification:_identify(trajectory_ws/src) by extension 'ros'
[0.427s] Level 1:colcon.colcon_core.package_identification:_identify(trajectory_ws/src) by extensions ['cmake', 'python']
[0.427s] Level 1:colcon.colcon_core.package_identification:_identify(trajectory_ws/src) by extension 'cmake'
[0.427s] Level 1:colcon.colcon_core.package_identification:_identify(trajectory_ws/src) by extension 'python'
[0.427s] Level 1:colcon.colcon_core.package_identification:_identify(trajectory_ws/src) by extensions ['python_setup_py']
[0.427s] Level 1:colcon.colcon_core.package_identification:_identify(trajectory_ws/src) by extension 'python_setup_py'
[0.427s] Level 1:colcon.colcon_core.package_identification:_identify(trajectory_ws/src/trajectory_visualization) by extensions ['ignore', 'ignore_ament_install']
[0.427s] Level 1:colcon.colcon_core.package_identification:_identify(trajectory_ws/src/trajectory_visualization) by extension 'ignore'
[0.428s] Level 1:colcon.colcon_core.package_identification:_identify(trajectory_ws/src/trajectory_visualization) by extension 'ignore_ament_install'
[0.428s] Level 1:colcon.colcon_core.package_identification:_identify(trajectory_ws/src/trajectory_visualization) by extensions ['colcon_pkg']
[0.428s] Level 1:colcon.colcon_core.package_identification:_identify(trajectory_ws/src/trajectory_visualization) by extension 'colcon_pkg'
[0.428s] Level 1:colcon.colcon_core.package_identification:_identify(trajectory_ws/src/trajectory_visualization) by extensions ['colcon_meta']
[0.428s] Level 1:colcon.colcon_core.package_identification:_identify(trajectory_ws/src/trajectory_visualization) by extension 'colcon_meta'
[0.428s] Level 1:colcon.colcon_core.package_identification:_identify(trajectory_ws/src/trajectory_visualization) by extensions ['ros']
[0.428s] Level 1:colcon.colcon_core.package_identification:_identify(trajectory_ws/src/trajectory_visualization) by extension 'ros'
[0.434s] DEBUG:colcon.colcon_core.package_identification:Package 'trajectory_ws/src/trajectory_visualization' with type 'ros.ament_cmake' and name 'trajectory_visualization'
[0.435s] Level 1:colcon.colcon_core.package_discovery:discover_packages(recursive) using defaults
[0.435s] Level 1:colcon.colcon_core.package_discovery:discover_packages(ignore) discover
[0.435s] Level 1:colcon.colcon_core.package_discovery:discover_packages(ignore) using defaults
[0.435s] Level 1:colcon.colcon_core.package_discovery:discover_packages(path) discover
[0.435s] Level 1:colcon.colcon_core.package_discovery:discover_packages(path) using defaults
[0.464s] Level 1:colcon.colcon_core.package_discovery:discover_packages(prefix_path) check parameters
[0.464s] Level 1:colcon.colcon_core.package_discovery:discover_packages(prefix_path) discover
[0.466s] DEBUG:colcon.colcon_installed_package_information.package_discovery:Found 1 installed packages in /home/ros2/ROS2Folder/Event/trajectory_ws/install
[0.468s] DEBUG:colcon.colcon_installed_package_information.package_discovery:Found 275 installed packages in /opt/ros/humble
[0.473s] Level 1:colcon.colcon_core.package_discovery:discover_packages(prefix_path) using defaults
[0.564s] Level 5:colcon.colcon_core.verb:set package 'trajectory_visualization' build argument 'cmake_args' from command line to 'None'
[0.564s] Level 5:colcon.colcon_core.verb:set package 'trajectory_visualization' build argument 'cmake_target' from command line to 'None'
[0.564s] Level 5:colcon.colcon_core.verb:set package 'trajectory_visualization' build argument 'cmake_target_skip_unavailable' from command line to 'False'
[0.564s] Level 5:colcon.colcon_core.verb:set package 'trajectory_visualization' build argument 'cmake_clean_cache' from command line to 'False'
[0.565s] Level 5:colcon.colcon_core.verb:set package 'trajectory_visualization' build argument 'cmake_clean_first' from command line to 'False'
[0.565s] Level 5:colcon.colcon_core.verb:set package 'trajectory_visualization' build argument 'cmake_force_configure' from command line to 'False'
[0.565s] Level 5:colcon.colcon_core.verb:set package 'trajectory_visualization' build argument 'ament_cmake_args' from command line to 'None'
[0.565s] Level 5:colcon.colcon_core.verb:set package 'trajectory_visualization' build argument 'catkin_cmake_args' from command line to 'None'
[0.565s] Level 5:colcon.colcon_core.verb:set package 'trajectory_visualization' build argument 'catkin_skip_building_tests' from command line to 'False'
[0.565s] DEBUG:colcon.colcon_core.verb:Building package 'trajectory_visualization' with the following arguments: {'ament_cmake_args': None, 'build_base': '/home/ros2/ROS2Folder/Event/build/trajectory_visualization', 'catkin_cmake_args': None, 'catkin_skip_building_tests': False, 'cmake_args': None, 'cmake_clean_cache': False, 'cmake_clean_first': False, 'cmake_force_configure': False, 'cmake_target': None, 'cmake_target_skip_unavailable': False, 'install_base': '/home/ros2/ROS2Folder/Event/install/trajectory_visualization', 'merge_install': False, 'path': '/home/ros2/ROS2Folder/Event/trajectory_ws/src/trajectory_visualization', 'symlink_install': False, 'test_result_base': None}
[0.565s] INFO:colcon.colcon_core.executor:Executing jobs using 'parallel' executor
[0.567s] DEBUG:colcon.colcon_parallel_executor.executor.parallel:run_until_complete
[0.567s] INFO:colcon.colcon_ros.task.ament_cmake.build:Building ROS package in '/home/ros2/ROS2Folder/Event/trajectory_ws/src/trajectory_visualization' with build type 'ament_cmake'
[0.567s] INFO:colcon.colcon_cmake.task.cmake.build:Building CMake package in '/home/ros2/ROS2Folder/Event/trajectory_ws/src/trajectory_visualization'
[0.571s] INFO:colcon.colcon_core.plugin_system:Skipping extension 'colcon_core.shell.bat': Not used on non-Windows systems
[0.571s] INFO:colcon.colcon_core.shell:Skip shell extension 'powershell' for command environment: Not usable outside of PowerShell
[0.571s] DEBUG:colcon.colcon_core.shell:Skip shell extension 'dsv' for command environment
[0.587s] DEBUG:colcon.colcon_core.event_handler.log_command:Invoking command in '/home/ros2/ROS2Folder/Event/build/trajectory_visualization': CMAKE_PREFIX_PATH=${CMAKE_PREFIX_PATH}:/opt/ros/humble _=/usr/bin/env /usr/bin/cmake --build /home/ros2/ROS2Folder/Event/build/trajectory_visualization -- -j8 -l8
[9.694s] DEBUG:colcon.colcon_core.event_handler.log_command:Invoked command in '/home/ros2/ROS2Folder/Event/build/trajectory_visualization' returned '0': CMAKE_PREFIX_PATH=${CMAKE_PREFIX_PATH}:/opt/ros/humble _=/usr/bin/env /usr/bin/cmake --build /home/ros2/ROS2Folder/Event/build/trajectory_visualization -- -j8 -l8
[9.709s] DEBUG:colcon.colcon_core.event_handler.log_command:Invoking command in '/home/ros2/ROS2Folder/Event/build/trajectory_visualization': CMAKE_PREFIX_PATH=${CMAKE_PREFIX_PATH}:/opt/ros/humble _=/usr/bin/env /usr/bin/cmake --install /home/ros2/ROS2Folder/Event/build/trajectory_visualization
[9.736s] Level 1:colcon.colcon_core.environment:create_environment_scripts_only(trajectory_visualization)
[9.737s] DEBUG:colcon.colcon_core.event_handler.log_command:Invoked command in '/home/ros2/ROS2Folder/Event/build/trajectory_visualization' returned '0': CMAKE_PREFIX_PATH=${CMAKE_PREFIX_PATH}:/opt/ros/humble _=/usr/bin/env /usr/bin/cmake --install /home/ros2/ROS2Folder/Event/build/trajectory_visualization
[9.743s] Level 1:colcon.colcon_core.environment:checking '/home/ros2/ROS2Folder/Event/install/trajectory_visualization' for CMake module files
[9.744s] Level 1:colcon.colcon_core.environment:checking '/home/ros2/ROS2Folder/Event/install/trajectory_visualization' for CMake config files
[9.744s] Level 1:colcon.colcon_core.shell:create_environment_hook('trajectory_visualization', 'cmake_prefix_path')
[9.744s] INFO:colcon.colcon_core.shell:Creating environment hook '/home/ros2/ROS2Folder/Event/install/trajectory_visualization/share/trajectory_visualization/hook/cmake_prefix_path.ps1'
[9.746s] INFO:colcon.colcon_core.shell:Creating environment descriptor '/home/ros2/ROS2Folder/Event/install/trajectory_visualization/share/trajectory_visualization/hook/cmake_prefix_path.dsv'
[9.747s] INFO:colcon.colcon_core.shell:Creating environment hook '/home/ros2/ROS2Folder/Event/install/trajectory_visualization/share/trajectory_visualization/hook/cmake_prefix_path.sh'
[9.749s] Level 1:colcon.colcon_core.environment:checking '/home/ros2/ROS2Folder/Event/install/trajectory_visualization/lib'
[9.749s] Level 1:colcon.colcon_core.environment:checking '/home/ros2/ROS2Folder/Event/install/trajectory_visualization/bin'
[9.749s] Level 1:colcon.colcon_core.environment:checking '/home/ros2/ROS2Folder/Event/install/trajectory_visualization/lib/pkgconfig/trajectory_visualization.pc'
[9.750s] Level 1:colcon.colcon_core.environment:checking '/home/ros2/ROS2Folder/Event/install/trajectory_visualization/lib/python3.10/site-packages'
[9.750s] Level 1:colcon.colcon_core.environment:checking '/home/ros2/ROS2Folder/Event/install/trajectory_visualization/bin'
[9.751s] INFO:colcon.colcon_core.shell:Creating package script '/home/ros2/ROS2Folder/Event/install/trajectory_visualization/share/trajectory_visualization/package.ps1'
[9.752s] INFO:colcon.colcon_core.shell:Creating package descriptor '/home/ros2/ROS2Folder/Event/install/trajectory_visualization/share/trajectory_visualization/package.dsv'
[9.754s] INFO:colcon.colcon_core.shell:Creating package script '/home/ros2/ROS2Folder/Event/install/trajectory_visualization/share/trajectory_visualization/package.sh'
[9.755s] INFO:colcon.colcon_core.shell:Creating package script '/home/ros2/ROS2Folder/Event/install/trajectory_visualization/share/trajectory_visualization/package.bash'
[9.757s] INFO:colcon.colcon_core.shell:Creating package script '/home/ros2/ROS2Folder/Event/install/trajectory_visualization/share/trajectory_visualization/package.zsh'
[9.758s] Level 1:colcon.colcon_core.environment:create_file_with_runtime_dependencies(/home/ros2/ROS2Folder/Event/install/trajectory_visualization/share/colcon-core/packages/trajectory_visualization)
[9.759s] Level 1:colcon.colcon_core.environment:create_environment_scripts_only(trajectory_visualization)
[9.760s] Level 1:colcon.colcon_core.environment:checking '/home/ros2/ROS2Folder/Event/install/trajectory_visualization' for CMake module files
[9.761s] Level 1:colcon.colcon_core.environment:checking '/home/ros2/ROS2Folder/Event/install/trajectory_visualization' for CMake config files
[9.761s] Level 1:colcon.colcon_core.shell:create_environment_hook('trajectory_visualization', 'cmake_prefix_path')
[9.761s] INFO:colcon.colcon_core.shell:Creating environment hook '/home/ros2/ROS2Folder/Event/install/trajectory_visualization/share/trajectory_visualization/hook/cmake_prefix_path.ps1'
[9.762s] INFO:colcon.colcon_core.shell:Creating environment descriptor '/home/ros2/ROS2Folder/Event/install/trajectory_visualization/share/trajectory_visualization/hook/cmake_prefix_path.dsv'
[9.762s] INFO:colcon.colcon_core.shell:Creating environment hook '/home/ros2/ROS2Folder/Event/install/trajectory_visualization/share/trajectory_visualization/hook/cmake_prefix_path.sh'
[9.763s] Level 1:colcon.colcon_core.environment:checking '/home/ros2/ROS2Folder/Event/install/trajectory_visualization/lib'
[9.763s] Level 1:colcon.colcon_core.environment:checking '/home/ros2/ROS2Folder/Event/install/trajectory_visualization/bin'
[9.763s] Level 1:colcon.colcon_core.environment:checking '/home/ros2/ROS2Folder/Event/install/trajectory_visualization/lib/pkgconfig/trajectory_visualization.pc'
[9.763s] Level 1:colcon.colcon_core.environment:checking '/home/ros2/ROS2Folder/Event/install/trajectory_visualization/lib/python3.10/site-packages'
[9.764s] Level 1:colcon.colcon_core.environment:checking '/home/ros2/ROS2Folder/Event/install/trajectory_visualization/bin'
[9.764s] INFO:colcon.colcon_core.shell:Creating package script '/home/ros2/ROS2Folder/Event/install/trajectory_visualization/share/trajectory_visualization/package.ps1'
[9.765s] INFO:colcon.colcon_core.shell:Creating package descriptor '/home/ros2/ROS2Folder/Event/install/trajectory_visualization/share/trajectory_visualization/package.dsv'
[9.766s] INFO:colcon.colcon_core.shell:Creating package script '/home/ros2/ROS2Folder/Event/install/trajectory_visualization/share/trajectory_visualization/package.sh'
[9.767s] INFO:colcon.colcon_core.shell:Creating package script '/home/ros2/ROS2Folder/Event/install/trajectory_visualization/share/trajectory_visualization/package.bash'
[9.767s] INFO:colcon.colcon_core.shell:Creating package script '/home/ros2/ROS2Folder/Event/install/trajectory_visualization/share/trajectory_visualization/package.zsh'
[9.768s] Level 1:colcon.colcon_core.environment:create_file_with_runtime_dependencies(/home/ros2/ROS2Folder/Event/install/trajectory_visualization/share/colcon-core/packages/trajectory_visualization)
[9.769s] DEBUG:colcon.colcon_parallel_executor.executor.parallel:closing loop
[9.769s] DEBUG:colcon.colcon_parallel_executor.executor.parallel:loop closed
[9.769s] DEBUG:colcon.colcon_parallel_executor.executor.parallel:run_until_complete finished with '0'
[9.770s] DEBUG:colcon.colcon_core.event_reactor:joining thread
[9.781s] INFO:colcon.colcon_core.plugin_system:Skipping extension 'colcon_notification.desktop_notification.terminal_notifier': Not used on non-Darwin systems
[9.781s] INFO:colcon.colcon_core.plugin_system:Skipping extension 'colcon_notification.desktop_notification.win32': Not used on non-Windows systems
[9.781s] INFO:colcon.colcon_notification.desktop_notification:Sending desktop notification using 'notify2'
[9.795s] DEBUG:colcon.colcon_core.event_reactor:joined thread
[9.795s] INFO:colcon.colcon_core.shell:Creating prefix script '/home/ros2/ROS2Folder/Event/install/local_setup.ps1'
[9.797s] INFO:colcon.colcon_core.shell:Creating prefix util module '/home/ros2/ROS2Folder/Event/install/_local_setup_util_ps1.py'
[9.801s] INFO:colcon.colcon_core.shell:Creating prefix chain script '/home/ros2/ROS2Folder/Event/install/setup.ps1'
[9.804s] INFO:colcon.colcon_core.shell:Creating prefix script '/home/ros2/ROS2Folder/Event/install/local_setup.sh'
[9.807s] INFO:colcon.colcon_core.shell:Creating prefix util module '/home/ros2/ROS2Folder/Event/install/_local_setup_util_sh.py'
[9.808s] INFO:colcon.colcon_core.shell:Creating prefix chain script '/home/ros2/ROS2Folder/Event/install/setup.sh'
[9.810s] INFO:colcon.colcon_core.shell:Creating prefix script '/home/ros2/ROS2Folder/Event/install/local_setup.bash'
[9.811s] INFO:colcon.colcon_core.shell:Creating prefix chain script '/home/ros2/ROS2Folder/Event/install/setup.bash'
[9.814s] INFO:colcon.colcon_core.shell:Creating prefix script '/home/ros2/ROS2Folder/Event/install/local_setup.zsh'
[9.815s] INFO:colcon.colcon_core.shell:Creating prefix chain script '/home/ros2/ROS2Folder/Event/install/setup.zsh'
