[0.107s] DEBUG:colcon:Command line arguments: ['/usr/bin/colcon', 'build', '--symlink-install']
[0.108s] DEBUG:colcon:Parsed command line arguments: Namespace(log_base=None, log_level=None, verb_name='build', build_base='build', install_base='install', merge_install=False, symlink_install=True, test_result_base=None, continue_on_error=False, executor='parallel', parallel_workers=8, event_handlers=None, ignore_user_meta=False, metas=['./colcon.meta'], base_paths=['.'], packages_ignore=None, packages_ignore_regex=None, paths=None, packages_up_to=None, packages_up_to_regex=None, packages_above=None, packages_above_and_dependencies=None, packages_above_depth=None, packages_select_by_dep=None, packages_skip_by_dep=None, packages_skip_up_to=None, packages_select_build_failed=False, packages_skip_build_finished=False, packages_select_test_failures=False, packages_skip_test_passed=False, packages_select=None, packages_skip=None, packages_select_regex=None, packages_skip_regex=None, packages_start=None, packages_end=None, allow_overriding=[], cmake_args=None, cmake_target=None, cmake_target_skip_unavailable=False, cmake_clean_cache=False, cmake_clean_first=False, cmake_force_configure=False, ament_cmake_args=None, catkin_cmake_args=None, catkin_skip_building_tests=False, verb_parser=<colcon_defaults.argument_parser.defaults.DefaultArgumentsDecorator object at 0x72980812ad10>, verb_extension=<colcon_core.verb.build.BuildVerb object at 0x72980812a8c0>, main=<bound method BuildVerb.main of <colcon_core.verb.build.BuildVerb object at 0x72980812a8c0>>)
[0.270s] Level 1:colcon.colcon_core.package_discovery:discover_packages(colcon_meta) check parameters
[0.271s] Level 1:colcon.colcon_core.package_discovery:discover_packages(recursive) check parameters
[0.271s] Level 1:colcon.colcon_core.package_discovery:discover_packages(ignore) check parameters
[0.271s] Level 1:colcon.colcon_core.package_discovery:discover_packages(path) check parameters
[0.271s] Level 1:colcon.colcon_core.package_discovery:discover_packages(colcon_meta) discover
[0.271s] Level 1:colcon.colcon_core.package_discovery:discover_packages(recursive) discover
[0.271s] INFO:colcon.colcon_core.package_discovery:Crawling recursively for packages in '/home/ros/ROS2/IMU_ws'
[0.271s] Level 1:colcon.colcon_core.package_identification:_identify(.) by extensions ['ignore', 'ignore_ament_install']
[0.271s] Level 1:colcon.colcon_core.package_identification:_identify(.) by extension 'ignore'
[0.271s] Level 1:colcon.colcon_core.package_identification:_identify(.) by extension 'ignore_ament_install'
[0.271s] Level 1:colcon.colcon_core.package_identification:_identify(.) by extensions ['colcon_pkg']
[0.271s] Level 1:colcon.colcon_core.package_identification:_identify(.) by extension 'colcon_pkg'
[0.271s] Level 1:colcon.colcon_core.package_identification:_identify(.) by extensions ['colcon_meta']
[0.271s] Level 1:colcon.colcon_core.package_identification:_identify(.) by extension 'colcon_meta'
[0.271s] Level 1:colcon.colcon_core.package_identification:_identify(.) by extensions ['ros']
[0.271s] Level 1:colcon.colcon_core.package_identification:_identify(.) by extension 'ros'
[0.283s] Level 1:colcon.colcon_core.package_identification:_identify(.) by extensions ['cmake', 'python']
[0.283s] Level 1:colcon.colcon_core.package_identification:_identify(.) by extension 'cmake'
[0.283s] Level 1:colcon.colcon_core.package_identification:_identify(.) by extension 'python'
[0.283s] Level 1:colcon.colcon_core.package_identification:_identify(.) by extensions ['python_setup_py']
[0.283s] Level 1:colcon.colcon_core.package_identification:_identify(.) by extension 'python_setup_py'
[0.283s] Level 1:colcon.colcon_core.package_identification:_identify(build) by extensions ['ignore', 'ignore_ament_install']
[0.283s] Level 1:colcon.colcon_core.package_identification:_identify(build) by extension 'ignore'
[0.283s] Level 1:colcon.colcon_core.package_identification:_identify(build) ignored
[0.283s] Level 1:colcon.colcon_core.package_identification:_identify(install) by extensions ['ignore', 'ignore_ament_install']
[0.284s] Level 1:colcon.colcon_core.package_identification:_identify(install) by extension 'ignore'
[0.284s] Level 1:colcon.colcon_core.package_identification:_identify(install) ignored
[0.284s] Level 1:colcon.colcon_core.package_identification:_identify(log) by extensions ['ignore', 'ignore_ament_install']
[0.284s] Level 1:colcon.colcon_core.package_identification:_identify(log) by extension 'ignore'
[0.284s] Level 1:colcon.colcon_core.package_identification:_identify(log) ignored
[0.284s] Level 1:colcon.colcon_core.package_identification:_identify(src) by extensions ['ignore', 'ignore_ament_install']
[0.284s] Level 1:colcon.colcon_core.package_identification:_identify(src) by extension 'ignore'
[0.284s] Level 1:colcon.colcon_core.package_identification:_identify(src) by extension 'ignore_ament_install'
[0.284s] Level 1:colcon.colcon_core.package_identification:_identify(src) by extensions ['colcon_pkg']
[0.284s] Level 1:colcon.colcon_core.package_identification:_identify(src) by extension 'colcon_pkg'
[0.284s] Level 1:colcon.colcon_core.package_identification:_identify(src) by extensions ['colcon_meta']
[0.284s] Level 1:colcon.colcon_core.package_identification:_identify(src) by extension 'colcon_meta'
[0.284s] Level 1:colcon.colcon_core.package_identification:_identify(src) by extensions ['ros']
[0.284s] Level 1:colcon.colcon_core.package_identification:_identify(src) by extension 'ros'
[0.284s] Level 1:colcon.colcon_core.package_identification:_identify(src) by extensions ['cmake', 'python']
[0.285s] Level 1:colcon.colcon_core.package_identification:_identify(src) by extension 'cmake'
[0.285s] Level 1:colcon.colcon_core.package_identification:_identify(src) by extension 'python'
[0.285s] Level 1:colcon.colcon_core.package_identification:_identify(src) by extensions ['python_setup_py']
[0.285s] Level 1:colcon.colcon_core.package_identification:_identify(src) by extension 'python_setup_py'
[0.285s] Level 1:colcon.colcon_core.package_identification:_identify(src/IMU_pkg) by extensions ['ignore', 'ignore_ament_install']
[0.285s] Level 1:colcon.colcon_core.package_identification:_identify(src/IMU_pkg) by extension 'ignore'
[0.285s] Level 1:colcon.colcon_core.package_identification:_identify(src/IMU_pkg) by extension 'ignore_ament_install'
[0.285s] Level 1:colcon.colcon_core.package_identification:_identify(src/IMU_pkg) by extensions ['colcon_pkg']
[0.285s] Level 1:colcon.colcon_core.package_identification:_identify(src/IMU_pkg) by extension 'colcon_pkg'
[0.285s] Level 1:colcon.colcon_core.package_identification:_identify(src/IMU_pkg) by extensions ['colcon_meta']
[0.285s] Level 1:colcon.colcon_core.package_identification:_identify(src/IMU_pkg) by extension 'colcon_meta'
[0.285s] Level 1:colcon.colcon_core.package_identification:_identify(src/IMU_pkg) by extensions ['ros']
[0.285s] Level 1:colcon.colcon_core.package_identification:_identify(src/IMU_pkg) by extension 'ros'
[0.288s] DEBUG:colcon.colcon_core.package_identification:Package 'src/IMU_pkg' with type 'ros.ament_cmake' and name 'IMU_pkg'
[0.288s] Level 1:colcon.colcon_core.package_identification:_identify(topic_ws) by extensions ['ignore', 'ignore_ament_install']
[0.288s] Level 1:colcon.colcon_core.package_identification:_identify(topic_ws) by extension 'ignore'
[0.288s] Level 1:colcon.colcon_core.package_identification:_identify(topic_ws) by extension 'ignore_ament_install'
[0.288s] Level 1:colcon.colcon_core.package_identification:_identify(topic_ws) by extensions ['colcon_pkg']
[0.288s] Level 1:colcon.colcon_core.package_identification:_identify(topic_ws) by extension 'colcon_pkg'
[0.288s] Level 1:colcon.colcon_core.package_identification:_identify(topic_ws) by extensions ['colcon_meta']
[0.288s] Level 1:colcon.colcon_core.package_identification:_identify(topic_ws) by extension 'colcon_meta'
[0.288s] Level 1:colcon.colcon_core.package_identification:_identify(topic_ws) by extensions ['ros']
[0.288s] Level 1:colcon.colcon_core.package_identification:_identify(topic_ws) by extension 'ros'
[0.288s] Level 1:colcon.colcon_core.package_identification:_identify(topic_ws) by extensions ['cmake', 'python']
[0.288s] Level 1:colcon.colcon_core.package_identification:_identify(topic_ws) by extension 'cmake'
[0.288s] Level 1:colcon.colcon_core.package_identification:_identify(topic_ws) by extension 'python'
[0.288s] Level 1:colcon.colcon_core.package_identification:_identify(topic_ws) by extensions ['python_setup_py']
[0.289s] Level 1:colcon.colcon_core.package_identification:_identify(topic_ws) by extension 'python_setup_py'
[0.289s] Level 1:colcon.colcon_core.package_identification:_identify(topic_ws/build) by extensions ['ignore', 'ignore_ament_install']
[0.289s] Level 1:colcon.colcon_core.package_identification:_identify(topic_ws/build) by extension 'ignore'
[0.289s] Level 1:colcon.colcon_core.package_identification:_identify(topic_ws/build) ignored
[0.289s] Level 1:colcon.colcon_core.package_identification:_identify(topic_ws/install) by extensions ['ignore', 'ignore_ament_install']
[0.289s] Level 1:colcon.colcon_core.package_identification:_identify(topic_ws/install) by extension 'ignore'
[0.289s] Level 1:colcon.colcon_core.package_identification:_identify(topic_ws/install) ignored
[0.289s] Level 1:colcon.colcon_core.package_identification:_identify(topic_ws/log) by extensions ['ignore', 'ignore_ament_install']
[0.289s] Level 1:colcon.colcon_core.package_identification:_identify(topic_ws/log) by extension 'ignore'
[0.289s] Level 1:colcon.colcon_core.package_identification:_identify(topic_ws/log) ignored
[0.289s] Level 1:colcon.colcon_core.package_identification:_identify(topic_ws/src) by extensions ['ignore', 'ignore_ament_install']
[0.289s] Level 1:colcon.colcon_core.package_identification:_identify(topic_ws/src) by extension 'ignore'
[0.289s] Level 1:colcon.colcon_core.package_identification:_identify(topic_ws/src) by extension 'ignore_ament_install'
[0.289s] Level 1:colcon.colcon_core.package_identification:_identify(topic_ws/src) by extensions ['colcon_pkg']
[0.289s] Level 1:colcon.colcon_core.package_identification:_identify(topic_ws/src) by extension 'colcon_pkg'
[0.289s] Level 1:colcon.colcon_core.package_identification:_identify(topic_ws/src) by extensions ['colcon_meta']
[0.289s] Level 1:colcon.colcon_core.package_identification:_identify(topic_ws/src) by extension 'colcon_meta'
[0.289s] Level 1:colcon.colcon_core.package_identification:_identify(topic_ws/src) by extensions ['ros']
[0.289s] Level 1:colcon.colcon_core.package_identification:_identify(topic_ws/src) by extension 'ros'
[0.290s] Level 1:colcon.colcon_core.package_identification:_identify(topic_ws/src) by extensions ['cmake', 'python']
[0.290s] Level 1:colcon.colcon_core.package_identification:_identify(topic_ws/src) by extension 'cmake'
[0.290s] Level 1:colcon.colcon_core.package_identification:_identify(topic_ws/src) by extension 'python'
[0.290s] Level 1:colcon.colcon_core.package_identification:_identify(topic_ws/src) by extensions ['python_setup_py']
[0.290s] Level 1:colcon.colcon_core.package_identification:_identify(topic_ws/src) by extension 'python_setup_py'
[0.290s] Level 1:colcon.colcon_core.package_identification:_identify(topic_ws/src/topic_cpp) by extensions ['ignore', 'ignore_ament_install']
[0.290s] Level 1:colcon.colcon_core.package_identification:_identify(topic_ws/src/topic_cpp) by extension 'ignore'
[0.290s] Level 1:colcon.colcon_core.package_identification:_identify(topic_ws/src/topic_cpp) by extension 'ignore_ament_install'
[0.290s] Level 1:colcon.colcon_core.package_identification:_identify(topic_ws/src/topic_cpp) by extensions ['colcon_pkg']
[0.290s] Level 1:colcon.colcon_core.package_identification:_identify(topic_ws/src/topic_cpp) by extension 'colcon_pkg'
[0.290s] Level 1:colcon.colcon_core.package_identification:_identify(topic_ws/src/topic_cpp) by extensions ['colcon_meta']
[0.290s] Level 1:colcon.colcon_core.package_identification:_identify(topic_ws/src/topic_cpp) by extension 'colcon_meta'
[0.290s] Level 1:colcon.colcon_core.package_identification:_identify(topic_ws/src/topic_cpp) by extensions ['ros']
[0.290s] Level 1:colcon.colcon_core.package_identification:_identify(topic_ws/src/topic_cpp) by extension 'ros'
[0.291s] DEBUG:colcon.colcon_core.package_identification:Package 'topic_ws/src/topic_cpp' with type 'ros.ament_cmake' and name 'topic_cpp'
[0.291s] Level 1:colcon.colcon_core.package_discovery:discover_packages(recursive) using defaults
[0.291s] Level 1:colcon.colcon_core.package_discovery:discover_packages(ignore) discover
[0.291s] Level 1:colcon.colcon_core.package_discovery:discover_packages(ignore) using defaults
[0.291s] Level 1:colcon.colcon_core.package_discovery:discover_packages(path) discover
[0.291s] Level 1:colcon.colcon_core.package_discovery:discover_packages(path) using defaults
[0.313s] Level 1:colcon.colcon_core.package_discovery:discover_packages(prefix_path) check parameters
[0.313s] Level 1:colcon.colcon_core.package_discovery:discover_packages(prefix_path) discover
[0.316s] DEBUG:colcon.colcon_installed_package_information.package_discovery:Found 275 installed packages in /opt/ros/humble
[0.319s] Level 1:colcon.colcon_core.package_discovery:discover_packages(prefix_path) using defaults
[0.380s] Level 5:colcon.colcon_core.verb:set package 'IMU_pkg' build argument 'cmake_args' from command line to 'None'
[0.380s] Level 5:colcon.colcon_core.verb:set package 'IMU_pkg' build argument 'cmake_target' from command line to 'None'
[0.380s] Level 5:colcon.colcon_core.verb:set package 'IMU_pkg' build argument 'cmake_target_skip_unavailable' from command line to 'False'
[0.380s] Level 5:colcon.colcon_core.verb:set package 'IMU_pkg' build argument 'cmake_clean_cache' from command line to 'False'
[0.380s] Level 5:colcon.colcon_core.verb:set package 'IMU_pkg' build argument 'cmake_clean_first' from command line to 'False'
[0.380s] Level 5:colcon.colcon_core.verb:set package 'IMU_pkg' build argument 'cmake_force_configure' from command line to 'False'
[0.380s] Level 5:colcon.colcon_core.verb:set package 'IMU_pkg' build argument 'ament_cmake_args' from command line to 'None'
[0.380s] Level 5:colcon.colcon_core.verb:set package 'IMU_pkg' build argument 'catkin_cmake_args' from command line to 'None'
[0.380s] Level 5:colcon.colcon_core.verb:set package 'IMU_pkg' build argument 'catkin_skip_building_tests' from command line to 'False'
[0.381s] DEBUG:colcon.colcon_core.verb:Building package 'IMU_pkg' with the following arguments: {'ament_cmake_args': None, 'build_base': '/home/ros/ROS2/IMU_ws/build/IMU_pkg', 'catkin_cmake_args': None, 'catkin_skip_building_tests': False, 'cmake_args': None, 'cmake_clean_cache': False, 'cmake_clean_first': False, 'cmake_force_configure': False, 'cmake_target': None, 'cmake_target_skip_unavailable': False, 'install_base': '/home/ros/ROS2/IMU_ws/install/IMU_pkg', 'merge_install': False, 'path': '/home/ros/ROS2/IMU_ws/src/IMU_pkg', 'symlink_install': True, 'test_result_base': None}
[0.381s] Level 5:colcon.colcon_core.verb:set package 'topic_cpp' build argument 'cmake_args' from command line to 'None'
[0.381s] Level 5:colcon.colcon_core.verb:set package 'topic_cpp' build argument 'cmake_target' from command line to 'None'
[0.381s] Level 5:colcon.colcon_core.verb:set package 'topic_cpp' build argument 'cmake_target_skip_unavailable' from command line to 'False'
[0.381s] Level 5:colcon.colcon_core.verb:set package 'topic_cpp' build argument 'cmake_clean_cache' from command line to 'False'
[0.381s] Level 5:colcon.colcon_core.verb:set package 'topic_cpp' build argument 'cmake_clean_first' from command line to 'False'
[0.381s] Level 5:colcon.colcon_core.verb:set package 'topic_cpp' build argument 'cmake_force_configure' from command line to 'False'
[0.381s] Level 5:colcon.colcon_core.verb:set package 'topic_cpp' build argument 'ament_cmake_args' from command line to 'None'
[0.381s] Level 5:colcon.colcon_core.verb:set package 'topic_cpp' build argument 'catkin_cmake_args' from command line to 'None'
[0.381s] Level 5:colcon.colcon_core.verb:set package 'topic_cpp' build argument 'catkin_skip_building_tests' from command line to 'False'
[0.381s] DEBUG:colcon.colcon_core.verb:Building package 'topic_cpp' with the following arguments: {'ament_cmake_args': None, 'build_base': '/home/ros/ROS2/IMU_ws/build/topic_cpp', 'catkin_cmake_args': None, 'catkin_skip_building_tests': False, 'cmake_args': None, 'cmake_clean_cache': False, 'cmake_clean_first': False, 'cmake_force_configure': False, 'cmake_target': None, 'cmake_target_skip_unavailable': False, 'install_base': '/home/ros/ROS2/IMU_ws/install/topic_cpp', 'merge_install': False, 'path': '/home/ros/ROS2/IMU_ws/topic_ws/src/topic_cpp', 'symlink_install': True, 'test_result_base': None}
[0.381s] INFO:colcon.colcon_core.executor:Executing jobs using 'parallel' executor
[0.383s] DEBUG:colcon.colcon_parallel_executor.executor.parallel:run_until_complete
[0.383s] INFO:colcon.colcon_ros.task.ament_cmake.build:Building ROS package in '/home/ros/ROS2/IMU_ws/src/IMU_pkg' with build type 'ament_cmake'
[0.383s] INFO:colcon.colcon_cmake.task.cmake.build:Building CMake package in '/home/ros/ROS2/IMU_ws/src/IMU_pkg'
[0.386s] INFO:colcon.colcon_core.plugin_system:Skipping extension 'colcon_core.shell.bat': Not used on non-Windows systems
[0.386s] INFO:colcon.colcon_core.shell:Skip shell extension 'powershell' for command environment: Not usable outside of PowerShell
[0.386s] DEBUG:colcon.colcon_core.shell:Skip shell extension 'dsv' for command environment
[0.390s] INFO:colcon.colcon_ros.task.ament_cmake.build:Building ROS package in '/home/ros/ROS2/IMU_ws/topic_ws/src/topic_cpp' with build type 'ament_cmake'
[0.390s] INFO:colcon.colcon_cmake.task.cmake.build:Building CMake package in '/home/ros/ROS2/IMU_ws/topic_ws/src/topic_cpp'
[0.390s] INFO:colcon.colcon_core.shell:Skip shell extension 'powershell' for command environment: Not usable outside of PowerShell
[0.390s] DEBUG:colcon.colcon_core.shell:Skip shell extension 'dsv' for command environment
[0.401s] DEBUG:colcon.colcon_core.event_handler.log_command:Invoking command in '/home/ros/ROS2/IMU_ws/build/IMU_pkg': CMAKE_PREFIX_PATH=/opt/ros/humble /usr/bin/cmake --build /home/ros/ROS2/IMU_ws/build/IMU_pkg -- -j8 -l8
[0.405s] DEBUG:colcon.colcon_core.event_handler.log_command:Invoking command in '/home/ros/ROS2/IMU_ws/build/topic_cpp': CMAKE_PREFIX_PATH=/opt/ros/humble /usr/bin/cmake --build /home/ros/ROS2/IMU_ws/build/topic_cpp -- -j8 -l8
[0.474s] DEBUG:colcon.colcon_core.event_handler.log_command:Invoked command in '/home/ros/ROS2/IMU_ws/build/topic_cpp' returned '0': CMAKE_PREFIX_PATH=/opt/ros/humble /usr/bin/cmake --build /home/ros/ROS2/IMU_ws/build/topic_cpp -- -j8 -l8
[0.485s] DEBUG:colcon.colcon_core.event_handler.log_command:Invoking command in '/home/ros/ROS2/IMU_ws/build/topic_cpp': CMAKE_PREFIX_PATH=/opt/ros/humble /usr/bin/cmake --install /home/ros/ROS2/IMU_ws/build/topic_cpp
[0.510s] Level 1:colcon.colcon_core.environment:create_environment_scripts_only(topic_cpp)
[0.510s] DEBUG:colcon.colcon_core.event_handler.log_command:Invoked command in '/home/ros/ROS2/IMU_ws/build/topic_cpp' returned '0': CMAKE_PREFIX_PATH=/opt/ros/humble /usr/bin/cmake --install /home/ros/ROS2/IMU_ws/build/topic_cpp
[0.512s] Level 1:colcon.colcon_core.environment:checking '/home/ros/ROS2/IMU_ws/install/topic_cpp' for CMake module files
[0.513s] Level 1:colcon.colcon_core.environment:checking '/home/ros/ROS2/IMU_ws/install/topic_cpp' for CMake config files
[0.513s] Level 1:colcon.colcon_core.shell:create_environment_hook('topic_cpp', 'cmake_prefix_path')
[0.513s] INFO:colcon.colcon_core.shell:Creating environment hook '/home/ros/ROS2/IMU_ws/install/topic_cpp/share/topic_cpp/hook/cmake_prefix_path.ps1'
[0.514s] INFO:colcon.colcon_core.shell:Creating environment descriptor '/home/ros/ROS2/IMU_ws/install/topic_cpp/share/topic_cpp/hook/cmake_prefix_path.dsv'
[0.515s] INFO:colcon.colcon_core.shell:Creating environment hook '/home/ros/ROS2/IMU_ws/install/topic_cpp/share/topic_cpp/hook/cmake_prefix_path.sh'
[0.516s] Level 1:colcon.colcon_core.environment:checking '/home/ros/ROS2/IMU_ws/install/topic_cpp/lib'
[0.516s] Level 1:colcon.colcon_core.environment:checking '/home/ros/ROS2/IMU_ws/install/topic_cpp/bin'
[0.516s] Level 1:colcon.colcon_core.environment:checking '/home/ros/ROS2/IMU_ws/install/topic_cpp/lib/pkgconfig/topic_cpp.pc'
[0.516s] Level 1:colcon.colcon_core.environment:checking '/home/ros/ROS2/IMU_ws/install/topic_cpp/lib/python3.10/site-packages'
[0.517s] Level 1:colcon.colcon_core.environment:checking '/home/ros/ROS2/IMU_ws/install/topic_cpp/bin'
[0.517s] INFO:colcon.colcon_core.shell:Creating package script '/home/ros/ROS2/IMU_ws/install/topic_cpp/share/topic_cpp/package.ps1'
[0.519s] INFO:colcon.colcon_core.shell:Creating package descriptor '/home/ros/ROS2/IMU_ws/install/topic_cpp/share/topic_cpp/package.dsv'
[0.519s] INFO:colcon.colcon_core.shell:Creating package script '/home/ros/ROS2/IMU_ws/install/topic_cpp/share/topic_cpp/package.sh'
[0.520s] INFO:colcon.colcon_core.shell:Creating package script '/home/ros/ROS2/IMU_ws/install/topic_cpp/share/topic_cpp/package.bash'
[0.521s] INFO:colcon.colcon_core.shell:Creating package script '/home/ros/ROS2/IMU_ws/install/topic_cpp/share/topic_cpp/package.zsh'
[0.522s] Level 1:colcon.colcon_core.environment:create_file_with_runtime_dependencies(/home/ros/ROS2/IMU_ws/install/topic_cpp/share/colcon-core/packages/topic_cpp)
[0.523s] Level 1:colcon.colcon_core.environment:create_environment_scripts_only(topic_cpp)
[0.523s] Level 1:colcon.colcon_core.environment:checking '/home/ros/ROS2/IMU_ws/install/topic_cpp' for CMake module files
[0.523s] Level 1:colcon.colcon_core.environment:checking '/home/ros/ROS2/IMU_ws/install/topic_cpp' for CMake config files
[0.524s] Level 1:colcon.colcon_core.shell:create_environment_hook('topic_cpp', 'cmake_prefix_path')
[0.524s] INFO:colcon.colcon_core.shell:Creating environment hook '/home/ros/ROS2/IMU_ws/install/topic_cpp/share/topic_cpp/hook/cmake_prefix_path.ps1'
[0.524s] INFO:colcon.colcon_core.shell:Creating environment descriptor '/home/ros/ROS2/IMU_ws/install/topic_cpp/share/topic_cpp/hook/cmake_prefix_path.dsv'
[0.525s] INFO:colcon.colcon_core.shell:Creating environment hook '/home/ros/ROS2/IMU_ws/install/topic_cpp/share/topic_cpp/hook/cmake_prefix_path.sh'
[0.525s] Level 1:colcon.colcon_core.environment:checking '/home/ros/ROS2/IMU_ws/install/topic_cpp/lib'
[0.526s] Level 1:colcon.colcon_core.environment:checking '/home/ros/ROS2/IMU_ws/install/topic_cpp/bin'
[0.526s] Level 1:colcon.colcon_core.environment:checking '/home/ros/ROS2/IMU_ws/install/topic_cpp/lib/pkgconfig/topic_cpp.pc'
[0.526s] Level 1:colcon.colcon_core.environment:checking '/home/ros/ROS2/IMU_ws/install/topic_cpp/lib/python3.10/site-packages'
[0.526s] Level 1:colcon.colcon_core.environment:checking '/home/ros/ROS2/IMU_ws/install/topic_cpp/bin'
[0.527s] INFO:colcon.colcon_core.shell:Creating package script '/home/ros/ROS2/IMU_ws/install/topic_cpp/share/topic_cpp/package.ps1'
[0.527s] INFO:colcon.colcon_core.shell:Creating package descriptor '/home/ros/ROS2/IMU_ws/install/topic_cpp/share/topic_cpp/package.dsv'
[0.528s] INFO:colcon.colcon_core.shell:Creating package script '/home/ros/ROS2/IMU_ws/install/topic_cpp/share/topic_cpp/package.sh'
[0.528s] INFO:colcon.colcon_core.shell:Creating package script '/home/ros/ROS2/IMU_ws/install/topic_cpp/share/topic_cpp/package.bash'
[0.528s] INFO:colcon.colcon_core.shell:Creating package script '/home/ros/ROS2/IMU_ws/install/topic_cpp/share/topic_cpp/package.zsh'
[0.529s] Level 1:colcon.colcon_core.environment:create_file_with_runtime_dependencies(/home/ros/ROS2/IMU_ws/install/topic_cpp/share/colcon-core/packages/topic_cpp)
[5.383s] DEBUG:colcon.colcon_core.event_handler.log_command:Invoked command in '/home/ros/ROS2/IMU_ws/build/IMU_pkg' returned '2': CMAKE_PREFIX_PATH=/opt/ros/humble /usr/bin/cmake --build /home/ros/ROS2/IMU_ws/build/IMU_pkg -- -j8 -l8
[5.384s] Level 1:colcon.colcon_core.environment:create_environment_scripts_only(IMU_pkg)
[5.384s] Level 1:colcon.colcon_core.environment:checking '/home/ros/ROS2/IMU_ws/install/IMU_pkg' for CMake module files
[5.385s] Level 1:colcon.colcon_core.environment:checking '/home/ros/ROS2/IMU_ws/install/IMU_pkg' for CMake config files
[5.385s] Level 1:colcon.colcon_core.shell:create_environment_hook('IMU_pkg', 'cmake_prefix_path')
[5.385s] INFO:colcon.colcon_core.shell:Creating environment hook '/home/ros/ROS2/IMU_ws/install/IMU_pkg/share/IMU_pkg/hook/cmake_prefix_path.ps1'
[5.385s] INFO:colcon.colcon_core.shell:Creating environment descriptor '/home/ros/ROS2/IMU_ws/install/IMU_pkg/share/IMU_pkg/hook/cmake_prefix_path.dsv'
[5.386s] INFO:colcon.colcon_core.shell:Creating environment hook '/home/ros/ROS2/IMU_ws/install/IMU_pkg/share/IMU_pkg/hook/cmake_prefix_path.sh'
[5.386s] Level 1:colcon.colcon_core.environment:checking '/home/ros/ROS2/IMU_ws/install/IMU_pkg/lib'
[5.387s] Level 1:colcon.colcon_core.environment:checking '/home/ros/ROS2/IMU_ws/install/IMU_pkg/bin'
[5.387s] Level 1:colcon.colcon_core.environment:checking '/home/ros/ROS2/IMU_ws/install/IMU_pkg/lib/pkgconfig/IMU_pkg.pc'
[5.387s] Level 1:colcon.colcon_core.environment:checking '/home/ros/ROS2/IMU_ws/install/IMU_pkg/lib/python3.10/site-packages'
[5.387s] Level 1:colcon.colcon_core.environment:checking '/home/ros/ROS2/IMU_ws/install/IMU_pkg/bin'
[5.387s] INFO:colcon.colcon_core.shell:Creating package script '/home/ros/ROS2/IMU_ws/install/IMU_pkg/share/IMU_pkg/package.ps1'
[5.388s] INFO:colcon.colcon_core.shell:Creating package descriptor '/home/ros/ROS2/IMU_ws/install/IMU_pkg/share/IMU_pkg/package.dsv'
[5.388s] INFO:colcon.colcon_core.shell:Creating package script '/home/ros/ROS2/IMU_ws/install/IMU_pkg/share/IMU_pkg/package.sh'
[5.389s] INFO:colcon.colcon_core.shell:Creating package script '/home/ros/ROS2/IMU_ws/install/IMU_pkg/share/IMU_pkg/package.bash'
[5.389s] INFO:colcon.colcon_core.shell:Creating package script '/home/ros/ROS2/IMU_ws/install/IMU_pkg/share/IMU_pkg/package.zsh'
[5.390s] Level 1:colcon.colcon_core.environment:create_file_with_runtime_dependencies(/home/ros/ROS2/IMU_ws/install/IMU_pkg/share/colcon-core/packages/IMU_pkg)
[5.400s] DEBUG:colcon.colcon_parallel_executor.executor.parallel:closing loop
[5.401s] DEBUG:colcon.colcon_parallel_executor.executor.parallel:loop closed
[5.401s] DEBUG:colcon.colcon_parallel_executor.executor.parallel:run_until_complete finished with '2'
[5.401s] DEBUG:colcon.colcon_core.event_reactor:joining thread
[5.406s] INFO:colcon.colcon_core.plugin_system:Skipping extension 'colcon_notification.desktop_notification.terminal_notifier': Not used on non-Darwin systems
[5.406s] INFO:colcon.colcon_core.plugin_system:Skipping extension 'colcon_notification.desktop_notification.win32': Not used on non-Windows systems
[5.406s] INFO:colcon.colcon_notification.desktop_notification:Sending desktop notification using 'notify2'
[5.420s] DEBUG:colcon.colcon_core.event_reactor:joined thread
[5.421s] INFO:colcon.colcon_core.shell:Creating prefix script '/home/ros/ROS2/IMU_ws/install/local_setup.ps1'
[5.422s] INFO:colcon.colcon_core.shell:Creating prefix util module '/home/ros/ROS2/IMU_ws/install/_local_setup_util_ps1.py'
[5.425s] INFO:colcon.colcon_core.shell:Creating prefix chain script '/home/ros/ROS2/IMU_ws/install/setup.ps1'
[5.427s] INFO:colcon.colcon_core.shell:Creating prefix script '/home/ros/ROS2/IMU_ws/install/local_setup.sh'
[5.428s] INFO:colcon.colcon_core.shell:Creating prefix util module '/home/ros/ROS2/IMU_ws/install/_local_setup_util_sh.py'
[5.429s] INFO:colcon.colcon_core.shell:Creating prefix chain script '/home/ros/ROS2/IMU_ws/install/setup.sh'
[5.431s] INFO:colcon.colcon_core.shell:Creating prefix script '/home/ros/ROS2/IMU_ws/install/local_setup.bash'
[5.432s] INFO:colcon.colcon_core.shell:Creating prefix chain script '/home/ros/ROS2/IMU_ws/install/setup.bash'
[5.434s] INFO:colcon.colcon_core.shell:Creating prefix script '/home/ros/ROS2/IMU_ws/install/local_setup.zsh'
[5.435s] INFO:colcon.colcon_core.shell:Creating prefix chain script '/home/ros/ROS2/IMU_ws/install/setup.zsh'
