[0.017s] Invoking command in '/home/ros/ROS2/IMU_ws/build/IMU_pkg': CMAKE_PREFIX_PATH=/opt/ros/humble /usr/bin/cmake --build /home/ros/ROS2/IMU_ws/build/IMU_pkg -- -j8 -l8
[0.042s] -- Found ament_cmake: 1.3.11 (/opt/ros/humble/share/ament_cmake/cmake)
[0.163s] -- Override CMake install command with custom implementation using symlinks instead of copying resources
[0.170s] -- Found rclcpp: 16.0.12 (/opt/ros/humble/share/rclcpp/cmake)
[0.200s] -- Found rosidl_generator_c: 3.1.6 (/opt/ros/humble/share/rosidl_generator_c/cmake)
[0.202s] -- Found rosidl_adapter: 3.1.6 (/opt/ros/humble/share/rosidl_adapter/cmake)
[0.209s] -- Found rosidl_generator_cpp: 3.1.6 (/opt/ros/humble/share/rosidl_generator_cpp/cmake)
[0.219s] -- Using all available rosidl_typesupport_c: rosidl_typesupport_fastrtps_c;rosidl_typesupport_introspection_c
[0.232s] -- Using all available rosidl_typesupport_cpp: rosidl_typesupport_fastrtps_cpp;rosidl_typesupport_introspection_cpp
[0.269s] -- Found rmw_implementation_cmake: 6.1.2 (/opt/ros/humble/share/rmw_implementation_cmake/cmake)
[0.270s] -- Found rmw_fastrtps_cpp: 6.2.7 (/opt/ros/humble/share/rmw_fastrtps_cpp/cmake)
[0.374s] -- Using RMW implementation 'rmw_fastrtps_cpp' as default
[0.436s] -- Found sensor_msgs: 4.8.0 (/opt/ros/humble/share/sensor_msgs/cmake)
[0.474s] -- Found tf2_ros: 0.25.12 (/opt/ros/humble/share/tf2_ros/cmake)
[0.581s] -- Found serial_driver: 1.2.0 (/opt/ros/humble/share/serial_driver/cmake)
[0.612s] [31mCMake Error at /opt/ros/humble/share/io_context/cmake/io_context-extras.cmake:17 (find_package):
[0.612s]   By not providing "Findasio_cmake_module.cmake" in CMAKE_MODULE_PATH this
[0.612s]   project has asked CMake to find a package configuration file provided by
[0.613s]   "asio_cmake_module", but CMake did not find one.
[0.613s] 
[0.613s]   Could not find a package configuration file provided by "asio_cmake_module"
[0.613s]   with any of the following names:
[0.613s] 
[0.613s]     asio_cmake_moduleConfig.cmake
[0.613s]     asio_cmake_module-config.cmake
[0.613s] 
[0.613s]   Add the installation prefix of "asio_cmake_module" to CMAKE_PREFIX_PATH or
[0.613s]   set "asio_cmake_module_DIR" to a directory containing one of the above
[0.613s]   files.  If "asio_cmake_module" provides a separate development package or
[0.613s]   SDK, be sure it has been installed.
[0.613s] Call Stack (most recent call first):
[0.613s]   /opt/ros/humble/share/io_context/cmake/io_contextConfig.cmake:41 (include)
[0.613s]   /opt/ros/humble/share/serial_driver/cmake/ament_cmake_export_dependencies-extras.cmake:21 (find_package)
[0.614s]   /opt/ros/humble/share/serial_driver/cmake/serial_driverConfig.cmake:41 (include)
[0.614s]   CMakeLists.txt:23 (find_package)
[0.614s] 
[0.614s] [0m
[0.614s] -- Configuring incomplete, errors occurred!
[0.614s] See also "/home/ros/ROS2/IMU_ws/build/IMU_pkg/CMakeFiles/CMakeOutput.log".
[0.622s] gmake: *** [Makefile:267: cmake_check_build_system] Error 1
[0.624s] Invoked command in '/home/ros/ROS2/IMU_ws/build/IMU_pkg' returned '2': CMAKE_PREFIX_PATH=/opt/ros/humble /usr/bin/cmake --build /home/ros/ROS2/IMU_ws/build/IMU_pkg -- -j8 -l8
