[0.018s] Invoking command in '/home/ros/ROS2/IMU_ws/build/IMU_pkg': CMAKE_PREFIX_PATH=/opt/ros/humble /usr/bin/cmake --build /home/ros/ROS2/IMU_ws/build/IMU_pkg -- -j8 -l8
[0.054s] -- Found ament_cmake: 1.3.11 (/opt/ros/humble/share/ament_cmake/cmake)
[0.183s] -- Override CMake install command with custom implementation using symlinks instead of copying resources
[0.191s] -- Found rclcpp: 16.0.12 (/opt/ros/humble/share/rclcpp/cmake)
[0.224s] -- Found rosidl_generator_c: 3.1.6 (/opt/ros/humble/share/rosidl_generator_c/cmake)
[0.227s] -- Found rosidl_adapter: 3.1.6 (/opt/ros/humble/share/rosidl_adapter/cmake)
[0.234s] -- Found rosidl_generator_cpp: 3.1.6 (/opt/ros/humble/share/rosidl_generator_cpp/cmake)
[0.245s] -- Using all available rosidl_typesupport_c: rosidl_typesupport_fastrtps_c;rosidl_typesupport_introspection_c
[0.260s] -- Using all available rosidl_typesupport_cpp: rosidl_typesupport_fastrtps_cpp;rosidl_typesupport_introspection_cpp
[0.301s] -- Found rmw_implementation_cmake: 6.1.2 (/opt/ros/humble/share/rmw_implementation_cmake/cmake)
[0.303s] -- Found rmw_fastrtps_cpp: 6.2.7 (/opt/ros/humble/share/rmw_fastrtps_cpp/cmake)
[0.421s] -- Using RMW implementation 'rmw_fastrtps_cpp' as default
[0.563s] WARNING: Package name "IMU_pkg" does not follow the naming conventions. It should start with a lower case letter and only contain lower case letters, digits, underscores, and dashes.
[0.582s] -- Configuring done
[0.595s] -- Generating done
[0.600s] -- Build files have been written to: /home/ros/ROS2/IMU_ws/build/IMU_pkg
[0.635s] [35m[1mConsolidate compiler generated dependencies of target IMU_node[0m
[0.650s] [ 50%] [32mBuilding CXX object CMakeFiles/IMU_node.dir/src/IMU_node.cpp.o[0m
[0.663s] [01m[K/home/ros/ROS2/IMU_ws/src/IMU_pkg/src/IMU_node.cpp:1:10:[m[K [01;31m[Kfatal error: [m[Krclcpp/IMU_node.hpp: No such file or directory
[0.663s]     1 | #include [01;31m[K"rclcpp/IMU_node.hpp"[m[K
[0.663s]       |          [01;31m[K^~~~~~~~~~~~~~~~~~~~~[m[K
[0.663s] compilation terminated.
[0.664s] gmake[2]: *** [CMakeFiles/IMU_node.dir/build.make:76: CMakeFiles/IMU_node.dir/src/IMU_node.cpp.o] Error 1
[0.664s] gmake[1]: *** [CMakeFiles/Makefile2:137: CMakeFiles/IMU_node.dir/all] Error 2
[0.664s] gmake: *** [Makefile:146: all] Error 2
[0.668s] Invoked command in '/home/ros/ROS2/IMU_ws/build/IMU_pkg' returned '2': CMAKE_PREFIX_PATH=/opt/ros/humble /usr/bin/cmake --build /home/ros/ROS2/IMU_ws/build/IMU_pkg -- -j8 -l8
