-- The C compiler identification is GNU 11.4.0
-- The CXX compiler identification is GNU 11.4.0
-- Detecting C compiler ABI info
-- Detecting C compiler ABI info - done
-- Check for working C compiler: /usr/bin/cc - skipped
-- Detecting C compile features
-- Detecting C compile features - done
-- Detecting CXX compiler ABI info
-- Detecting CXX compiler ABI info - done
-- Check for working CXX compiler: /usr/bin/c++ - skipped
-- Detecting CXX compile features
-- Detecting CXX compile features - done
-- Found ament_cmake: 1.3.11 (/opt/ros/humble/share/ament_cmake/cmake)
-- Found Python3: /usr/bin/python3 (found version "3.10.12") found components: Interpreter 
-- Found rclcpp: 16.0.12 (/opt/ros/humble/share/rclcpp/cmake)
-- Found rosidl_generator_c: 3.1.6 (/opt/ros/humble/share/rosidl_generator_c/cmake)
-- Found rosidl_adapter: 3.1.6 (/opt/ros/humble/share/rosidl_adapter/cmake)
-- Found rosidl_generator_cpp: 3.1.6 (/opt/ros/humble/share/rosidl_generator_cpp/cmake)
-- Using all available rosidl_typesupport_c: rosidl_typesupport_fastrtps_c;rosidl_typesupport_introspection_c
-- Using all available rosidl_typesupport_cpp: rosidl_typesupport_fastrtps_cpp;rosidl_typesupport_introspection_cpp
-- Found rmw_implementation_cmake: 6.1.2 (/opt/ros/humble/share/rmw_implementation_cmake/cmake)
-- Found rmw_fastrtps_cpp: 6.2.7 (/opt/ros/humble/share/rmw_fastrtps_cpp/cmake)
-- Found OpenSSL: /usr/lib/x86_64-linux-gnu/libcrypto.so (found version "3.0.2")  
-- Found FastRTPS: /opt/ros/humble/include  
-- Using RMW implementation 'rmw_fastrtps_cpp' as default
-- Looking for pthread.h
-- Looking for pthread.h - found
-- Performing Test CMAKE_HAVE_LIBC_PTHREAD
-- Performing Test CMAKE_HAVE_LIBC_PTHREAD - Success
-- Found Threads: TRUE  
-- Found rosidl_default_generators: 1.2.0 (/opt/ros/humble/share/rosidl_default_generators/cmake)
-- Found ament_cmake_ros: 0.10.0 (/opt/ros/humble/share/ament_cmake_ros/cmake)
-- Using all available rosidl_typesupport_c: rosidl_typesupport_fastrtps_c;rosidl_typesupport_introspection_c
-- Using all available rosidl_typesupport_cpp: rosidl_typesupport_fastrtps_cpp;rosidl_typesupport_introspection_cpp
-- Found PythonInterp: /usr/bin/python3 (found suitable version "3.10.12", minimum required is "3.6") 
-- Found python_cmake_module: 0.10.0 (/opt/ros/humble/share/python_cmake_module/cmake)
-- Found PythonLibs: /usr/lib/x86_64-linux-gnu/libpython3.10.so (found suitable version "3.10.12", minimum required is "3.5") 
-- Using PYTHON_EXECUTABLE: /usr/bin/python3
-- Using PYTHON_INCLUDE_DIRS: /usr/include/python3.10
-- Using PYTHON_LIBRARIES: /usr/lib/x86_64-linux-gnu/libpython3.10.so
-- Found PythonExtra: .so  
[0mCMake Deprecation Warning at /opt/ros/humble/share/rosidl_cmake/cmake/rosidl_target_interfaces.cmake:32 (message):
  Use rosidl_get_typesupport_target() and target_link_libraries() instead of
  rosidl_target_interfaces()
Call Stack (most recent call first):
  CMakeLists.txt:33 (rosidl_target_interfaces)

[0m
-- Found ament_lint_auto: 0.12.12 (/opt/ros/humble/share/ament_lint_auto/cmake)
-- Added test 'cppcheck' to perform static code analysis on C / C++ code
-- Configured cppcheck include dirs: $<BUILD_INTERFACE:/home/ros/ROS2/usrmsg_ws/src/baseinterface_pkg/include>
-- Configured cppcheck exclude dirs and/or files: 
-- Added test 'lint_cmake' to check CMake code style
-- Added test 'uncrustify' to check C / C++ code style
-- Configured uncrustify additional arguments: 
-- Added test 'xmllint' to check XML markup files
-- Configuring done
-- Generating done
-- Build files have been written to: /home/ros/ROS2/usrmsg_ws/build/baseinterface_pkg
[  3%] [34m[1mGenerating C code for ROS interfaces[0m
[  6%] [34m[1mGenerating C++ code for ROS interfaces[0m
[  6%] Built target ament_cmake_python_copy_baseinterface_pkg
running egg_info
creating baseinterface_pkg.egg-info
writing baseinterface_pkg.egg-info/PKG-INFO
writing dependency_links to baseinterface_pkg.egg-info/dependency_links.txt
writing top-level names to baseinterface_pkg.egg-info/top_level.txt
writing manifest file 'baseinterface_pkg.egg-info/SOURCES.txt'
reading manifest file 'baseinterface_pkg.egg-info/SOURCES.txt'
writing manifest file 'baseinterface_pkg.egg-info/SOURCES.txt'
[  6%] Built target ament_cmake_python_build_baseinterface_pkg_egg
[  6%] Built target baseinterface_pkg__cpp
[  9%] [32mBuilding C object CMakeFiles/baseinterface_pkg__rosidl_generator_c.dir/rosidl_generator_c/baseinterface_pkg/msg/detail/usrmsg__functions.c.o[0m
[ 15%] [34m[1mGenerating C++ type support dispatch for ROS interfaces[0m
[ 15%] [34m[1mGenerating C++ type support for eProsima Fast-RTPS[0m
[ 18%] [34m[1mGenerating C++ introspection for ROS interfaces[0m
[ 21%] [32m[1mLinking C shared library libbaseinterface_pkg__rosidl_generator_c.so[0m
[ 21%] Built target baseinterface_pkg__rosidl_generator_c
[ 30%] [34m[1mGenerating C type support for eProsima Fast-RTPS[0m
[ 30%] [34m[1mGenerating C introspection for ROS interfaces[0m
[ 30%] [34m[1mGenerating C type support dispatch for ROS interfaces[0m
[ 33%] [32mBuilding CXX object CMakeFiles/baseinterface_pkg__rosidl_typesupport_cpp.dir/rosidl_typesupport_cpp/baseinterface_pkg/msg/usrmsg__type_support.cpp.o[0m
[ 36%] [32mBuilding CXX object CMakeFiles/baseinterface_pkg__rosidl_typesupport_introspection_cpp.dir/rosidl_typesupport_introspection_cpp/baseinterface_pkg/msg/detail/usrmsg__type_support.cpp.o[0m
[ 39%] [32mBuilding CXX object CMakeFiles/baseinterface_pkg__rosidl_typesupport_fastrtps_cpp.dir/rosidl_typesupport_fastrtps_cpp/baseinterface_pkg/msg/detail/dds_fastrtps/usrmsg__type_support.cpp.o[0m
[ 42%] [32mBuilding CXX object CMakeFiles/baseinterface_pkg__rosidl_typesupport_c.dir/rosidl_typesupport_c/baseinterface_pkg/msg/usrmsg__type_support.cpp.o[0m
[ 45%] [32mBuilding CXX object CMakeFiles/baseinterface_pkg__rosidl_typesupport_fastrtps_c.dir/rosidl_typesupport_fastrtps_c/baseinterface_pkg/msg/detail/usrmsg__type_support_c.cpp.o[0m
[ 48%] [32m[1mLinking CXX shared library libbaseinterface_pkg__rosidl_typesupport_c.so[0m
[ 51%] [32mBuilding C object CMakeFiles/baseinterface_pkg__rosidl_typesupport_introspection_c.dir/rosidl_typesupport_introspection_c/baseinterface_pkg/msg/detail/usrmsg__type_support.c.o[0m
[ 54%] [32m[1mLinking C shared library libbaseinterface_pkg__rosidl_typesupport_introspection_c.so[0m
[ 54%] Built target baseinterface_pkg__rosidl_typesupport_c
[ 54%] Built target baseinterface_pkg__rosidl_typesupport_introspection_c
[ 57%] [32m[1mLinking CXX shared library libbaseinterface_pkg__rosidl_typesupport_cpp.so[0m
[ 57%] Built target baseinterface_pkg__rosidl_typesupport_cpp
[ 60%] [32m[1mLinking CXX shared library libbaseinterface_pkg__rosidl_typesupport_introspection_cpp.so[0m
[ 63%] [32m[1mLinking CXX shared library libbaseinterface_pkg__rosidl_typesupport_fastrtps_cpp.so[0m
[ 66%] [32m[1mLinking CXX shared library libbaseinterface_pkg__rosidl_typesupport_fastrtps_c.so[0m
[ 66%] Built target baseinterface_pkg__rosidl_typesupport_introspection_cpp
[ 66%] Built target baseinterface_pkg__rosidl_typesupport_fastrtps_cpp
[ 66%] Built target baseinterface_pkg__rosidl_typesupport_fastrtps_c
[ 66%] Built target baseinterface_pkg
[ 72%] [34m[1mGenerating Python code for ROS interfaces[0m
[ 72%] [32mBuilding CXX object CMakeFiles/baseinterface_node.dir/src/baseinterface_node.cpp.o[0m
[ 72%] Built target baseinterface_pkg__py
[ 75%] [32mBuilding C object CMakeFiles/baseinterface_pkg__rosidl_generator_py.dir/rosidl_generator_py/baseinterface_pkg/msg/_usrmsg_s.c.o[0m
[ 78%] [32m[1mLinking C shared library rosidl_generator_py/baseinterface_pkg/libbaseinterface_pkg__rosidl_generator_py.so[0m
[ 78%] Built target baseinterface_pkg__rosidl_generator_py
[ 81%] [32mBuilding C object CMakeFiles/baseinterface_pkg__rosidl_typesupport_c__pyext.dir/rosidl_generator_py/baseinterface_pkg/_baseinterface_pkg_s.ep.rosidl_typesupport_c.c.o[0m
[ 84%] [32mBuilding C object CMakeFiles/baseinterface_pkg__rosidl_typesupport_introspection_c__pyext.dir/rosidl_generator_py/baseinterface_pkg/_baseinterface_pkg_s.ep.rosidl_typesupport_introspection_c.c.o[0m
[ 87%] [32mBuilding C object CMakeFiles/baseinterface_pkg__rosidl_typesupport_fastrtps_c__pyext.dir/rosidl_generator_py/baseinterface_pkg/_baseinterface_pkg_s.ep.rosidl_typesupport_fastrtps_c.c.o[0m
[ 90%] [32m[1mLinking C shared library rosidl_generator_py/baseinterface_pkg/baseinterface_pkg_s__rosidl_typesupport_introspection_c.cpython-310-x86_64-linux-gnu.so[0m
[ 93%] [32m[1mLinking C shared library rosidl_generator_py/baseinterface_pkg/baseinterface_pkg_s__rosidl_typesupport_c.cpython-310-x86_64-linux-gnu.so[0m
[ 96%] [32m[1mLinking C shared library rosidl_generator_py/baseinterface_pkg/baseinterface_pkg_s__rosidl_typesupport_fastrtps_c.cpython-310-x86_64-linux-gnu.so[0m
[ 96%] Built target baseinterface_pkg__rosidl_typesupport_introspection_c__pyext
[ 96%] Built target baseinterface_pkg__rosidl_typesupport_c__pyext
[ 96%] Built target baseinterface_pkg__rosidl_typesupport_fastrtps_c__pyext
[100%] [32m[1mLinking CXX executable baseinterface_node[0m
[100%] Built target baseinterface_node
-- Install configuration: ""
-- Installing: /home/ros/ROS2/usrmsg_ws/install/baseinterface_pkg/share/ament_index/resource_index/rosidl_interfaces/baseinterface_pkg
-- Up-to-date: /home/ros/ROS2/usrmsg_ws/install/baseinterface_pkg/include/baseinterface_pkg/baseinterface_pkg
-- Up-to-date: /home/ros/ROS2/usrmsg_ws/install/baseinterface_pkg/include/baseinterface_pkg/baseinterface_pkg/msg
-- Up-to-date: /home/ros/ROS2/usrmsg_ws/install/baseinterface_pkg/include/baseinterface_pkg/baseinterface_pkg/msg/detail
-- Installing: /home/ros/ROS2/usrmsg_ws/install/baseinterface_pkg/include/baseinterface_pkg/baseinterface_pkg/msg/detail/usrmsg__type_support.h
-- Installing: /home/ros/ROS2/usrmsg_ws/install/baseinterface_pkg/include/baseinterface_pkg/baseinterface_pkg/msg/detail/usrmsg__functions.h
-- Installing: /home/ros/ROS2/usrmsg_ws/install/baseinterface_pkg/include/baseinterface_pkg/baseinterface_pkg/msg/detail/usrmsg__functions.c
-- Installing: /home/ros/ROS2/usrmsg_ws/install/baseinterface_pkg/include/baseinterface_pkg/baseinterface_pkg/msg/detail/usrmsg__struct.h
-- Installing: /home/ros/ROS2/usrmsg_ws/install/baseinterface_pkg/include/baseinterface_pkg/baseinterface_pkg/msg/usrmsg.h
-- Installing: /home/ros/ROS2/usrmsg_ws/install/baseinterface_pkg/include/baseinterface_pkg/baseinterface_pkg/msg/rosidl_generator_c__visibility_control.h
-- Up-to-date: /home/ros/ROS2/usrmsg_ws/install/baseinterface_pkg/share/baseinterface_pkg/environment/library_path.sh
-- Installing: /home/ros/ROS2/usrmsg_ws/install/baseinterface_pkg/share/baseinterface_pkg/environment/library_path.dsv
-- Installing: /home/ros/ROS2/usrmsg_ws/install/baseinterface_pkg/lib/libbaseinterface_pkg__rosidl_generator_c.so
-- Set runtime path of "/home/ros/ROS2/usrmsg_ws/install/baseinterface_pkg/lib/libbaseinterface_pkg__rosidl_generator_c.so" to ""
-- Up-to-date: /home/ros/ROS2/usrmsg_ws/install/baseinterface_pkg/include/baseinterface_pkg/baseinterface_pkg
-- Up-to-date: /home/ros/ROS2/usrmsg_ws/install/baseinterface_pkg/include/baseinterface_pkg/baseinterface_pkg/msg
-- Up-to-date: /home/ros/ROS2/usrmsg_ws/install/baseinterface_pkg/include/baseinterface_pkg/baseinterface_pkg/msg/detail
-- Installing: /home/ros/ROS2/usrmsg_ws/install/baseinterface_pkg/include/baseinterface_pkg/baseinterface_pkg/msg/detail/usrmsg__rosidl_typesupport_fastrtps_c.h
-- Installing: /home/ros/ROS2/usrmsg_ws/install/baseinterface_pkg/include/baseinterface_pkg/baseinterface_pkg/msg/rosidl_typesupport_fastrtps_c__visibility_control.h
-- Installing: /home/ros/ROS2/usrmsg_ws/install/baseinterface_pkg/lib/libbaseinterface_pkg__rosidl_typesupport_fastrtps_c.so
-- Set runtime path of "/home/ros/ROS2/usrmsg_ws/install/baseinterface_pkg/lib/libbaseinterface_pkg__rosidl_typesupport_fastrtps_c.so" to ""
-- Up-to-date: /home/ros/ROS2/usrmsg_ws/install/baseinterface_pkg/include/baseinterface_pkg/baseinterface_pkg
-- Up-to-date: /home/ros/ROS2/usrmsg_ws/install/baseinterface_pkg/include/baseinterface_pkg/baseinterface_pkg/msg
-- Up-to-date: /home/ros/ROS2/usrmsg_ws/install/baseinterface_pkg/include/baseinterface_pkg/baseinterface_pkg/msg/detail
-- Installing: /home/ros/ROS2/usrmsg_ws/install/baseinterface_pkg/include/baseinterface_pkg/baseinterface_pkg/msg/detail/usrmsg__traits.hpp
-- Installing: /home/ros/ROS2/usrmsg_ws/install/baseinterface_pkg/include/baseinterface_pkg/baseinterface_pkg/msg/detail/usrmsg__builder.hpp
-- Installing: /home/ros/ROS2/usrmsg_ws/install/baseinterface_pkg/include/baseinterface_pkg/baseinterface_pkg/msg/detail/usrmsg__type_support.hpp
-- Installing: /home/ros/ROS2/usrmsg_ws/install/baseinterface_pkg/include/baseinterface_pkg/baseinterface_pkg/msg/detail/usrmsg__struct.hpp
-- Installing: /home/ros/ROS2/usrmsg_ws/install/baseinterface_pkg/include/baseinterface_pkg/baseinterface_pkg/msg/rosidl_generator_cpp__visibility_control.hpp
-- Installing: /home/ros/ROS2/usrmsg_ws/install/baseinterface_pkg/include/baseinterface_pkg/baseinterface_pkg/msg/usrmsg.hpp
-- Up-to-date: /home/ros/ROS2/usrmsg_ws/install/baseinterface_pkg/include/baseinterface_pkg/baseinterface_pkg
-- Up-to-date: /home/ros/ROS2/usrmsg_ws/install/baseinterface_pkg/include/baseinterface_pkg/baseinterface_pkg/msg
-- Up-to-date: /home/ros/ROS2/usrmsg_ws/install/baseinterface_pkg/include/baseinterface_pkg/baseinterface_pkg/msg/detail
-- Up-to-date: /home/ros/ROS2/usrmsg_ws/install/baseinterface_pkg/include/baseinterface_pkg/baseinterface_pkg/msg/detail/dds_fastrtps
-- Installing: /home/ros/ROS2/usrmsg_ws/install/baseinterface_pkg/include/baseinterface_pkg/baseinterface_pkg/msg/detail/usrmsg__rosidl_typesupport_fastrtps_cpp.hpp
-- Installing: /home/ros/ROS2/usrmsg_ws/install/baseinterface_pkg/include/baseinterface_pkg/baseinterface_pkg/msg/rosidl_typesupport_fastrtps_cpp__visibility_control.h
-- Installing: /home/ros/ROS2/usrmsg_ws/install/baseinterface_pkg/lib/libbaseinterface_pkg__rosidl_typesupport_fastrtps_cpp.so
-- Set runtime path of "/home/ros/ROS2/usrmsg_ws/install/baseinterface_pkg/lib/libbaseinterface_pkg__rosidl_typesupport_fastrtps_cpp.so" to ""
-- Up-to-date: /home/ros/ROS2/usrmsg_ws/install/baseinterface_pkg/include/baseinterface_pkg/baseinterface_pkg
-- Up-to-date: /home/ros/ROS2/usrmsg_ws/install/baseinterface_pkg/include/baseinterface_pkg/baseinterface_pkg/msg
-- Up-to-date: /home/ros/ROS2/usrmsg_ws/install/baseinterface_pkg/include/baseinterface_pkg/baseinterface_pkg/msg/detail
-- Installing: /home/ros/ROS2/usrmsg_ws/install/baseinterface_pkg/include/baseinterface_pkg/baseinterface_pkg/msg/detail/usrmsg__type_support.c
-- Installing: /home/ros/ROS2/usrmsg_ws/install/baseinterface_pkg/include/baseinterface_pkg/baseinterface_pkg/msg/detail/usrmsg__rosidl_typesupport_introspection_c.h
-- Installing: /home/ros/ROS2/usrmsg_ws/install/baseinterface_pkg/include/baseinterface_pkg/baseinterface_pkg/msg/rosidl_typesupport_introspection_c__visibility_control.h
-- Installing: /home/ros/ROS2/usrmsg_ws/install/baseinterface_pkg/lib/libbaseinterface_pkg__rosidl_typesupport_introspection_c.so
-- Set runtime path of "/home/ros/ROS2/usrmsg_ws/install/baseinterface_pkg/lib/libbaseinterface_pkg__rosidl_typesupport_introspection_c.so" to ""
-- Installing: /home/ros/ROS2/usrmsg_ws/install/baseinterface_pkg/lib/libbaseinterface_pkg__rosidl_typesupport_c.so
-- Set runtime path of "/home/ros/ROS2/usrmsg_ws/install/baseinterface_pkg/lib/libbaseinterface_pkg__rosidl_typesupport_c.so" to ""
-- Up-to-date: /home/ros/ROS2/usrmsg_ws/install/baseinterface_pkg/include/baseinterface_pkg/baseinterface_pkg
-- Up-to-date: /home/ros/ROS2/usrmsg_ws/install/baseinterface_pkg/include/baseinterface_pkg/baseinterface_pkg/msg
-- Up-to-date: /home/ros/ROS2/usrmsg_ws/install/baseinterface_pkg/include/baseinterface_pkg/baseinterface_pkg/msg/detail
-- Installing: /home/ros/ROS2/usrmsg_ws/install/baseinterface_pkg/include/baseinterface_pkg/baseinterface_pkg/msg/detail/usrmsg__rosidl_typesupport_introspection_cpp.hpp
-- Installing: /home/ros/ROS2/usrmsg_ws/install/baseinterface_pkg/include/baseinterface_pkg/baseinterface_pkg/msg/detail/usrmsg__type_support.cpp
-- Installing: /home/ros/ROS2/usrmsg_ws/install/baseinterface_pkg/lib/libbaseinterface_pkg__rosidl_typesupport_introspection_cpp.so
-- Set runtime path of "/home/ros/ROS2/usrmsg_ws/install/baseinterface_pkg/lib/libbaseinterface_pkg__rosidl_typesupport_introspection_cpp.so" to ""
-- Installing: /home/ros/ROS2/usrmsg_ws/install/baseinterface_pkg/lib/libbaseinterface_pkg__rosidl_typesupport_cpp.so
-- Set runtime path of "/home/ros/ROS2/usrmsg_ws/install/baseinterface_pkg/lib/libbaseinterface_pkg__rosidl_typesupport_cpp.so" to ""
-- Installing: /home/ros/ROS2/usrmsg_ws/install/baseinterface_pkg/share/baseinterface_pkg/environment/pythonpath.sh
-- Installing: /home/ros/ROS2/usrmsg_ws/install/baseinterface_pkg/share/baseinterface_pkg/environment/pythonpath.dsv
-- Up-to-date: /home/ros/ROS2/usrmsg_ws/install/baseinterface_pkg/local/lib/python3.10/dist-packages/baseinterface_pkg-0.0.1-py3.10.egg-info
-- Installing: /home/ros/ROS2/usrmsg_ws/install/baseinterface_pkg/local/lib/python3.10/dist-packages/baseinterface_pkg-0.0.1-py3.10.egg-info/PKG-INFO
-- Installing: /home/ros/ROS2/usrmsg_ws/install/baseinterface_pkg/local/lib/python3.10/dist-packages/baseinterface_pkg-0.0.1-py3.10.egg-info/top_level.txt
-- Installing: /home/ros/ROS2/usrmsg_ws/install/baseinterface_pkg/local/lib/python3.10/dist-packages/baseinterface_pkg-0.0.1-py3.10.egg-info/SOURCES.txt
-- Installing: /home/ros/ROS2/usrmsg_ws/install/baseinterface_pkg/local/lib/python3.10/dist-packages/baseinterface_pkg-0.0.1-py3.10.egg-info/dependency_links.txt
-- Up-to-date: /home/ros/ROS2/usrmsg_ws/install/baseinterface_pkg/local/lib/python3.10/dist-packages/baseinterface_pkg
-- Installing: /home/ros/ROS2/usrmsg_ws/install/baseinterface_pkg/local/lib/python3.10/dist-packages/baseinterface_pkg/baseinterface_pkg_s__rosidl_typesupport_c.cpython-310-x86_64-linux-gnu.so
-- Installing: /home/ros/ROS2/usrmsg_ws/install/baseinterface_pkg/local/lib/python3.10/dist-packages/baseinterface_pkg/libbaseinterface_pkg__rosidl_generator_py.so
-- Up-to-date: /home/ros/ROS2/usrmsg_ws/install/baseinterface_pkg/local/lib/python3.10/dist-packages/baseinterface_pkg/msg
-- Installing: /home/ros/ROS2/usrmsg_ws/install/baseinterface_pkg/local/lib/python3.10/dist-packages/baseinterface_pkg/msg/_usrmsg_s.c
-- Installing: /home/ros/ROS2/usrmsg_ws/install/baseinterface_pkg/local/lib/python3.10/dist-packages/baseinterface_pkg/msg/_usrmsg.py
-- Installing: /home/ros/ROS2/usrmsg_ws/install/baseinterface_pkg/local/lib/python3.10/dist-packages/baseinterface_pkg/msg/__init__.py
-- Installing: /home/ros/ROS2/usrmsg_ws/install/baseinterface_pkg/local/lib/python3.10/dist-packages/baseinterface_pkg/_baseinterface_pkg_s.ep.rosidl_typesupport_fastrtps_c.c
-- Installing: /home/ros/ROS2/usrmsg_ws/install/baseinterface_pkg/local/lib/python3.10/dist-packages/baseinterface_pkg/baseinterface_pkg_s__rosidl_typesupport_introspection_c.cpython-310-x86_64-linux-gnu.so
-- Installing: /home/ros/ROS2/usrmsg_ws/install/baseinterface_pkg/local/lib/python3.10/dist-packages/baseinterface_pkg/_baseinterface_pkg_s.ep.rosidl_typesupport_introspection_c.c
-- Installing: /home/ros/ROS2/usrmsg_ws/install/baseinterface_pkg/local/lib/python3.10/dist-packages/baseinterface_pkg/__init__.py
-- Installing: /home/ros/ROS2/usrmsg_ws/install/baseinterface_pkg/local/lib/python3.10/dist-packages/baseinterface_pkg/_baseinterface_pkg_s.ep.rosidl_typesupport_c.c
-- Installing: /home/ros/ROS2/usrmsg_ws/install/baseinterface_pkg/local/lib/python3.10/dist-packages/baseinterface_pkg/baseinterface_pkg_s__rosidl_typesupport_fastrtps_c.cpython-310-x86_64-linux-gnu.so
Listing '/home/ros/ROS2/usrmsg_ws/install/baseinterface_pkg/local/lib/python3.10/dist-packages/baseinterface_pkg'...
Compiling '/home/ros/ROS2/usrmsg_ws/install/baseinterface_pkg/local/lib/python3.10/dist-packages/baseinterface_pkg/__init__.py'...
Listing '/home/ros/ROS2/usrmsg_ws/install/baseinterface_pkg/local/lib/python3.10/dist-packages/baseinterface_pkg/msg'...
Compiling '/home/ros/ROS2/usrmsg_ws/install/baseinterface_pkg/local/lib/python3.10/dist-packages/baseinterface_pkg/msg/__init__.py'...
Compiling '/home/ros/ROS2/usrmsg_ws/install/baseinterface_pkg/local/lib/python3.10/dist-packages/baseinterface_pkg/msg/_usrmsg.py'...
-- Installing: /home/ros/ROS2/usrmsg_ws/install/baseinterface_pkg/local/lib/python3.10/dist-packages/baseinterface_pkg/baseinterface_pkg_s__rosidl_typesupport_fastrtps_c.cpython-310-x86_64-linux-gnu.so
-- Set runtime path of "/home/ros/ROS2/usrmsg_ws/install/baseinterface_pkg/local/lib/python3.10/dist-packages/baseinterface_pkg/baseinterface_pkg_s__rosidl_typesupport_fastrtps_c.cpython-310-x86_64-linux-gnu.so" to ""
-- Installing: /home/ros/ROS2/usrmsg_ws/install/baseinterface_pkg/local/lib/python3.10/dist-packages/baseinterface_pkg/baseinterface_pkg_s__rosidl_typesupport_introspection_c.cpython-310-x86_64-linux-gnu.so
-- Set runtime path of "/home/ros/ROS2/usrmsg_ws/install/baseinterface_pkg/local/lib/python3.10/dist-packages/baseinterface_pkg/baseinterface_pkg_s__rosidl_typesupport_introspection_c.cpython-310-x86_64-linux-gnu.so" to ""
-- Installing: /home/ros/ROS2/usrmsg_ws/install/baseinterface_pkg/local/lib/python3.10/dist-packages/baseinterface_pkg/baseinterface_pkg_s__rosidl_typesupport_c.cpython-310-x86_64-linux-gnu.so
-- Set runtime path of "/home/ros/ROS2/usrmsg_ws/install/baseinterface_pkg/local/lib/python3.10/dist-packages/baseinterface_pkg/baseinterface_pkg_s__rosidl_typesupport_c.cpython-310-x86_64-linux-gnu.so" to ""
-- Installing: /home/ros/ROS2/usrmsg_ws/install/baseinterface_pkg/lib/libbaseinterface_pkg__rosidl_generator_py.so
-- Set runtime path of "/home/ros/ROS2/usrmsg_ws/install/baseinterface_pkg/lib/libbaseinterface_pkg__rosidl_generator_py.so" to ""
-- Installing: /home/ros/ROS2/usrmsg_ws/install/baseinterface_pkg/share/baseinterface_pkg/msg/Usrmsg.idl
-- Up-to-date: /home/ros/ROS2/usrmsg_ws/install/baseinterface_pkg/share/baseinterface_pkg/msg/Usrmsg.msg
-- Installing: /home/ros/ROS2/usrmsg_ws/install/baseinterface_pkg/lib/baseinterface_pkg/baseinterface_node
-- Set runtime path of "/home/ros/ROS2/usrmsg_ws/install/baseinterface_pkg/lib/baseinterface_pkg/baseinterface_node" to ""
-- Installing: /home/ros/ROS2/usrmsg_ws/install/baseinterface_pkg/share/ament_index/resource_index/package_run_dependencies/baseinterface_pkg
-- Installing: /home/ros/ROS2/usrmsg_ws/install/baseinterface_pkg/share/ament_index/resource_index/parent_prefix_path/baseinterface_pkg
-- Up-to-date: /home/ros/ROS2/usrmsg_ws/install/baseinterface_pkg/share/baseinterface_pkg/environment/ament_prefix_path.sh
-- Installing: /home/ros/ROS2/usrmsg_ws/install/baseinterface_pkg/share/baseinterface_pkg/environment/ament_prefix_path.dsv
-- Up-to-date: /home/ros/ROS2/usrmsg_ws/install/baseinterface_pkg/share/baseinterface_pkg/environment/path.sh
-- Installing: /home/ros/ROS2/usrmsg_ws/install/baseinterface_pkg/share/baseinterface_pkg/environment/path.dsv
-- Installing: /home/ros/ROS2/usrmsg_ws/install/baseinterface_pkg/share/baseinterface_pkg/local_setup.bash
-- Installing: /home/ros/ROS2/usrmsg_ws/install/baseinterface_pkg/share/baseinterface_pkg/local_setup.sh
-- Installing: /home/ros/ROS2/usrmsg_ws/install/baseinterface_pkg/share/baseinterface_pkg/local_setup.zsh
-- Installing: /home/ros/ROS2/usrmsg_ws/install/baseinterface_pkg/share/baseinterface_pkg/local_setup.dsv
-- Installing: /home/ros/ROS2/usrmsg_ws/install/baseinterface_pkg/share/baseinterface_pkg/package.dsv
-- Installing: /home/ros/ROS2/usrmsg_ws/install/baseinterface_pkg/share/ament_index/resource_index/packages/baseinterface_pkg
-- Installing: /home/ros/ROS2/usrmsg_ws/install/baseinterface_pkg/share/baseinterface_pkg/cmake/export_baseinterface_pkg__rosidl_generator_cExport.cmake
-- Installing: /home/ros/ROS2/usrmsg_ws/install/baseinterface_pkg/share/baseinterface_pkg/cmake/export_baseinterface_pkg__rosidl_generator_cExport-noconfig.cmake
-- Installing: /home/ros/ROS2/usrmsg_ws/install/baseinterface_pkg/share/baseinterface_pkg/cmake/export_baseinterface_pkg__rosidl_typesupport_fastrtps_cExport.cmake
-- Installing: /home/ros/ROS2/usrmsg_ws/install/baseinterface_pkg/share/baseinterface_pkg/cmake/export_baseinterface_pkg__rosidl_typesupport_fastrtps_cExport-noconfig.cmake
-- Installing: /home/ros/ROS2/usrmsg_ws/install/baseinterface_pkg/share/baseinterface_pkg/cmake/export_baseinterface_pkg__rosidl_generator_cppExport.cmake
-- Installing: /home/ros/ROS2/usrmsg_ws/install/baseinterface_pkg/share/baseinterface_pkg/cmake/export_baseinterface_pkg__rosidl_typesupport_fastrtps_cppExport.cmake
-- Installing: /home/ros/ROS2/usrmsg_ws/install/baseinterface_pkg/share/baseinterface_pkg/cmake/export_baseinterface_pkg__rosidl_typesupport_fastrtps_cppExport-noconfig.cmake
-- Installing: /home/ros/ROS2/usrmsg_ws/install/baseinterface_pkg/share/baseinterface_pkg/cmake/baseinterface_pkg__rosidl_typesupport_introspection_cExport.cmake
-- Installing: /home/ros/ROS2/usrmsg_ws/install/baseinterface_pkg/share/baseinterface_pkg/cmake/baseinterface_pkg__rosidl_typesupport_introspection_cExport-noconfig.cmake
-- Installing: /home/ros/ROS2/usrmsg_ws/install/baseinterface_pkg/share/baseinterface_pkg/cmake/baseinterface_pkg__rosidl_typesupport_cExport.cmake
-- Installing: /home/ros/ROS2/usrmsg_ws/install/baseinterface_pkg/share/baseinterface_pkg/cmake/baseinterface_pkg__rosidl_typesupport_cExport-noconfig.cmake
-- Installing: /home/ros/ROS2/usrmsg_ws/install/baseinterface_pkg/share/baseinterface_pkg/cmake/baseinterface_pkg__rosidl_typesupport_introspection_cppExport.cmake
-- Installing: /home/ros/ROS2/usrmsg_ws/install/baseinterface_pkg/share/baseinterface_pkg/cmake/baseinterface_pkg__rosidl_typesupport_introspection_cppExport-noconfig.cmake
-- Installing: /home/ros/ROS2/usrmsg_ws/install/baseinterface_pkg/share/baseinterface_pkg/cmake/baseinterface_pkg__rosidl_typesupport_cppExport.cmake
-- Installing: /home/ros/ROS2/usrmsg_ws/install/baseinterface_pkg/share/baseinterface_pkg/cmake/baseinterface_pkg__rosidl_typesupport_cppExport-noconfig.cmake
-- Installing: /home/ros/ROS2/usrmsg_ws/install/baseinterface_pkg/share/baseinterface_pkg/cmake/export_baseinterface_pkg__rosidl_generator_pyExport.cmake
-- Installing: /home/ros/ROS2/usrmsg_ws/install/baseinterface_pkg/share/baseinterface_pkg/cmake/export_baseinterface_pkg__rosidl_generator_pyExport-noconfig.cmake
-- Installing: /home/ros/ROS2/usrmsg_ws/install/baseinterface_pkg/share/baseinterface_pkg/cmake/rosidl_cmake-extras.cmake
-- Installing: /home/ros/ROS2/usrmsg_ws/install/baseinterface_pkg/share/baseinterface_pkg/cmake/ament_cmake_export_include_directories-extras.cmake
-- Installing: /home/ros/ROS2/usrmsg_ws/install/baseinterface_pkg/share/baseinterface_pkg/cmake/ament_cmake_export_libraries-extras.cmake
-- Installing: /home/ros/ROS2/usrmsg_ws/install/baseinterface_pkg/share/baseinterface_pkg/cmake/ament_cmake_export_targets-extras.cmake
-- Installing: /home/ros/ROS2/usrmsg_ws/install/baseinterface_pkg/share/baseinterface_pkg/cmake/rosidl_cmake_export_typesupport_targets-extras.cmake
-- Installing: /home/ros/ROS2/usrmsg_ws/install/baseinterface_pkg/share/baseinterface_pkg/cmake/ament_cmake_export_dependencies-extras.cmake
-- Installing: /home/ros/ROS2/usrmsg_ws/install/baseinterface_pkg/share/baseinterface_pkg/cmake/rosidl_cmake_export_typesupport_libraries-extras.cmake
-- Installing: /home/ros/ROS2/usrmsg_ws/install/baseinterface_pkg/share/baseinterface_pkg/cmake/baseinterface_pkgConfig.cmake
-- Installing: /home/ros/ROS2/usrmsg_ws/install/baseinterface_pkg/share/baseinterface_pkg/cmake/baseinterface_pkgConfig-version.cmake
-- Up-to-date: /home/ros/ROS2/usrmsg_ws/install/baseinterface_pkg/share/baseinterface_pkg/package.xml
