[0.023s] Invoking command in '/home/ros/ROS2/usrmsg_ws/build/baseinterface_pkg': CMAKE_PREFIX_PATH=/opt/ros/humble /usr/bin/cmake /home/ros/ROS2/usrmsg_ws/src/baseinterface_pkg -DCMAKE_INSTALL_PREFIX=/home/ros/ROS2/usrmsg_ws/install/baseinterface_pkg
[0.142s] -- The C compiler identification is GNU 11.4.0
[0.265s] -- The CXX compiler identification is GNU 11.4.0
[0.281s] -- Detecting C compiler ABI info
[0.421s] -- Detecting C compiler ABI info - done
[0.443s] -- Check for working C compiler: /usr/bin/cc - skipped
[0.443s] -- Detecting C compile features
[0.444s] -- Detecting C compile features - done
[0.450s] -- Detecting CXX compiler ABI info
[0.614s] -- Detecting CXX compiler ABI info - done
[0.632s] -- Check for working CXX compiler: /usr/bin/c++ - skipped
[0.632s] -- Detecting CXX compile features
[0.633s] -- Detecting CXX compile features - done
[0.637s] -- Found ament_cmake: 1.3.11 (/opt/ros/humble/share/ament_cmake/cmake)
[0.920s] -- Found Python3: /usr/bin/python3 (found version "3.10.12") found components: Interpreter 
[1.094s] -- Found rclcpp: 16.0.12 (/opt/ros/humble/share/rclcpp/cmake)
[1.173s] -- Found rosidl_generator_c: 3.1.6 (/opt/ros/humble/share/rosidl_generator_c/cmake)
[1.184s] -- Found rosidl_adapter: 3.1.6 (/opt/ros/humble/share/rosidl_adapter/cmake)
[1.200s] -- Found rosidl_generator_cpp: 3.1.6 (/opt/ros/humble/share/rosidl_generator_cpp/cmake)
[1.227s] -- Using all available rosidl_typesupport_c: rosidl_typesupport_fastrtps_c;rosidl_typesupport_introspection_c
[1.266s] -- Using all available rosidl_typesupport_cpp: rosidl_typesupport_fastrtps_cpp;rosidl_typesupport_introspection_cpp
[1.357s] -- Found rmw_implementation_cmake: 6.1.2 (/opt/ros/humble/share/rmw_implementation_cmake/cmake)
[1.362s] -- Found rmw_fastrtps_cpp: 6.2.7 (/opt/ros/humble/share/rmw_fastrtps_cpp/cmake)
[1.535s] -- Found OpenSSL: /usr/lib/x86_64-linux-gnu/libcrypto.so (found version "3.0.2")  
[1.590s] -- Found FastRTPS: /opt/ros/humble/include  
[1.670s] -- Using RMW implementation 'rmw_fastrtps_cpp' as default
[1.688s] -- Looking for pthread.h
[1.833s] -- Looking for pthread.h - found
[1.833s] -- Performing Test CMAKE_HAVE_LIBC_PTHREAD
[1.988s] -- Performing Test CMAKE_HAVE_LIBC_PTHREAD - Success
[1.990s] -- Found Threads: TRUE  
[2.126s] -- Found rosidl_default_generators: 1.2.0 (/opt/ros/humble/share/rosidl_default_generators/cmake)
[2.626s] -- Found ament_cmake_ros: 0.10.0 (/opt/ros/humble/share/ament_cmake_ros/cmake)
[3.247s] -- Using all available rosidl_typesupport_c: rosidl_typesupport_fastrtps_c;rosidl_typesupport_introspection_c
[3.467s] -- Using all available rosidl_typesupport_cpp: rosidl_typesupport_fastrtps_cpp;rosidl_typesupport_introspection_cpp
[3.513s] -- Found PythonInterp: /usr/bin/python3 (found suitable version "3.10.12", minimum required is "3.6") 
[3.515s] -- Found python_cmake_module: 0.10.0 (/opt/ros/humble/share/python_cmake_module/cmake)
[3.571s] -- Found PythonLibs: /usr/lib/x86_64-linux-gnu/libpython3.10.so (found suitable version "3.10.12", minimum required is "3.5") 
[3.571s] -- Using PYTHON_EXECUTABLE: /usr/bin/python3
[3.571s] -- Using PYTHON_INCLUDE_DIRS: /usr/include/python3.10
[3.571s] -- Using PYTHON_LIBRARIES: /usr/lib/x86_64-linux-gnu/libpython3.10.so
[3.613s] -- Found PythonExtra: .so  
[3.677s] [0mCMake Deprecation Warning at /opt/ros/humble/share/rosidl_cmake/cmake/rosidl_target_interfaces.cmake:32 (message):
[3.677s]   Use rosidl_get_typesupport_target() and target_link_libraries() instead of
[3.677s]   rosidl_target_interfaces()
[3.677s] Call Stack (most recent call first):
[3.677s]   CMakeLists.txt:33 (rosidl_target_interfaces)
[3.677s] 
[3.678s] [0m
[3.681s] -- Found ament_lint_auto: 0.12.12 (/opt/ros/humble/share/ament_lint_auto/cmake)
[3.711s] -- Added test 'cppcheck' to perform static code analysis on C / C++ code
[3.712s] -- Configured cppcheck include dirs: $<BUILD_INTERFACE:/home/ros/ROS2/usrmsg_ws/src/baseinterface_pkg/include>
[3.712s] -- Configured cppcheck exclude dirs and/or files: 
[3.714s] -- Added test 'lint_cmake' to check CMake code style
[3.716s] -- Added test 'uncrustify' to check C / C++ code style
[3.716s] -- Configured uncrustify additional arguments: 
[3.717s] -- Added test 'xmllint' to check XML markup files
[3.724s] -- Configuring done
[3.799s] -- Generating done
[3.828s] -- Build files have been written to: /home/ros/ROS2/usrmsg_ws/build/baseinterface_pkg
[3.848s] Invoked command in '/home/ros/ROS2/usrmsg_ws/build/baseinterface_pkg' returned '0': CMAKE_PREFIX_PATH=/opt/ros/humble /usr/bin/cmake /home/ros/ROS2/usrmsg_ws/src/baseinterface_pkg -DCMAKE_INSTALL_PREFIX=/home/ros/ROS2/usrmsg_ws/install/baseinterface_pkg
[3.853s] Invoking command in '/home/ros/ROS2/usrmsg_ws/build/baseinterface_pkg': CMAKE_PREFIX_PATH=/opt/ros/humble /usr/bin/cmake --build /home/ros/ROS2/usrmsg_ws/build/baseinterface_pkg -- -j8 -l8
[3.936s] [  3%] [34m[1mGenerating C code for ROS interfaces[0m
[3.959s] [  6%] [34m[1mGenerating C++ code for ROS interfaces[0m
[3.978s] [  6%] Built target ament_cmake_python_copy_baseinterface_pkg
[4.498s] running egg_info
[4.499s] creating baseinterface_pkg.egg-info
[4.500s] writing baseinterface_pkg.egg-info/PKG-INFO
[4.500s] writing dependency_links to baseinterface_pkg.egg-info/dependency_links.txt
[4.500s] writing top-level names to baseinterface_pkg.egg-info/top_level.txt
[4.501s] writing manifest file 'baseinterface_pkg.egg-info/SOURCES.txt'
[4.505s] reading manifest file 'baseinterface_pkg.egg-info/SOURCES.txt'
[4.506s] writing manifest file 'baseinterface_pkg.egg-info/SOURCES.txt'
[4.559s] [  6%] Built target ament_cmake_python_build_baseinterface_pkg_egg
[4.612s] [  6%] Built target baseinterface_pkg__cpp
[4.614s] [  9%] [32mBuilding C object CMakeFiles/baseinterface_pkg__rosidl_generator_c.dir/rosidl_generator_c/baseinterface_pkg/msg/detail/usrmsg__functions.c.o[0m
[4.631s] [ 15%] [34m[1mGenerating C++ type support dispatch for ROS interfaces[0m
[4.631s] [ 15%] [34m[1mGenerating C++ type support for eProsima Fast-RTPS[0m
[4.631s] [ 18%] [34m[1mGenerating C++ introspection for ROS interfaces[0m
[4.707s] [ 21%] [32m[1mLinking C shared library libbaseinterface_pkg__rosidl_generator_c.so[0m
[4.788s] [ 21%] Built target baseinterface_pkg__rosidl_generator_c
[4.809s] [ 30%] [34m[1mGenerating C type support for eProsima Fast-RTPS[0m
[4.809s] [ 30%] [34m[1mGenerating C introspection for ROS interfaces[0m
[4.809s] [ 30%] [34m[1mGenerating C type support dispatch for ROS interfaces[0m
[5.183s] [ 33%] [32mBuilding CXX object CMakeFiles/baseinterface_pkg__rosidl_typesupport_cpp.dir/rosidl_typesupport_cpp/baseinterface_pkg/msg/usrmsg__type_support.cpp.o[0m
[5.249s] [ 36%] [32mBuilding CXX object CMakeFiles/baseinterface_pkg__rosidl_typesupport_introspection_cpp.dir/rosidl_typesupport_introspection_cpp/baseinterface_pkg/msg/detail/usrmsg__type_support.cpp.o[0m
[5.249s] [ 39%] [32mBuilding CXX object CMakeFiles/baseinterface_pkg__rosidl_typesupport_fastrtps_cpp.dir/rosidl_typesupport_fastrtps_cpp/baseinterface_pkg/msg/detail/dds_fastrtps/usrmsg__type_support.cpp.o[0m
[5.355s] [ 42%] [32mBuilding CXX object CMakeFiles/baseinterface_pkg__rosidl_typesupport_c.dir/rosidl_typesupport_c/baseinterface_pkg/msg/usrmsg__type_support.cpp.o[0m
[5.408s] [ 45%] [32mBuilding CXX object CMakeFiles/baseinterface_pkg__rosidl_typesupport_fastrtps_c.dir/rosidl_typesupport_fastrtps_c/baseinterface_pkg/msg/detail/usrmsg__type_support_c.cpp.o[0m
[5.418s] [ 48%] [32m[1mLinking CXX shared library libbaseinterface_pkg__rosidl_typesupport_c.so[0m
[5.434s] [ 51%] [32mBuilding C object CMakeFiles/baseinterface_pkg__rosidl_typesupport_introspection_c.dir/rosidl_typesupport_introspection_c/baseinterface_pkg/msg/detail/usrmsg__type_support.c.o[0m
[5.509s] [ 54%] [32m[1mLinking C shared library libbaseinterface_pkg__rosidl_typesupport_introspection_c.so[0m
[5.519s] [ 54%] Built target baseinterface_pkg__rosidl_typesupport_c
[5.575s] [ 54%] Built target baseinterface_pkg__rosidl_typesupport_introspection_c
[5.682s] [ 57%] [32m[1mLinking CXX shared library libbaseinterface_pkg__rosidl_typesupport_cpp.so[0m
[5.774s] [ 57%] Built target baseinterface_pkg__rosidl_typesupport_cpp
[5.978s] [ 60%] [32m[1mLinking CXX shared library libbaseinterface_pkg__rosidl_typesupport_introspection_cpp.so[0m
[6.014s] [ 63%] [32m[1mLinking CXX shared library libbaseinterface_pkg__rosidl_typesupport_fastrtps_cpp.so[0m
[6.040s] [ 66%] [32m[1mLinking CXX shared library libbaseinterface_pkg__rosidl_typesupport_fastrtps_c.so[0m
[6.154s] [ 66%] Built target baseinterface_pkg__rosidl_typesupport_introspection_cpp
[6.231s] [ 66%] Built target baseinterface_pkg__rosidl_typesupport_fastrtps_cpp
[6.256s] [ 66%] Built target baseinterface_pkg__rosidl_typesupport_fastrtps_c
[6.291s] [ 66%] Built target baseinterface_pkg
[6.333s] [ 72%] [34m[1mGenerating Python code for ROS interfaces[0m
[6.333s] [ 72%] [32mBuilding CXX object CMakeFiles/baseinterface_node.dir/src/baseinterface_node.cpp.o[0m
[7.017s] [ 72%] Built target baseinterface_pkg__py
[7.055s] [ 75%] [32mBuilding C object CMakeFiles/baseinterface_pkg__rosidl_generator_py.dir/rosidl_generator_py/baseinterface_pkg/msg/_usrmsg_s.c.o[0m
[7.253s] [ 78%] [32m[1mLinking C shared library rosidl_generator_py/baseinterface_pkg/libbaseinterface_pkg__rosidl_generator_py.so[0m
[7.345s] [ 78%] Built target baseinterface_pkg__rosidl_generator_py
[7.387s] [ 81%] [32mBuilding C object CMakeFiles/baseinterface_pkg__rosidl_typesupport_c__pyext.dir/rosidl_generator_py/baseinterface_pkg/_baseinterface_pkg_s.ep.rosidl_typesupport_c.c.o[0m
[7.388s] [ 84%] [32mBuilding C object CMakeFiles/baseinterface_pkg__rosidl_typesupport_introspection_c__pyext.dir/rosidl_generator_py/baseinterface_pkg/_baseinterface_pkg_s.ep.rosidl_typesupport_introspection_c.c.o[0m
[7.389s] [ 87%] [32mBuilding C object CMakeFiles/baseinterface_pkg__rosidl_typesupport_fastrtps_c__pyext.dir/rosidl_generator_py/baseinterface_pkg/_baseinterface_pkg_s.ep.rosidl_typesupport_fastrtps_c.c.o[0m
[7.575s] [ 90%] [32m[1mLinking C shared library rosidl_generator_py/baseinterface_pkg/baseinterface_pkg_s__rosidl_typesupport_introspection_c.cpython-310-x86_64-linux-gnu.so[0m
[7.576s] [ 93%] [32m[1mLinking C shared library rosidl_generator_py/baseinterface_pkg/baseinterface_pkg_s__rosidl_typesupport_c.cpython-310-x86_64-linux-gnu.so[0m
[7.589s] [ 96%] [32m[1mLinking C shared library rosidl_generator_py/baseinterface_pkg/baseinterface_pkg_s__rosidl_typesupport_fastrtps_c.cpython-310-x86_64-linux-gnu.so[0m
[7.646s] [ 96%] Built target baseinterface_pkg__rosidl_typesupport_introspection_c__pyext
[7.647s] [ 96%] Built target baseinterface_pkg__rosidl_typesupport_c__pyext
[7.665s] [ 96%] Built target baseinterface_pkg__rosidl_typesupport_fastrtps_c__pyext
[11.336s] [100%] [32m[1mLinking CXX executable baseinterface_node[0m
[11.627s] [100%] Built target baseinterface_node
[11.649s] Invoked command in '/home/ros/ROS2/usrmsg_ws/build/baseinterface_pkg' returned '0': CMAKE_PREFIX_PATH=/opt/ros/humble /usr/bin/cmake --build /home/ros/ROS2/usrmsg_ws/build/baseinterface_pkg -- -j8 -l8
[11.668s] Invoking command in '/home/ros/ROS2/usrmsg_ws/build/baseinterface_pkg': CMAKE_PREFIX_PATH=/opt/ros/humble /usr/bin/cmake --install /home/ros/ROS2/usrmsg_ws/build/baseinterface_pkg
[11.687s] -- Install configuration: ""
[11.687s] -- Installing: /home/ros/ROS2/usrmsg_ws/install/baseinterface_pkg/share/ament_index/resource_index/rosidl_interfaces/baseinterface_pkg
[11.687s] -- Up-to-date: /home/ros/ROS2/usrmsg_ws/install/baseinterface_pkg/include/baseinterface_pkg/baseinterface_pkg
[11.687s] -- Up-to-date: /home/ros/ROS2/usrmsg_ws/install/baseinterface_pkg/include/baseinterface_pkg/baseinterface_pkg/msg
[11.688s] -- Up-to-date: /home/ros/ROS2/usrmsg_ws/install/baseinterface_pkg/include/baseinterface_pkg/baseinterface_pkg/msg/detail
[11.688s] -- Installing: /home/ros/ROS2/usrmsg_ws/install/baseinterface_pkg/include/baseinterface_pkg/baseinterface_pkg/msg/detail/usrmsg__type_support.h
[11.689s] -- Installing: /home/ros/ROS2/usrmsg_ws/install/baseinterface_pkg/include/baseinterface_pkg/baseinterface_pkg/msg/detail/usrmsg__functions.h
[11.689s] -- Installing: /home/ros/ROS2/usrmsg_ws/install/baseinterface_pkg/include/baseinterface_pkg/baseinterface_pkg/msg/detail/usrmsg__functions.c
[11.689s] -- Installing: /home/ros/ROS2/usrmsg_ws/install/baseinterface_pkg/include/baseinterface_pkg/baseinterface_pkg/msg/detail/usrmsg__struct.h
[11.689s] -- Installing: /home/ros/ROS2/usrmsg_ws/install/baseinterface_pkg/include/baseinterface_pkg/baseinterface_pkg/msg/usrmsg.h
[11.690s] -- Installing: /home/ros/ROS2/usrmsg_ws/install/baseinterface_pkg/include/baseinterface_pkg/baseinterface_pkg/msg/rosidl_generator_c__visibility_control.h
[11.690s] -- Up-to-date: /home/ros/ROS2/usrmsg_ws/install/baseinterface_pkg/share/baseinterface_pkg/environment/library_path.sh
[11.690s] -- Installing: /home/ros/ROS2/usrmsg_ws/install/baseinterface_pkg/share/baseinterface_pkg/environment/library_path.dsv
[11.691s] -- Installing: /home/ros/ROS2/usrmsg_ws/install/baseinterface_pkg/lib/libbaseinterface_pkg__rosidl_generator_c.so
[11.692s] -- Set runtime path of "/home/ros/ROS2/usrmsg_ws/install/baseinterface_pkg/lib/libbaseinterface_pkg__rosidl_generator_c.so" to ""
[11.692s] -- Up-to-date: /home/ros/ROS2/usrmsg_ws/install/baseinterface_pkg/include/baseinterface_pkg/baseinterface_pkg
[11.692s] -- Up-to-date: /home/ros/ROS2/usrmsg_ws/install/baseinterface_pkg/include/baseinterface_pkg/baseinterface_pkg/msg
[11.692s] -- Up-to-date: /home/ros/ROS2/usrmsg_ws/install/baseinterface_pkg/include/baseinterface_pkg/baseinterface_pkg/msg/detail
[11.693s] -- Installing: /home/ros/ROS2/usrmsg_ws/install/baseinterface_pkg/include/baseinterface_pkg/baseinterface_pkg/msg/detail/usrmsg__rosidl_typesupport_fastrtps_c.h
[11.694s] -- Installing: /home/ros/ROS2/usrmsg_ws/install/baseinterface_pkg/include/baseinterface_pkg/baseinterface_pkg/msg/rosidl_typesupport_fastrtps_c__visibility_control.h
[11.694s] -- Installing: /home/ros/ROS2/usrmsg_ws/install/baseinterface_pkg/lib/libbaseinterface_pkg__rosidl_typesupport_fastrtps_c.so
[11.694s] -- Set runtime path of "/home/ros/ROS2/usrmsg_ws/install/baseinterface_pkg/lib/libbaseinterface_pkg__rosidl_typesupport_fastrtps_c.so" to ""
[11.695s] -- Up-to-date: /home/ros/ROS2/usrmsg_ws/install/baseinterface_pkg/include/baseinterface_pkg/baseinterface_pkg
[11.695s] -- Up-to-date: /home/ros/ROS2/usrmsg_ws/install/baseinterface_pkg/include/baseinterface_pkg/baseinterface_pkg/msg
[11.695s] -- Up-to-date: /home/ros/ROS2/usrmsg_ws/install/baseinterface_pkg/include/baseinterface_pkg/baseinterface_pkg/msg/detail
[11.695s] -- Installing: /home/ros/ROS2/usrmsg_ws/install/baseinterface_pkg/include/baseinterface_pkg/baseinterface_pkg/msg/detail/usrmsg__traits.hpp
[11.696s] -- Installing: /home/ros/ROS2/usrmsg_ws/install/baseinterface_pkg/include/baseinterface_pkg/baseinterface_pkg/msg/detail/usrmsg__builder.hpp
[11.696s] -- Installing: /home/ros/ROS2/usrmsg_ws/install/baseinterface_pkg/include/baseinterface_pkg/baseinterface_pkg/msg/detail/usrmsg__type_support.hpp
[11.696s] -- Installing: /home/ros/ROS2/usrmsg_ws/install/baseinterface_pkg/include/baseinterface_pkg/baseinterface_pkg/msg/detail/usrmsg__struct.hpp
[11.696s] -- Installing: /home/ros/ROS2/usrmsg_ws/install/baseinterface_pkg/include/baseinterface_pkg/baseinterface_pkg/msg/rosidl_generator_cpp__visibility_control.hpp
[11.696s] -- Installing: /home/ros/ROS2/usrmsg_ws/install/baseinterface_pkg/include/baseinterface_pkg/baseinterface_pkg/msg/usrmsg.hpp
[11.697s] -- Up-to-date: /home/ros/ROS2/usrmsg_ws/install/baseinterface_pkg/include/baseinterface_pkg/baseinterface_pkg
[11.697s] -- Up-to-date: /home/ros/ROS2/usrmsg_ws/install/baseinterface_pkg/include/baseinterface_pkg/baseinterface_pkg/msg
[11.697s] -- Up-to-date: /home/ros/ROS2/usrmsg_ws/install/baseinterface_pkg/include/baseinterface_pkg/baseinterface_pkg/msg/detail
[11.698s] -- Up-to-date: /home/ros/ROS2/usrmsg_ws/install/baseinterface_pkg/include/baseinterface_pkg/baseinterface_pkg/msg/detail/dds_fastrtps
[11.698s] -- Installing: /home/ros/ROS2/usrmsg_ws/install/baseinterface_pkg/include/baseinterface_pkg/baseinterface_pkg/msg/detail/usrmsg__rosidl_typesupport_fastrtps_cpp.hpp
[11.698s] -- Installing: /home/ros/ROS2/usrmsg_ws/install/baseinterface_pkg/include/baseinterface_pkg/baseinterface_pkg/msg/rosidl_typesupport_fastrtps_cpp__visibility_control.h
[11.699s] -- Installing: /home/ros/ROS2/usrmsg_ws/install/baseinterface_pkg/lib/libbaseinterface_pkg__rosidl_typesupport_fastrtps_cpp.so
[11.699s] -- Set runtime path of "/home/ros/ROS2/usrmsg_ws/install/baseinterface_pkg/lib/libbaseinterface_pkg__rosidl_typesupport_fastrtps_cpp.so" to ""
[11.700s] -- Up-to-date: /home/ros/ROS2/usrmsg_ws/install/baseinterface_pkg/include/baseinterface_pkg/baseinterface_pkg
[11.700s] -- Up-to-date: /home/ros/ROS2/usrmsg_ws/install/baseinterface_pkg/include/baseinterface_pkg/baseinterface_pkg/msg
[11.700s] -- Up-to-date: /home/ros/ROS2/usrmsg_ws/install/baseinterface_pkg/include/baseinterface_pkg/baseinterface_pkg/msg/detail
[11.700s] -- Installing: /home/ros/ROS2/usrmsg_ws/install/baseinterface_pkg/include/baseinterface_pkg/baseinterface_pkg/msg/detail/usrmsg__type_support.c
[11.701s] -- Installing: /home/ros/ROS2/usrmsg_ws/install/baseinterface_pkg/include/baseinterface_pkg/baseinterface_pkg/msg/detail/usrmsg__rosidl_typesupport_introspection_c.h
[11.701s] -- Installing: /home/ros/ROS2/usrmsg_ws/install/baseinterface_pkg/include/baseinterface_pkg/baseinterface_pkg/msg/rosidl_typesupport_introspection_c__visibility_control.h
[11.701s] -- Installing: /home/ros/ROS2/usrmsg_ws/install/baseinterface_pkg/lib/libbaseinterface_pkg__rosidl_typesupport_introspection_c.so
[11.702s] -- Set runtime path of "/home/ros/ROS2/usrmsg_ws/install/baseinterface_pkg/lib/libbaseinterface_pkg__rosidl_typesupport_introspection_c.so" to ""
[11.703s] -- Installing: /home/ros/ROS2/usrmsg_ws/install/baseinterface_pkg/lib/libbaseinterface_pkg__rosidl_typesupport_c.so
[11.704s] -- Set runtime path of "/home/ros/ROS2/usrmsg_ws/install/baseinterface_pkg/lib/libbaseinterface_pkg__rosidl_typesupport_c.so" to ""
[11.704s] -- Up-to-date: /home/ros/ROS2/usrmsg_ws/install/baseinterface_pkg/include/baseinterface_pkg/baseinterface_pkg
[11.704s] -- Up-to-date: /home/ros/ROS2/usrmsg_ws/install/baseinterface_pkg/include/baseinterface_pkg/baseinterface_pkg/msg
[11.705s] -- Up-to-date: /home/ros/ROS2/usrmsg_ws/install/baseinterface_pkg/include/baseinterface_pkg/baseinterface_pkg/msg/detail
[11.705s] -- Installing: /home/ros/ROS2/usrmsg_ws/install/baseinterface_pkg/include/baseinterface_pkg/baseinterface_pkg/msg/detail/usrmsg__rosidl_typesupport_introspection_cpp.hpp
[11.705s] -- Installing: /home/ros/ROS2/usrmsg_ws/install/baseinterface_pkg/include/baseinterface_pkg/baseinterface_pkg/msg/detail/usrmsg__type_support.cpp
[11.705s] -- Installing: /home/ros/ROS2/usrmsg_ws/install/baseinterface_pkg/lib/libbaseinterface_pkg__rosidl_typesupport_introspection_cpp.so
[11.706s] -- Set runtime path of "/home/ros/ROS2/usrmsg_ws/install/baseinterface_pkg/lib/libbaseinterface_pkg__rosidl_typesupport_introspection_cpp.so" to ""
[11.707s] -- Installing: /home/ros/ROS2/usrmsg_ws/install/baseinterface_pkg/lib/libbaseinterface_pkg__rosidl_typesupport_cpp.so
[11.707s] -- Set runtime path of "/home/ros/ROS2/usrmsg_ws/install/baseinterface_pkg/lib/libbaseinterface_pkg__rosidl_typesupport_cpp.so" to ""
[11.708s] -- Installing: /home/ros/ROS2/usrmsg_ws/install/baseinterface_pkg/share/baseinterface_pkg/environment/pythonpath.sh
[11.708s] -- Installing: /home/ros/ROS2/usrmsg_ws/install/baseinterface_pkg/share/baseinterface_pkg/environment/pythonpath.dsv
[11.709s] -- Up-to-date: /home/ros/ROS2/usrmsg_ws/install/baseinterface_pkg/local/lib/python3.10/dist-packages/baseinterface_pkg-0.0.1-py3.10.egg-info
[11.709s] -- Installing: /home/ros/ROS2/usrmsg_ws/install/baseinterface_pkg/local/lib/python3.10/dist-packages/baseinterface_pkg-0.0.1-py3.10.egg-info/PKG-INFO
[11.709s] -- Installing: /home/ros/ROS2/usrmsg_ws/install/baseinterface_pkg/local/lib/python3.10/dist-packages/baseinterface_pkg-0.0.1-py3.10.egg-info/top_level.txt
[11.710s] -- Installing: /home/ros/ROS2/usrmsg_ws/install/baseinterface_pkg/local/lib/python3.10/dist-packages/baseinterface_pkg-0.0.1-py3.10.egg-info/SOURCES.txt
[11.710s] -- Installing: /home/ros/ROS2/usrmsg_ws/install/baseinterface_pkg/local/lib/python3.10/dist-packages/baseinterface_pkg-0.0.1-py3.10.egg-info/dependency_links.txt
[11.710s] -- Up-to-date: /home/ros/ROS2/usrmsg_ws/install/baseinterface_pkg/local/lib/python3.10/dist-packages/baseinterface_pkg
[11.710s] -- Installing: /home/ros/ROS2/usrmsg_ws/install/baseinterface_pkg/local/lib/python3.10/dist-packages/baseinterface_pkg/baseinterface_pkg_s__rosidl_typesupport_c.cpython-310-x86_64-linux-gnu.so
[11.710s] -- Installing: /home/ros/ROS2/usrmsg_ws/install/baseinterface_pkg/local/lib/python3.10/dist-packages/baseinterface_pkg/libbaseinterface_pkg__rosidl_generator_py.so
[11.711s] -- Up-to-date: /home/ros/ROS2/usrmsg_ws/install/baseinterface_pkg/local/lib/python3.10/dist-packages/baseinterface_pkg/msg
[11.711s] -- Installing: /home/ros/ROS2/usrmsg_ws/install/baseinterface_pkg/local/lib/python3.10/dist-packages/baseinterface_pkg/msg/_usrmsg_s.c
[11.711s] -- Installing: /home/ros/ROS2/usrmsg_ws/install/baseinterface_pkg/local/lib/python3.10/dist-packages/baseinterface_pkg/msg/_usrmsg.py
[11.712s] -- Installing: /home/ros/ROS2/usrmsg_ws/install/baseinterface_pkg/local/lib/python3.10/dist-packages/baseinterface_pkg/msg/__init__.py
[11.712s] -- Installing: /home/ros/ROS2/usrmsg_ws/install/baseinterface_pkg/local/lib/python3.10/dist-packages/baseinterface_pkg/_baseinterface_pkg_s.ep.rosidl_typesupport_fastrtps_c.c
[11.713s] -- Installing: /home/ros/ROS2/usrmsg_ws/install/baseinterface_pkg/local/lib/python3.10/dist-packages/baseinterface_pkg/baseinterface_pkg_s__rosidl_typesupport_introspection_c.cpython-310-x86_64-linux-gnu.so
[11.713s] -- Installing: /home/ros/ROS2/usrmsg_ws/install/baseinterface_pkg/local/lib/python3.10/dist-packages/baseinterface_pkg/_baseinterface_pkg_s.ep.rosidl_typesupport_introspection_c.c
[11.714s] -- Installing: /home/ros/ROS2/usrmsg_ws/install/baseinterface_pkg/local/lib/python3.10/dist-packages/baseinterface_pkg/__init__.py
[11.714s] -- Installing: /home/ros/ROS2/usrmsg_ws/install/baseinterface_pkg/local/lib/python3.10/dist-packages/baseinterface_pkg/_baseinterface_pkg_s.ep.rosidl_typesupport_c.c
[11.714s] -- Installing: /home/ros/ROS2/usrmsg_ws/install/baseinterface_pkg/local/lib/python3.10/dist-packages/baseinterface_pkg/baseinterface_pkg_s__rosidl_typesupport_fastrtps_c.cpython-310-x86_64-linux-gnu.so
[11.776s] Listing '/home/ros/ROS2/usrmsg_ws/install/baseinterface_pkg/local/lib/python3.10/dist-packages/baseinterface_pkg'...
[11.777s] Compiling '/home/ros/ROS2/usrmsg_ws/install/baseinterface_pkg/local/lib/python3.10/dist-packages/baseinterface_pkg/__init__.py'...
[11.777s] Listing '/home/ros/ROS2/usrmsg_ws/install/baseinterface_pkg/local/lib/python3.10/dist-packages/baseinterface_pkg/msg'...
[11.777s] Compiling '/home/ros/ROS2/usrmsg_ws/install/baseinterface_pkg/local/lib/python3.10/dist-packages/baseinterface_pkg/msg/__init__.py'...
[11.777s] Compiling '/home/ros/ROS2/usrmsg_ws/install/baseinterface_pkg/local/lib/python3.10/dist-packages/baseinterface_pkg/msg/_usrmsg.py'...
[11.787s] -- Installing: /home/ros/ROS2/usrmsg_ws/install/baseinterface_pkg/local/lib/python3.10/dist-packages/baseinterface_pkg/baseinterface_pkg_s__rosidl_typesupport_fastrtps_c.cpython-310-x86_64-linux-gnu.so
[11.788s] -- Set runtime path of "/home/ros/ROS2/usrmsg_ws/install/baseinterface_pkg/local/lib/python3.10/dist-packages/baseinterface_pkg/baseinterface_pkg_s__rosidl_typesupport_fastrtps_c.cpython-310-x86_64-linux-gnu.so" to ""
[11.789s] -- Installing: /home/ros/ROS2/usrmsg_ws/install/baseinterface_pkg/local/lib/python3.10/dist-packages/baseinterface_pkg/baseinterface_pkg_s__rosidl_typesupport_introspection_c.cpython-310-x86_64-linux-gnu.so
[11.790s] -- Set runtime path of "/home/ros/ROS2/usrmsg_ws/install/baseinterface_pkg/local/lib/python3.10/dist-packages/baseinterface_pkg/baseinterface_pkg_s__rosidl_typesupport_introspection_c.cpython-310-x86_64-linux-gnu.so" to ""
[11.790s] -- Installing: /home/ros/ROS2/usrmsg_ws/install/baseinterface_pkg/local/lib/python3.10/dist-packages/baseinterface_pkg/baseinterface_pkg_s__rosidl_typesupport_c.cpython-310-x86_64-linux-gnu.so
[11.791s] -- Set runtime path of "/home/ros/ROS2/usrmsg_ws/install/baseinterface_pkg/local/lib/python3.10/dist-packages/baseinterface_pkg/baseinterface_pkg_s__rosidl_typesupport_c.cpython-310-x86_64-linux-gnu.so" to ""
[11.791s] -- Installing: /home/ros/ROS2/usrmsg_ws/install/baseinterface_pkg/lib/libbaseinterface_pkg__rosidl_generator_py.so
[11.792s] -- Set runtime path of "/home/ros/ROS2/usrmsg_ws/install/baseinterface_pkg/lib/libbaseinterface_pkg__rosidl_generator_py.so" to ""
[11.792s] -- Installing: /home/ros/ROS2/usrmsg_ws/install/baseinterface_pkg/share/baseinterface_pkg/msg/Usrmsg.idl
[11.792s] -- Up-to-date: /home/ros/ROS2/usrmsg_ws/install/baseinterface_pkg/share/baseinterface_pkg/msg/Usrmsg.msg
[11.793s] -- Installing: /home/ros/ROS2/usrmsg_ws/install/baseinterface_pkg/lib/baseinterface_pkg/baseinterface_node
[11.794s] -- Set runtime path of "/home/ros/ROS2/usrmsg_ws/install/baseinterface_pkg/lib/baseinterface_pkg/baseinterface_node" to ""
[11.794s] -- Installing: /home/ros/ROS2/usrmsg_ws/install/baseinterface_pkg/share/ament_index/resource_index/package_run_dependencies/baseinterface_pkg
[11.794s] -- Installing: /home/ros/ROS2/usrmsg_ws/install/baseinterface_pkg/share/ament_index/resource_index/parent_prefix_path/baseinterface_pkg
[11.795s] -- Up-to-date: /home/ros/ROS2/usrmsg_ws/install/baseinterface_pkg/share/baseinterface_pkg/environment/ament_prefix_path.sh
[11.795s] -- Installing: /home/ros/ROS2/usrmsg_ws/install/baseinterface_pkg/share/baseinterface_pkg/environment/ament_prefix_path.dsv
[11.795s] -- Up-to-date: /home/ros/ROS2/usrmsg_ws/install/baseinterface_pkg/share/baseinterface_pkg/environment/path.sh
[11.796s] -- Installing: /home/ros/ROS2/usrmsg_ws/install/baseinterface_pkg/share/baseinterface_pkg/environment/path.dsv
[11.796s] -- Installing: /home/ros/ROS2/usrmsg_ws/install/baseinterface_pkg/share/baseinterface_pkg/local_setup.bash
[11.796s] -- Installing: /home/ros/ROS2/usrmsg_ws/install/baseinterface_pkg/share/baseinterface_pkg/local_setup.sh
[11.797s] -- Installing: /home/ros/ROS2/usrmsg_ws/install/baseinterface_pkg/share/baseinterface_pkg/local_setup.zsh
[11.797s] -- Installing: /home/ros/ROS2/usrmsg_ws/install/baseinterface_pkg/share/baseinterface_pkg/local_setup.dsv
[11.797s] -- Installing: /home/ros/ROS2/usrmsg_ws/install/baseinterface_pkg/share/baseinterface_pkg/package.dsv
[11.798s] -- Installing: /home/ros/ROS2/usrmsg_ws/install/baseinterface_pkg/share/ament_index/resource_index/packages/baseinterface_pkg
[11.798s] -- Installing: /home/ros/ROS2/usrmsg_ws/install/baseinterface_pkg/share/baseinterface_pkg/cmake/export_baseinterface_pkg__rosidl_generator_cExport.cmake
[11.799s] -- Installing: /home/ros/ROS2/usrmsg_ws/install/baseinterface_pkg/share/baseinterface_pkg/cmake/export_baseinterface_pkg__rosidl_generator_cExport-noconfig.cmake
[11.799s] -- Installing: /home/ros/ROS2/usrmsg_ws/install/baseinterface_pkg/share/baseinterface_pkg/cmake/export_baseinterface_pkg__rosidl_typesupport_fastrtps_cExport.cmake
[11.800s] -- Installing: /home/ros/ROS2/usrmsg_ws/install/baseinterface_pkg/share/baseinterface_pkg/cmake/export_baseinterface_pkg__rosidl_typesupport_fastrtps_cExport-noconfig.cmake
[11.800s] -- Installing: /home/ros/ROS2/usrmsg_ws/install/baseinterface_pkg/share/baseinterface_pkg/cmake/export_baseinterface_pkg__rosidl_generator_cppExport.cmake
[11.800s] -- Installing: /home/ros/ROS2/usrmsg_ws/install/baseinterface_pkg/share/baseinterface_pkg/cmake/export_baseinterface_pkg__rosidl_typesupport_fastrtps_cppExport.cmake
[11.801s] -- Installing: /home/ros/ROS2/usrmsg_ws/install/baseinterface_pkg/share/baseinterface_pkg/cmake/export_baseinterface_pkg__rosidl_typesupport_fastrtps_cppExport-noconfig.cmake
[11.801s] -- Installing: /home/ros/ROS2/usrmsg_ws/install/baseinterface_pkg/share/baseinterface_pkg/cmake/baseinterface_pkg__rosidl_typesupport_introspection_cExport.cmake
[11.802s] -- Installing: /home/ros/ROS2/usrmsg_ws/install/baseinterface_pkg/share/baseinterface_pkg/cmake/baseinterface_pkg__rosidl_typesupport_introspection_cExport-noconfig.cmake
[11.802s] -- Installing: /home/ros/ROS2/usrmsg_ws/install/baseinterface_pkg/share/baseinterface_pkg/cmake/baseinterface_pkg__rosidl_typesupport_cExport.cmake
[11.803s] -- Installing: /home/ros/ROS2/usrmsg_ws/install/baseinterface_pkg/share/baseinterface_pkg/cmake/baseinterface_pkg__rosidl_typesupport_cExport-noconfig.cmake
[11.803s] -- Installing: /home/ros/ROS2/usrmsg_ws/install/baseinterface_pkg/share/baseinterface_pkg/cmake/baseinterface_pkg__rosidl_typesupport_introspection_cppExport.cmake
[11.803s] -- Installing: /home/ros/ROS2/usrmsg_ws/install/baseinterface_pkg/share/baseinterface_pkg/cmake/baseinterface_pkg__rosidl_typesupport_introspection_cppExport-noconfig.cmake
[11.804s] -- Installing: /home/ros/ROS2/usrmsg_ws/install/baseinterface_pkg/share/baseinterface_pkg/cmake/baseinterface_pkg__rosidl_typesupport_cppExport.cmake
[11.804s] -- Installing: /home/ros/ROS2/usrmsg_ws/install/baseinterface_pkg/share/baseinterface_pkg/cmake/baseinterface_pkg__rosidl_typesupport_cppExport-noconfig.cmake
[11.805s] -- Installing: /home/ros/ROS2/usrmsg_ws/install/baseinterface_pkg/share/baseinterface_pkg/cmake/export_baseinterface_pkg__rosidl_generator_pyExport.cmake
[11.805s] -- Installing: /home/ros/ROS2/usrmsg_ws/install/baseinterface_pkg/share/baseinterface_pkg/cmake/export_baseinterface_pkg__rosidl_generator_pyExport-noconfig.cmake
[11.806s] -- Installing: /home/ros/ROS2/usrmsg_ws/install/baseinterface_pkg/share/baseinterface_pkg/cmake/rosidl_cmake-extras.cmake
[11.806s] -- Installing: /home/ros/ROS2/usrmsg_ws/install/baseinterface_pkg/share/baseinterface_pkg/cmake/ament_cmake_export_include_directories-extras.cmake
[11.807s] -- Installing: /home/ros/ROS2/usrmsg_ws/install/baseinterface_pkg/share/baseinterface_pkg/cmake/ament_cmake_export_libraries-extras.cmake
[11.807s] -- Installing: /home/ros/ROS2/usrmsg_ws/install/baseinterface_pkg/share/baseinterface_pkg/cmake/ament_cmake_export_targets-extras.cmake
[11.808s] -- Installing: /home/ros/ROS2/usrmsg_ws/install/baseinterface_pkg/share/baseinterface_pkg/cmake/rosidl_cmake_export_typesupport_targets-extras.cmake
[11.808s] -- Installing: /home/ros/ROS2/usrmsg_ws/install/baseinterface_pkg/share/baseinterface_pkg/cmake/ament_cmake_export_dependencies-extras.cmake
[11.809s] -- Installing: /home/ros/ROS2/usrmsg_ws/install/baseinterface_pkg/share/baseinterface_pkg/cmake/rosidl_cmake_export_typesupport_libraries-extras.cmake
[11.809s] -- Installing: /home/ros/ROS2/usrmsg_ws/install/baseinterface_pkg/share/baseinterface_pkg/cmake/baseinterface_pkgConfig.cmake
[11.809s] -- Installing: /home/ros/ROS2/usrmsg_ws/install/baseinterface_pkg/share/baseinterface_pkg/cmake/baseinterface_pkgConfig-version.cmake
[11.810s] -- Up-to-date: /home/ros/ROS2/usrmsg_ws/install/baseinterface_pkg/share/baseinterface_pkg/package.xml
[11.814s] Invoked command in '/home/ros/ROS2/usrmsg_ws/build/baseinterface_pkg' returned '0': CMAKE_PREFIX_PATH=/opt/ros/humble /usr/bin/cmake --install /home/ros/ROS2/usrmsg_ws/build/baseinterface_pkg
