[35m[1mConsolidate compiler generated dependencies of target IMU_node[0m
[ 33%] [32mBuilding CXX object CMakeFiles/IMU_node.dir/src/IMUSerialReader.cpp.o[0m
[ 66%] [32m[1mLinking CXX executable IMU_node[0m
[100%] Built target IMU_node
-- Install configuration: ""
-- Execute custom install script
-- Up-to-date symlink: /home/ros/ROS2/IMU_ws/install/IMU_pkg/lib/IMU_pkg/IMU_node
-- Up-to-date symlink: /home/ros/ROS2/IMU_ws/install/IMU_pkg/share/ament_index/resource_index/package_run_dependencies/IMU_pkg
-- Up-to-date symlink: /home/ros/ROS2/IMU_ws/install/IMU_pkg/share/ament_index/resource_index/parent_prefix_path/IMU_pkg
-- Up-to-date symlink: /home/ros/ROS2/IMU_ws/install/IMU_pkg/share/IMU_pkg/environment/ament_prefix_path.sh
-- Up-to-date symlink: /home/ros/ROS2/IMU_ws/install/IMU_pkg/share/IMU_pkg/environment/ament_prefix_path.dsv
-- Up-to-date symlink: /home/ros/ROS2/IMU_ws/install/IMU_pkg/share/IMU_pkg/environment/path.sh
-- Up-to-date symlink: /home/ros/ROS2/IMU_ws/install/IMU_pkg/share/IMU_pkg/environment/path.dsv
-- Up-to-date symlink: /home/ros/ROS2/IMU_ws/install/IMU_pkg/share/IMU_pkg/local_setup.bash
-- Up-to-date symlink: /home/ros/ROS2/IMU_ws/install/IMU_pkg/share/IMU_pkg/local_setup.sh
-- Up-to-date symlink: /home/ros/ROS2/IMU_ws/install/IMU_pkg/share/IMU_pkg/local_setup.zsh
-- Up-to-date symlink: /home/ros/ROS2/IMU_ws/install/IMU_pkg/share/IMU_pkg/local_setup.dsv
-- Symlinking: /home/ros/ROS2/IMU_ws/install/IMU_pkg/share/IMU_pkg/package.dsv
-- Up-to-date symlink: /home/ros/ROS2/IMU_ws/install/IMU_pkg/share/ament_index/resource_index/packages/IMU_pkg
-- Up-to-date symlink: /home/ros/ROS2/IMU_ws/install/IMU_pkg/share/IMU_pkg/cmake/IMU_pkgConfig.cmake
-- Up-to-date symlink: /home/ros/ROS2/IMU_ws/install/IMU_pkg/share/IMU_pkg/cmake/IMU_pkgConfig-version.cmake
-- Up-to-date symlink: /home/ros/ROS2/IMU_ws/install/IMU_pkg/share/IMU_pkg/package.xml
