[0.025s] Invoking command in '/home/ros2/ROS2Folder/ros2_ws/build/my_cpp_pkg': CMAKE_PREFIX_PATH=/opt/ros/humble /usr/bin/cmake /home/ros2/ROS2Folder/ros2_ws/src/my_cpp_pkg -DCMAKE_INSTALL_PREFIX=/home/ros2/ROS2Folder/ros2_ws/install/my_cpp_pkg
[0.099s] -- Found ament_cmake: 1.3.11 (/opt/ros/humble/share/ament_cmake/cmake)
[0.285s] -- Override CMake install command with custom implementation using symlinks instead of copying resources
[0.313s] -- Found rclcpp: 16.0.12 (/opt/ros/humble/share/rclcpp/cmake)
[0.384s] -- Found rosidl_generator_c: 3.1.6 (/opt/ros/humble/share/rosidl_generator_c/cmake)
[0.389s] -- Found rosidl_adapter: 3.1.6 (/opt/ros/humble/share/rosidl_adapter/cmake)
[0.403s] -- Found rosidl_generator_cpp: 3.1.6 (/opt/ros/humble/share/rosidl_generator_cpp/cmake)
[0.425s] -- Using all available rosidl_typesupport_c: rosidl_typesupport_fastrtps_c;rosidl_typesupport_introspection_c
[0.450s] -- Using all available rosidl_typesupport_cpp: rosidl_typesupport_fastrtps_cpp;rosidl_typesupport_introspection_cpp
[0.512s] -- Found rmw_implementation_cmake: 6.1.2 (/opt/ros/humble/share/rmw_implementation_cmake/cmake)
[0.516s] -- Found rmw_fastrtps_cpp: 6.2.7 (/opt/ros/humble/share/rmw_fastrtps_cpp/cmake)
[0.661s] -- Using RMW implementation 'rmw_fastrtps_cpp' as default
[0.883s] -- Configuring done
[0.906s] -- Generating done
[0.913s] -- Build files have been written to: /home/ros2/ROS2Folder/ros2_ws/build/my_cpp_pkg
[0.926s] Invoked command in '/home/ros2/ROS2Folder/ros2_ws/build/my_cpp_pkg' returned '0': CMAKE_PREFIX_PATH=/opt/ros/humble /usr/bin/cmake /home/ros2/ROS2Folder/ros2_ws/src/my_cpp_pkg -DCMAKE_INSTALL_PREFIX=/home/ros2/ROS2Folder/ros2_ws/install/my_cpp_pkg
[0.930s] Invoking command in '/home/ros2/ROS2Folder/ros2_ws/build/my_cpp_pkg': CMAKE_PREFIX_PATH=/opt/ros/humble /usr/bin/cmake --build /home/ros2/ROS2Folder/ros2_ws/build/my_cpp_pkg -- -j16 -l16
[0.978s] [35m[1mConsolidate compiler generated dependencies of target my_node[0m
[0.991s] [100%] Built target my_node
[1.004s] Invoked command in '/home/ros2/ROS2Folder/ros2_ws/build/my_cpp_pkg' returned '0': CMAKE_PREFIX_PATH=/opt/ros/humble /usr/bin/cmake --build /home/ros2/ROS2Folder/ros2_ws/build/my_cpp_pkg -- -j16 -l16
[1.018s] Invoking command in '/home/ros2/ROS2Folder/ros2_ws/build/my_cpp_pkg': CMAKE_PREFIX_PATH=/opt/ros/humble /usr/bin/cmake --install /home/ros2/ROS2Folder/ros2_ws/build/my_cpp_pkg
[1.026s] -- Install configuration: ""
[1.026s] -- Execute custom install script
[1.026s] -- Up-to-date symlink: /home/ros2/ROS2Folder/ros2_ws/install/my_cpp_pkg/lib/my_cpp_pkg/my_node
[1.027s] -- Up-to-date symlink: /home/ros2/ROS2Folder/ros2_ws/install/my_cpp_pkg/share/ament_index/resource_index/package_run_dependencies/my_cpp_pkg
[1.028s] -- Up-to-date symlink: /home/ros2/ROS2Folder/ros2_ws/install/my_cpp_pkg/share/ament_index/resource_index/parent_prefix_path/my_cpp_pkg
[1.028s] -- Up-to-date symlink: /home/ros2/ROS2Folder/ros2_ws/install/my_cpp_pkg/share/my_cpp_pkg/environment/ament_prefix_path.sh
[1.029s] -- Up-to-date symlink: /home/ros2/ROS2Folder/ros2_ws/install/my_cpp_pkg/share/my_cpp_pkg/environment/ament_prefix_path.dsv
[1.029s] -- Up-to-date symlink: /home/ros2/ROS2Folder/ros2_ws/install/my_cpp_pkg/share/my_cpp_pkg/environment/path.sh
[1.030s] -- Up-to-date symlink: /home/ros2/ROS2Folder/ros2_ws/install/my_cpp_pkg/share/my_cpp_pkg/environment/path.dsv
[1.031s] -- Up-to-date symlink: /home/ros2/ROS2Folder/ros2_ws/install/my_cpp_pkg/share/my_cpp_pkg/local_setup.bash
[1.032s] -- Up-to-date symlink: /home/ros2/ROS2Folder/ros2_ws/install/my_cpp_pkg/share/my_cpp_pkg/local_setup.sh
[1.032s] -- Up-to-date symlink: /home/ros2/ROS2Folder/ros2_ws/install/my_cpp_pkg/share/my_cpp_pkg/local_setup.zsh
[1.033s] -- Up-to-date symlink: /home/ros2/ROS2Folder/ros2_ws/install/my_cpp_pkg/share/my_cpp_pkg/local_setup.dsv
[1.033s] -- Symlinking: /home/ros2/ROS2Folder/ros2_ws/install/my_cpp_pkg/share/my_cpp_pkg/package.dsv
[1.045s] -- Up-to-date symlink: /home/ros2/ROS2Folder/ros2_ws/install/my_cpp_pkg/share/ament_index/resource_index/packages/my_cpp_pkg
[1.045s] -- Up-to-date symlink: /home/ros2/ROS2Folder/ros2_ws/install/my_cpp_pkg/share/my_cpp_pkg/cmake/my_cpp_pkgConfig.cmake
[1.046s] -- Up-to-date symlink: /home/ros2/ROS2Folder/ros2_ws/install/my_cpp_pkg/share/my_cpp_pkg/cmake/my_cpp_pkgConfig-version.cmake
[1.046s] -- Up-to-date symlink: /home/ros2/ROS2Folder/ros2_ws/install/my_cpp_pkg/share/my_cpp_pkg/package.xml
[1.049s] Invoked command in '/home/ros2/ROS2Folder/ros2_ws/build/my_cpp_pkg' returned '0': CMAKE_PREFIX_PATH=/opt/ros/humble /usr/bin/cmake --install /home/ros2/ROS2Folder/ros2_ws/build/my_cpp_pkg
