[0.018s] Invoking command in '/home/ros2/ROS2Folder/ros2_ws/build/my_cpp_pkg': CMAKE_PREFIX_PATH=/opt/ros/humble /usr/bin/cmake /home/ros2/ROS2Folder/ros2_ws/src/my_cpp_pkg -DAMENT_CMAKE_SYMLINK_INSTALL=1 -DCMAKE_INSTALL_PREFIX=/home/ros2/ROS2Folder/ros2_ws/install/my_cpp_pkg
[0.090s] -- The C compiler identification is GNU 11.4.0
[0.166s] -- The CXX compiler identification is GNU 11.4.0
[0.175s] -- Detecting C compiler ABI info
[0.269s] -- Detecting C compiler ABI info - done
[0.277s] -- Check for working C compiler: /usr/bin/cc - skipped
[0.277s] -- Detecting C compile features
[0.278s] -- Detecting C compile features - done
[0.282s] -- Detecting CXX compiler ABI info
[0.408s] -- Detecting CXX compiler ABI info - done
[0.419s] -- Check for working CXX compiler: /usr/bin/c++ - skipped
[0.419s] -- Detecting CXX compile features
[0.420s] -- Detecting CXX compile features - done
[0.425s] -- Found ament_cmake: 1.3.11 (/opt/ros/humble/share/ament_cmake/cmake)
[0.629s] -- Found Python3: /usr/bin/python3 (found version "3.10.12") found components: Interpreter 
[0.710s] -- Override CMake install command with custom implementation using symlinks instead of copying resources
[0.747s] -- Found rclcpp: 16.0.12 (/opt/ros/humble/share/rclcpp/cmake)
[0.794s] -- Found rosidl_generator_c: 3.1.6 (/opt/ros/humble/share/rosidl_generator_c/cmake)
[0.800s] -- Found rosidl_adapter: 3.1.6 (/opt/ros/humble/share/rosidl_adapter/cmake)
[0.809s] -- Found rosidl_generator_cpp: 3.1.6 (/opt/ros/humble/share/rosidl_generator_cpp/cmake)
[0.829s] -- Using all available rosidl_typesupport_c: rosidl_typesupport_fastrtps_c;rosidl_typesupport_introspection_c
[0.851s] -- Using all available rosidl_typesupport_cpp: rosidl_typesupport_fastrtps_cpp;rosidl_typesupport_introspection_cpp
[0.901s] -- Found rmw_implementation_cmake: 6.1.2 (/opt/ros/humble/share/rmw_implementation_cmake/cmake)
[0.904s] -- Found rmw_fastrtps_cpp: 6.2.7 (/opt/ros/humble/share/rmw_fastrtps_cpp/cmake)
[1.003s] -- Found OpenSSL: /usr/lib/x86_64-linux-gnu/libcrypto.so (found version "3.0.2")  
[1.033s] -- Found FastRTPS: /opt/ros/humble/include  
[1.080s] -- Using RMW implementation 'rmw_fastrtps_cpp' as default
[1.089s] -- Looking for pthread.h
[1.177s] -- Looking for pthread.h - found
[1.178s] -- Performing Test CMAKE_HAVE_LIBC_PTHREAD
[1.266s] -- Performing Test CMAKE_HAVE_LIBC_PTHREAD - Success
[1.267s] -- Found Threads: TRUE  
[1.410s] -- Configuring done
[1.425s] -- Generating done
[1.429s] -- Build files have been written to: /home/ros2/ROS2Folder/ros2_ws/build/my_cpp_pkg
[1.441s] Invoked command in '/home/ros2/ROS2Folder/ros2_ws/build/my_cpp_pkg' returned '0': CMAKE_PREFIX_PATH=/opt/ros/humble /usr/bin/cmake /home/ros2/ROS2Folder/ros2_ws/src/my_cpp_pkg -DAMENT_CMAKE_SYMLINK_INSTALL=1 -DCMAKE_INSTALL_PREFIX=/home/ros2/ROS2Folder/ros2_ws/install/my_cpp_pkg
[1.443s] Invoking command in '/home/ros2/ROS2Folder/ros2_ws/build/my_cpp_pkg': CMAKE_PREFIX_PATH=/opt/ros/humble /usr/bin/cmake --build /home/ros2/ROS2Folder/ros2_ws/build/my_cpp_pkg -- -j16 -l16
[1.499s] [ 50%] [32mBuilding CXX object CMakeFiles/my_node.dir/src/my_node.cpp.o[0m
[1.570s] [100%] [32m[1mLinking CXX executable my_node[0m
[1.738s] [100%] Built target my_node
[1.752s] Invoked command in '/home/ros2/ROS2Folder/ros2_ws/build/my_cpp_pkg' returned '0': CMAKE_PREFIX_PATH=/opt/ros/humble /usr/bin/cmake --build /home/ros2/ROS2Folder/ros2_ws/build/my_cpp_pkg -- -j16 -l16
[1.766s] Invoking command in '/home/ros2/ROS2Folder/ros2_ws/build/my_cpp_pkg': CMAKE_PREFIX_PATH=/opt/ros/humble /usr/bin/cmake --install /home/ros2/ROS2Folder/ros2_ws/build/my_cpp_pkg
[1.773s] -- Install configuration: ""
[1.773s] -- Execute custom install script
[1.775s] -- Symlinking: /home/ros2/ROS2Folder/ros2_ws/install/my_cpp_pkg/lib/my_cpp_pkg/my_node
[1.785s] -- Symlinking: /home/ros2/ROS2Folder/ros2_ws/install/my_cpp_pkg/share/ament_index/resource_index/package_run_dependencies/my_cpp_pkg
[1.794s] -- Symlinking: /home/ros2/ROS2Folder/ros2_ws/install/my_cpp_pkg/share/ament_index/resource_index/parent_prefix_path/my_cpp_pkg
[1.805s] -- Symlinking: /home/ros2/ROS2Folder/ros2_ws/install/my_cpp_pkg/share/my_cpp_pkg/environment/ament_prefix_path.sh
[1.815s] -- Symlinking: /home/ros2/ROS2Folder/ros2_ws/install/my_cpp_pkg/share/my_cpp_pkg/environment/ament_prefix_path.dsv
[1.824s] -- Symlinking: /home/ros2/ROS2Folder/ros2_ws/install/my_cpp_pkg/share/my_cpp_pkg/environment/path.sh
[1.834s] -- Symlinking: /home/ros2/ROS2Folder/ros2_ws/install/my_cpp_pkg/share/my_cpp_pkg/environment/path.dsv
[1.842s] -- Symlinking: /home/ros2/ROS2Folder/ros2_ws/install/my_cpp_pkg/share/my_cpp_pkg/local_setup.bash
[1.852s] -- Symlinking: /home/ros2/ROS2Folder/ros2_ws/install/my_cpp_pkg/share/my_cpp_pkg/local_setup.sh
[1.860s] -- Symlinking: /home/ros2/ROS2Folder/ros2_ws/install/my_cpp_pkg/share/my_cpp_pkg/local_setup.zsh
[1.869s] -- Symlinking: /home/ros2/ROS2Folder/ros2_ws/install/my_cpp_pkg/share/my_cpp_pkg/local_setup.dsv
[1.878s] -- Symlinking: /home/ros2/ROS2Folder/ros2_ws/install/my_cpp_pkg/share/my_cpp_pkg/package.dsv
[1.889s] -- Symlinking: /home/ros2/ROS2Folder/ros2_ws/install/my_cpp_pkg/share/ament_index/resource_index/packages/my_cpp_pkg
[1.898s] -- Symlinking: /home/ros2/ROS2Folder/ros2_ws/install/my_cpp_pkg/share/my_cpp_pkg/cmake/my_cpp_pkgConfig.cmake
[1.906s] -- Symlinking: /home/ros2/ROS2Folder/ros2_ws/install/my_cpp_pkg/share/my_cpp_pkg/cmake/my_cpp_pkgConfig-version.cmake
[1.915s] -- Symlinking: /home/ros2/ROS2Folder/ros2_ws/install/my_cpp_pkg/share/my_cpp_pkg/package.xml
[1.927s] Invoked command in '/home/ros2/ROS2Folder/ros2_ws/build/my_cpp_pkg' returned '0': CMAKE_PREFIX_PATH=/opt/ros/humble /usr/bin/cmake --install /home/ros2/ROS2Folder/ros2_ws/build/my_cpp_pkg
