[0.017s] Invoking command in '/home/ros/ROS2/IMU_ws/build/IMU_pkg': CMAKE_PREFIX_PATH=/opt/ros/humble /usr/bin/cmake --build /home/ros/ROS2/IMU_ws/build/IMU_pkg -- -j8 -l8
[0.065s] [35m[1mConsolidate compiler generated dependencies of target IMU_node[0m
[0.099s] [ 66%] [32mBuilding CXX object CMakeFiles/IMU_node.dir/src/IMUSerialReader.cpp.o[0m
[0.099s] [ 66%] [32mBuilding CXX object CMakeFiles/IMU_node.dir/src/IMU_node.cpp.o[0m
[6.341s] [100%] [32m[1mLinking CXX executable IMU_node[0m
[6.681s] [100%] Built target IMU_node
[6.696s] Invoked command in '/home/ros/ROS2/IMU_ws/build/IMU_pkg' returned '0': CMAKE_PREFIX_PATH=/opt/ros/humble /usr/bin/cmake --build /home/ros/ROS2/IMU_ws/build/IMU_pkg -- -j8 -l8
[6.699s] Invoking command in '/home/ros/ROS2/IMU_ws/build/IMU_pkg': CMAKE_PREFIX_PATH=/opt/ros/humble /usr/bin/cmake --install /home/ros/ROS2/IMU_ws/build/IMU_pkg
[6.705s] -- Install configuration: ""
[6.705s] -- Execute custom install script
[6.706s] -- Up-to-date symlink: /home/ros/ROS2/IMU_ws/install/IMU_pkg/lib/IMU_pkg/IMU_node
[6.706s] -- Up-to-date symlink: /home/ros/ROS2/IMU_ws/install/IMU_pkg/share/ament_index/resource_index/package_run_dependencies/IMU_pkg
[6.706s] -- Up-to-date symlink: /home/ros/ROS2/IMU_ws/install/IMU_pkg/share/ament_index/resource_index/parent_prefix_path/IMU_pkg
[6.706s] -- Up-to-date symlink: /home/ros/ROS2/IMU_ws/install/IMU_pkg/share/IMU_pkg/environment/ament_prefix_path.sh
[6.707s] -- Up-to-date symlink: /home/ros/ROS2/IMU_ws/install/IMU_pkg/share/IMU_pkg/environment/ament_prefix_path.dsv
[6.707s] -- Up-to-date symlink: /home/ros/ROS2/IMU_ws/install/IMU_pkg/share/IMU_pkg/environment/path.sh
[6.707s] -- Up-to-date symlink: /home/ros/ROS2/IMU_ws/install/IMU_pkg/share/IMU_pkg/environment/path.dsv
[6.707s] -- Up-to-date symlink: /home/ros/ROS2/IMU_ws/install/IMU_pkg/share/IMU_pkg/local_setup.bash
[6.707s] -- Up-to-date symlink: /home/ros/ROS2/IMU_ws/install/IMU_pkg/share/IMU_pkg/local_setup.sh
[6.707s] -- Up-to-date symlink: /home/ros/ROS2/IMU_ws/install/IMU_pkg/share/IMU_pkg/local_setup.zsh
[6.708s] -- Up-to-date symlink: /home/ros/ROS2/IMU_ws/install/IMU_pkg/share/IMU_pkg/local_setup.dsv
[6.708s] -- Symlinking: /home/ros/ROS2/IMU_ws/install/IMU_pkg/share/IMU_pkg/package.dsv
[6.718s] -- Up-to-date symlink: /home/ros/ROS2/IMU_ws/install/IMU_pkg/share/ament_index/resource_index/packages/IMU_pkg
[6.718s] -- Up-to-date symlink: /home/ros/ROS2/IMU_ws/install/IMU_pkg/share/IMU_pkg/cmake/IMU_pkgConfig.cmake
[6.718s] -- Up-to-date symlink: /home/ros/ROS2/IMU_ws/install/IMU_pkg/share/IMU_pkg/cmake/IMU_pkgConfig-version.cmake
[6.719s] -- Up-to-date symlink: /home/ros/ROS2/IMU_ws/install/IMU_pkg/share/IMU_pkg/package.xml
[6.721s] Invoked command in '/home/ros/ROS2/IMU_ws/build/IMU_pkg' returned '0': CMAKE_PREFIX_PATH=/opt/ros/humble /usr/bin/cmake --install /home/ros/ROS2/IMU_ws/build/IMU_pkg
