[0.255s] DEBUG:colcon:Command line arguments: ['/usr/bin/colcon', 'build', '--symlink-install']
[0.255s] DEBUG:colcon:Parsed command line arguments: Namespace(log_base=None, log_level=None, verb_name='build', build_base='build', install_base='install', merge_install=False, symlink_install=True, test_result_base=None, continue_on_error=False, executor='parallel', parallel_workers=16, event_handlers=None, ignore_user_meta=False, metas=['./colcon.meta'], base_paths=['.'], packages_ignore=None, packages_ignore_regex=None, paths=None, packages_up_to=None, packages_up_to_regex=None, packages_above=None, packages_above_and_dependencies=None, packages_above_depth=None, packages_select_by_dep=None, packages_skip_by_dep=None, packages_skip_up_to=None, packages_select_build_failed=False, packages_skip_build_finished=False, packages_select_test_failures=False, packages_skip_test_passed=False, packages_select=None, packages_skip=None, packages_select_regex=None, packages_skip_regex=None, packages_start=None, packages_end=None, allow_overriding=[], cmake_args=None, cmake_target=None, cmake_target_skip_unavailable=False, cmake_clean_cache=False, cmake_clean_first=False, cmake_force_configure=False, ament_cmake_args=None, catkin_cmake_args=None, catkin_skip_building_tests=False, verb_parser=<colcon_defaults.argument_parser.defaults.DefaultArgumentsDecorator object at 0x7f958ced2ec0>, verb_extension=<colcon_core.verb.build.BuildVerb object at 0x7f958ced29b0>, main=<bound method BuildVerb.main of <colcon_core.verb.build.BuildVerb object at 0x7f958ced29b0>>)
[0.626s] Level 1:colcon.colcon_core.package_discovery:discover_packages(colcon_meta) check parameters
[0.626s] Level 1:colcon.colcon_core.package_discovery:discover_packages(recursive) check parameters
[0.626s] Level 1:colcon.colcon_core.package_discovery:discover_packages(ignore) check parameters
[0.626s] Level 1:colcon.colcon_core.package_discovery:discover_packages(path) check parameters
[0.626s] Level 1:colcon.colcon_core.package_discovery:discover_packages(colcon_meta) discover
[0.626s] Level 1:colcon.colcon_core.package_discovery:discover_packages(recursive) discover
[0.626s] INFO:colcon.colcon_core.package_discovery:Crawling recursively for packages in '/home/ros2/ROS2Folder/topic_ws'
[0.626s] Level 1:colcon.colcon_core.package_identification:_identify(.) by extensions ['ignore', 'ignore_ament_install']
[0.626s] Level 1:colcon.colcon_core.package_identification:_identify(.) by extension 'ignore'
[0.626s] Level 1:colcon.colcon_core.package_identification:_identify(.) by extension 'ignore_ament_install'
[0.626s] Level 1:colcon.colcon_core.package_identification:_identify(.) by extensions ['colcon_pkg']
[0.626s] Level 1:colcon.colcon_core.package_identification:_identify(.) by extension 'colcon_pkg'
[0.626s] Level 1:colcon.colcon_core.package_identification:_identify(.) by extensions ['colcon_meta']
[0.626s] Level 1:colcon.colcon_core.package_identification:_identify(.) by extension 'colcon_meta'
[0.627s] Level 1:colcon.colcon_core.package_identification:_identify(.) by extensions ['ros']
[0.627s] Level 1:colcon.colcon_core.package_identification:_identify(.) by extension 'ros'
[0.641s] Level 1:colcon.colcon_core.package_identification:_identify(.) by extensions ['cmake', 'python']
[0.641s] Level 1:colcon.colcon_core.package_identification:_identify(.) by extension 'cmake'
[0.641s] Level 1:colcon.colcon_core.package_identification:_identify(.) by extension 'python'
[0.641s] Level 1:colcon.colcon_core.package_identification:_identify(.) by extensions ['python_setup_py']
[0.641s] Level 1:colcon.colcon_core.package_identification:_identify(.) by extension 'python_setup_py'
[0.641s] Level 1:colcon.colcon_core.package_identification:_identify(build) by extensions ['ignore', 'ignore_ament_install']
[0.641s] Level 1:colcon.colcon_core.package_identification:_identify(build) by extension 'ignore'
[0.641s] Level 1:colcon.colcon_core.package_identification:_identify(build) ignored
[0.641s] Level 1:colcon.colcon_core.package_identification:_identify(install) by extensions ['ignore', 'ignore_ament_install']
[0.641s] Level 1:colcon.colcon_core.package_identification:_identify(install) by extension 'ignore'
[0.641s] Level 1:colcon.colcon_core.package_identification:_identify(install) ignored
[0.641s] Level 1:colcon.colcon_core.package_identification:_identify(log) by extensions ['ignore', 'ignore_ament_install']
[0.641s] Level 1:colcon.colcon_core.package_identification:_identify(log) by extension 'ignore'
[0.642s] Level 1:colcon.colcon_core.package_identification:_identify(log) ignored
[0.642s] Level 1:colcon.colcon_core.package_identification:_identify(src) by extensions ['ignore', 'ignore_ament_install']
[0.642s] Level 1:colcon.colcon_core.package_identification:_identify(src) by extension 'ignore'
[0.642s] Level 1:colcon.colcon_core.package_identification:_identify(src) by extension 'ignore_ament_install'
[0.642s] Level 1:colcon.colcon_core.package_identification:_identify(src) by extensions ['colcon_pkg']
[0.642s] Level 1:colcon.colcon_core.package_identification:_identify(src) by extension 'colcon_pkg'
[0.642s] Level 1:colcon.colcon_core.package_identification:_identify(src) by extensions ['colcon_meta']
[0.642s] Level 1:colcon.colcon_core.package_identification:_identify(src) by extension 'colcon_meta'
[0.642s] Level 1:colcon.colcon_core.package_identification:_identify(src) by extensions ['ros']
[0.642s] Level 1:colcon.colcon_core.package_identification:_identify(src) by extension 'ros'
[0.642s] Level 1:colcon.colcon_core.package_identification:_identify(src) by extensions ['cmake', 'python']
[0.642s] Level 1:colcon.colcon_core.package_identification:_identify(src) by extension 'cmake'
[0.642s] Level 1:colcon.colcon_core.package_identification:_identify(src) by extension 'python'
[0.642s] Level 1:colcon.colcon_core.package_identification:_identify(src) by extensions ['python_setup_py']
[0.642s] Level 1:colcon.colcon_core.package_identification:_identify(src) by extension 'python_setup_py'
[0.642s] Level 1:colcon.colcon_core.package_identification:_identify(src/topic_cpp) by extensions ['ignore', 'ignore_ament_install']
[0.642s] Level 1:colcon.colcon_core.package_identification:_identify(src/topic_cpp) by extension 'ignore'
[0.642s] Level 1:colcon.colcon_core.package_identification:_identify(src/topic_cpp) by extension 'ignore_ament_install'
[0.642s] Level 1:colcon.colcon_core.package_identification:_identify(src/topic_cpp) by extensions ['colcon_pkg']
[0.642s] Level 1:colcon.colcon_core.package_identification:_identify(src/topic_cpp) by extension 'colcon_pkg'
[0.642s] Level 1:colcon.colcon_core.package_identification:_identify(src/topic_cpp) by extensions ['colcon_meta']
[0.642s] Level 1:colcon.colcon_core.package_identification:_identify(src/topic_cpp) by extension 'colcon_meta'
[0.642s] Level 1:colcon.colcon_core.package_identification:_identify(src/topic_cpp) by extensions ['ros']
[0.642s] Level 1:colcon.colcon_core.package_identification:_identify(src/topic_cpp) by extension 'ros'
[0.647s] DEBUG:colcon.colcon_core.package_identification:Package 'src/topic_cpp' with type 'ros.ament_cmake' and name 'topic_cpp'
[0.647s] Level 1:colcon.colcon_core.package_discovery:discover_packages(recursive) using defaults
[0.647s] Level 1:colcon.colcon_core.package_discovery:discover_packages(ignore) discover
[0.647s] Level 1:colcon.colcon_core.package_discovery:discover_packages(ignore) using defaults
[0.647s] Level 1:colcon.colcon_core.package_discovery:discover_packages(path) discover
[0.647s] Level 1:colcon.colcon_core.package_discovery:discover_packages(path) using defaults
[0.678s] Level 1:colcon.colcon_core.package_discovery:discover_packages(prefix_path) check parameters
[0.678s] Level 1:colcon.colcon_core.package_discovery:discover_packages(prefix_path) discover
[0.681s] WARNING:colcon.colcon_core.prefix_path.colcon:The path '/home/ros2/ROS2Folder/ros2_ws/install' in the environment variable COLCON_PREFIX_PATH doesn't exist
[0.681s] WARNING:colcon.colcon_ros.prefix_path.ament:The path '/home/ros2/ROS2Folder/ros2_ws/install/my_cpp_pkg' in the environment variable AMENT_PREFIX_PATH doesn't exist
[0.682s] WARNING:colcon.colcon_ros.prefix_path.catkin:The path '/home/ros2/ROS2Folder/ros2_ws/install/my_cpp_pkg' in the environment variable CMAKE_PREFIX_PATH doesn't exist
[0.686s] DEBUG:colcon.colcon_installed_package_information.package_discovery:Found 271 installed packages in /opt/ros/humble
[0.687s] Level 1:colcon.colcon_core.package_discovery:discover_packages(prefix_path) using defaults
[0.805s] Level 5:colcon.colcon_core.verb:set package 'topic_cpp' build argument 'cmake_args' from command line to 'None'
[0.805s] Level 5:colcon.colcon_core.verb:set package 'topic_cpp' build argument 'cmake_target' from command line to 'None'
[0.805s] Level 5:colcon.colcon_core.verb:set package 'topic_cpp' build argument 'cmake_target_skip_unavailable' from command line to 'False'
[0.806s] Level 5:colcon.colcon_core.verb:set package 'topic_cpp' build argument 'cmake_clean_cache' from command line to 'False'
[0.806s] Level 5:colcon.colcon_core.verb:set package 'topic_cpp' build argument 'cmake_clean_first' from command line to 'False'
[0.806s] Level 5:colcon.colcon_core.verb:set package 'topic_cpp' build argument 'cmake_force_configure' from command line to 'False'
[0.806s] Level 5:colcon.colcon_core.verb:set package 'topic_cpp' build argument 'ament_cmake_args' from command line to 'None'
[0.806s] Level 5:colcon.colcon_core.verb:set package 'topic_cpp' build argument 'catkin_cmake_args' from command line to 'None'
[0.806s] Level 5:colcon.colcon_core.verb:set package 'topic_cpp' build argument 'catkin_skip_building_tests' from command line to 'False'
[0.806s] DEBUG:colcon.colcon_core.verb:Building package 'topic_cpp' with the following arguments: {'ament_cmake_args': None, 'build_base': '/home/ros2/ROS2Folder/topic_ws/build/topic_cpp', 'catkin_cmake_args': None, 'catkin_skip_building_tests': False, 'cmake_args': None, 'cmake_clean_cache': False, 'cmake_clean_first': False, 'cmake_force_configure': False, 'cmake_target': None, 'cmake_target_skip_unavailable': False, 'install_base': '/home/ros2/ROS2Folder/topic_ws/install/topic_cpp', 'merge_install': False, 'path': '/home/ros2/ROS2Folder/topic_ws/src/topic_cpp', 'symlink_install': True, 'test_result_base': None}
[0.806s] INFO:colcon.colcon_core.executor:Executing jobs using 'parallel' executor
[0.807s] DEBUG:colcon.colcon_parallel_executor.executor.parallel:run_until_complete
[0.807s] INFO:colcon.colcon_ros.task.ament_cmake.build:Building ROS package in '/home/ros2/ROS2Folder/topic_ws/src/topic_cpp' with build type 'ament_cmake'
[0.807s] INFO:colcon.colcon_cmake.task.cmake.build:Building CMake package in '/home/ros2/ROS2Folder/topic_ws/src/topic_cpp'
[0.815s] INFO:colcon.colcon_core.plugin_system:Skipping extension 'colcon_core.shell.bat': Not used on non-Windows systems
[0.815s] INFO:colcon.colcon_core.shell:Skip shell extension 'powershell' for command environment: Not usable outside of PowerShell
[0.815s] DEBUG:colcon.colcon_core.shell:Skip shell extension 'dsv' for command environment
[0.824s] DEBUG:colcon.colcon_core.event_handler.log_command:Invoking command in '/home/ros2/ROS2Folder/topic_ws/build/topic_cpp': CMAKE_PREFIX_PATH=${CMAKE_PREFIX_PATH}:/opt/ros/humble /usr/bin/cmake --build /home/ros2/ROS2Folder/topic_ws/build/topic_cpp -- -j16 -l16
[4.989s] DEBUG:colcon.colcon_core.event_handler.log_command:Invoked command in '/home/ros2/ROS2Folder/topic_ws/build/topic_cpp' returned '0': CMAKE_PREFIX_PATH=${CMAKE_PREFIX_PATH}:/opt/ros/humble /usr/bin/cmake --build /home/ros2/ROS2Folder/topic_ws/build/topic_cpp -- -j16 -l16
[4.998s] DEBUG:colcon.colcon_core.event_handler.log_command:Invoking command in '/home/ros2/ROS2Folder/topic_ws/build/topic_cpp': CMAKE_PREFIX_PATH=${CMAKE_PREFIX_PATH}:/opt/ros/humble /usr/bin/cmake --install /home/ros2/ROS2Folder/topic_ws/build/topic_cpp
[5.025s] Level 1:colcon.colcon_core.environment:create_environment_scripts_only(topic_cpp)
[5.026s] DEBUG:colcon.colcon_core.event_handler.log_command:Invoked command in '/home/ros2/ROS2Folder/topic_ws/build/topic_cpp' returned '0': CMAKE_PREFIX_PATH=${CMAKE_PREFIX_PATH}:/opt/ros/humble /usr/bin/cmake --install /home/ros2/ROS2Folder/topic_ws/build/topic_cpp
[5.035s] Level 1:colcon.colcon_core.environment:checking '/home/ros2/ROS2Folder/topic_ws/install/topic_cpp' for CMake module files
[5.036s] Level 1:colcon.colcon_core.environment:checking '/home/ros2/ROS2Folder/topic_ws/install/topic_cpp' for CMake config files
[5.036s] Level 1:colcon.colcon_core.shell:create_environment_hook('topic_cpp', 'cmake_prefix_path')
[5.037s] INFO:colcon.colcon_core.shell:Creating environment hook '/home/ros2/ROS2Folder/topic_ws/install/topic_cpp/share/topic_cpp/hook/cmake_prefix_path.ps1'
[5.038s] INFO:colcon.colcon_core.shell:Creating environment descriptor '/home/ros2/ROS2Folder/topic_ws/install/topic_cpp/share/topic_cpp/hook/cmake_prefix_path.dsv'
[5.039s] INFO:colcon.colcon_core.shell:Creating environment hook '/home/ros2/ROS2Folder/topic_ws/install/topic_cpp/share/topic_cpp/hook/cmake_prefix_path.sh'
[5.040s] Level 1:colcon.colcon_core.environment:checking '/home/ros2/ROS2Folder/topic_ws/install/topic_cpp/lib'
[5.041s] Level 1:colcon.colcon_core.environment:checking '/home/ros2/ROS2Folder/topic_ws/install/topic_cpp/bin'
[5.041s] Level 1:colcon.colcon_core.environment:checking '/home/ros2/ROS2Folder/topic_ws/install/topic_cpp/lib/pkgconfig/topic_cpp.pc'
[5.041s] Level 1:colcon.colcon_core.environment:checking '/home/ros2/ROS2Folder/topic_ws/install/topic_cpp/lib/python3.10/site-packages'
[5.041s] Level 1:colcon.colcon_core.environment:checking '/home/ros2/ROS2Folder/topic_ws/install/topic_cpp/bin'
[5.041s] INFO:colcon.colcon_core.shell:Creating package script '/home/ros2/ROS2Folder/topic_ws/install/topic_cpp/share/topic_cpp/package.ps1'
[5.042s] INFO:colcon.colcon_core.shell:Creating package descriptor '/home/ros2/ROS2Folder/topic_ws/install/topic_cpp/share/topic_cpp/package.dsv'
[5.043s] INFO:colcon.colcon_core.shell:Creating package script '/home/ros2/ROS2Folder/topic_ws/install/topic_cpp/share/topic_cpp/package.sh'
[5.045s] INFO:colcon.colcon_core.shell:Creating package script '/home/ros2/ROS2Folder/topic_ws/install/topic_cpp/share/topic_cpp/package.bash'
[5.046s] INFO:colcon.colcon_core.shell:Creating package script '/home/ros2/ROS2Folder/topic_ws/install/topic_cpp/share/topic_cpp/package.zsh'
[5.046s] Level 1:colcon.colcon_core.environment:create_file_with_runtime_dependencies(/home/ros2/ROS2Folder/topic_ws/install/topic_cpp/share/colcon-core/packages/topic_cpp)
[5.047s] Level 1:colcon.colcon_core.environment:create_environment_scripts_only(topic_cpp)
[5.047s] Level 1:colcon.colcon_core.environment:checking '/home/ros2/ROS2Folder/topic_ws/install/topic_cpp' for CMake module files
[5.048s] Level 1:colcon.colcon_core.environment:checking '/home/ros2/ROS2Folder/topic_ws/install/topic_cpp' for CMake config files
[5.048s] Level 1:colcon.colcon_core.shell:create_environment_hook('topic_cpp', 'cmake_prefix_path')
[5.048s] INFO:colcon.colcon_core.shell:Creating environment hook '/home/ros2/ROS2Folder/topic_ws/install/topic_cpp/share/topic_cpp/hook/cmake_prefix_path.ps1'
[5.048s] INFO:colcon.colcon_core.shell:Creating environment descriptor '/home/ros2/ROS2Folder/topic_ws/install/topic_cpp/share/topic_cpp/hook/cmake_prefix_path.dsv'
[5.049s] INFO:colcon.colcon_core.shell:Creating environment hook '/home/ros2/ROS2Folder/topic_ws/install/topic_cpp/share/topic_cpp/hook/cmake_prefix_path.sh'
[5.049s] Level 1:colcon.colcon_core.environment:checking '/home/ros2/ROS2Folder/topic_ws/install/topic_cpp/lib'
[5.049s] Level 1:colcon.colcon_core.environment:checking '/home/ros2/ROS2Folder/topic_ws/install/topic_cpp/bin'
[5.049s] Level 1:colcon.colcon_core.environment:checking '/home/ros2/ROS2Folder/topic_ws/install/topic_cpp/lib/pkgconfig/topic_cpp.pc'
[5.049s] Level 1:colcon.colcon_core.environment:checking '/home/ros2/ROS2Folder/topic_ws/install/topic_cpp/lib/python3.10/site-packages'
[5.050s] Level 1:colcon.colcon_core.environment:checking '/home/ros2/ROS2Folder/topic_ws/install/topic_cpp/bin'
[5.050s] INFO:colcon.colcon_core.shell:Creating package script '/home/ros2/ROS2Folder/topic_ws/install/topic_cpp/share/topic_cpp/package.ps1'
[5.050s] INFO:colcon.colcon_core.shell:Creating package descriptor '/home/ros2/ROS2Folder/topic_ws/install/topic_cpp/share/topic_cpp/package.dsv'
[5.050s] INFO:colcon.colcon_core.shell:Creating package script '/home/ros2/ROS2Folder/topic_ws/install/topic_cpp/share/topic_cpp/package.sh'
[5.051s] INFO:colcon.colcon_core.shell:Creating package script '/home/ros2/ROS2Folder/topic_ws/install/topic_cpp/share/topic_cpp/package.bash'
[5.051s] INFO:colcon.colcon_core.shell:Creating package script '/home/ros2/ROS2Folder/topic_ws/install/topic_cpp/share/topic_cpp/package.zsh'
[5.051s] Level 1:colcon.colcon_core.environment:create_file_with_runtime_dependencies(/home/ros2/ROS2Folder/topic_ws/install/topic_cpp/share/colcon-core/packages/topic_cpp)
[5.052s] DEBUG:colcon.colcon_parallel_executor.executor.parallel:closing loop
[5.052s] DEBUG:colcon.colcon_parallel_executor.executor.parallel:loop closed
[5.052s] DEBUG:colcon.colcon_parallel_executor.executor.parallel:run_until_complete finished with '0'
[5.053s] DEBUG:colcon.colcon_core.event_reactor:joining thread
[5.066s] INFO:colcon.colcon_core.plugin_system:Skipping extension 'colcon_notification.desktop_notification.notify_send': Could not find 'notify-send'
[5.066s] INFO:colcon.colcon_core.plugin_system:Skipping extension 'colcon_notification.desktop_notification.terminal_notifier': Not used on non-Darwin systems
[5.066s] INFO:colcon.colcon_core.plugin_system:Skipping extension 'colcon_notification.desktop_notification.win32': Not used on non-Windows systems
[5.066s] INFO:colcon.colcon_notification.desktop_notification:Sending desktop notification using 'notify2'
[5.066s] DEBUG:colcon.colcon_notification.desktop_notification.notify2:Failed to initialize notify2: org.freedesktop.DBus.Error.NotSupported: Unable to autolaunch a dbus-daemon without a $DISPLAY for X11
[5.066s] DEBUG:colcon.colcon_core.event_reactor:joined thread
[5.067s] INFO:colcon.colcon_core.shell:Creating prefix script '/home/ros2/ROS2Folder/topic_ws/install/local_setup.ps1'
[5.068s] INFO:colcon.colcon_core.shell:Creating prefix util module '/home/ros2/ROS2Folder/topic_ws/install/_local_setup_util_ps1.py'
[5.070s] INFO:colcon.colcon_core.shell:Creating prefix chain script '/home/ros2/ROS2Folder/topic_ws/install/setup.ps1'
[5.071s] INFO:colcon.colcon_core.shell:Creating prefix script '/home/ros2/ROS2Folder/topic_ws/install/local_setup.sh'
[5.072s] INFO:colcon.colcon_core.shell:Creating prefix util module '/home/ros2/ROS2Folder/topic_ws/install/_local_setup_util_sh.py'
[5.073s] INFO:colcon.colcon_core.shell:Creating prefix chain script '/home/ros2/ROS2Folder/topic_ws/install/setup.sh'
[5.074s] INFO:colcon.colcon_core.shell:Creating prefix script '/home/ros2/ROS2Folder/topic_ws/install/local_setup.bash'
[5.075s] INFO:colcon.colcon_core.shell:Creating prefix chain script '/home/ros2/ROS2Folder/topic_ws/install/setup.bash'
[5.076s] INFO:colcon.colcon_core.shell:Creating prefix script '/home/ros2/ROS2Folder/topic_ws/install/local_setup.zsh'
[5.077s] INFO:colcon.colcon_core.shell:Creating prefix chain script '/home/ros2/ROS2Folder/topic_ws/install/setup.zsh'
