[0.016s] Invoking command in '/home/ros/ROS2/IMU_ws/build/IMU_pkg': CMAKE_PREFIX_PATH=/opt/ros/humble /usr/bin/cmake --build /home/ros/ROS2/IMU_ws/build/IMU_pkg -- -j8 -l8
[0.041s] -- Found ament_cmake: 1.3.11 (/opt/ros/humble/share/ament_cmake/cmake)
[0.162s] -- Override CMake install command with custom implementation using symlinks instead of copying resources
[0.170s] -- Found rclcpp: 16.0.12 (/opt/ros/humble/share/rclcpp/cmake)
[0.200s] -- Found rosidl_generator_c: 3.1.6 (/opt/ros/humble/share/rosidl_generator_c/cmake)
[0.202s] -- Found rosidl_adapter: 3.1.6 (/opt/ros/humble/share/rosidl_adapter/cmake)
[0.208s] -- Found rosidl_generator_cpp: 3.1.6 (/opt/ros/humble/share/rosidl_generator_cpp/cmake)
[0.219s] -- Using all available rosidl_typesupport_c: rosidl_typesupport_fastrtps_c;rosidl_typesupport_introspection_c
[0.234s] -- Using all available rosidl_typesupport_cpp: rosidl_typesupport_fastrtps_cpp;rosidl_typesupport_introspection_cpp
[0.275s] -- Found rmw_implementation_cmake: 6.1.2 (/opt/ros/humble/share/rmw_implementation_cmake/cmake)
[0.276s] -- Found rmw_fastrtps_cpp: 6.2.7 (/opt/ros/humble/share/rmw_fastrtps_cpp/cmake)
[0.387s] -- Using RMW implementation 'rmw_fastrtps_cpp' as default
[0.451s] -- Found sensor_msgs: 4.8.0 (/opt/ros/humble/share/sensor_msgs/cmake)
[0.489s] -- Found tf2_ros: 0.25.12 (/opt/ros/humble/share/tf2_ros/cmake)
[0.653s] WARNING: Package name "IMU_pkg" does not follow the naming conventions. It should start with a lower case letter and only contain lower case letters, digits, underscores, and dashes.
[0.667s] -- Configuring done
[0.682s] -- Generating done
[0.689s] -- Build files have been written to: /home/ros/ROS2/IMU_ws/build/IMU_pkg
[0.718s] [35m[1mConsolidate compiler generated dependencies of target IMU_node[0m
[0.730s] [ 50%] [32mBuilding CXX object CMakeFiles/IMU_node.dir/src/IMU_node.cpp.o[0m
[1.047s] [01m[K/home/ros/ROS2/IMU_ws/src/IMU_pkg/src/IMU_node.cpp:6:10:[m[K [01;31m[Kfatal error: [m[Krclcpp/std_msgs/msg/string.hpp: No such file or directory
[1.047s]     6 | #include [01;31m[K<rclcpp/std_msgs/msg/string.hpp>[m[K
[1.047s]       |          [01;31m[K^~~~~~~~~~~~~~~~~~~~~~~~~~~~~~~~[m[K
[1.047s] compilation terminated.
[1.050s] gmake[2]: *** [CMakeFiles/IMU_node.dir/build.make:76: CMakeFiles/IMU_node.dir/src/IMU_node.cpp.o] Error 1
[1.050s] gmake[1]: *** [CMakeFiles/Makefile2:137: CMakeFiles/IMU_node.dir/all] Error 2
[1.050s] gmake: *** [Makefile:146: all] Error 2
[1.053s] Invoked command in '/home/ros/ROS2/IMU_ws/build/IMU_pkg' returned '2': CMAKE_PREFIX_PATH=/opt/ros/humble /usr/bin/cmake --build /home/ros/ROS2/IMU_ws/build/IMU_pkg -- -j8 -l8
