[0.019s] Invoking command in '/home/ros2/ROS2Folder/topic_ws/build/topic_cpp': CMAKE_PREFIX_PATH=/opt/ros/humble /usr/bin/cmake --build /home/ros2/ROS2Folder/topic_ws/build/topic_cpp -- -j16 -l16
[0.122s] [35m[1mConsolidate compiler generated dependencies of target topicpublish[0m
[0.141s] [ 50%] [32mBuilding CXX object CMakeFiles/topicpublish.dir/src/topicpublish.cpp.o[0m
[3.064s] [100%] [32m[1mLinking CXX executable topicpublish[0m
[3.192s] [100%] Built target topicpublish
[3.202s] Invoked command in '/home/ros2/ROS2Folder/topic_ws/build/topic_cpp' returned '0': CMAKE_PREFIX_PATH=/opt/ros/humble /usr/bin/cmake --build /home/ros2/ROS2Folder/topic_ws/build/topic_cpp -- -j16 -l16
[3.211s] Invoking command in '/home/ros2/ROS2Folder/topic_ws/build/topic_cpp': CMAKE_PREFIX_PATH=/opt/ros/humble /usr/bin/cmake --install /home/ros2/ROS2Folder/topic_ws/build/topic_cpp
[3.218s] -- Install configuration: ""
[3.219s] -- Execute custom install script
[3.219s] -- Up-to-date symlink: /home/ros2/ROS2Folder/topic_ws/install/topic_cpp/lib/topic_cpp/topicpublish
[3.220s] -- Up-to-date symlink: /home/ros2/ROS2Folder/topic_ws/install/topic_cpp/share/ament_index/resource_index/package_run_dependencies/topic_cpp
[3.220s] -- Up-to-date symlink: /home/ros2/ROS2Folder/topic_ws/install/topic_cpp/share/ament_index/resource_index/parent_prefix_path/topic_cpp
[3.220s] -- Up-to-date symlink: /home/ros2/ROS2Folder/topic_ws/install/topic_cpp/share/topic_cpp/environment/ament_prefix_path.sh
[3.221s] -- Up-to-date symlink: /home/ros2/ROS2Folder/topic_ws/install/topic_cpp/share/topic_cpp/environment/ament_prefix_path.dsv
[3.221s] -- Up-to-date symlink: /home/ros2/ROS2Folder/topic_ws/install/topic_cpp/share/topic_cpp/environment/path.sh
[3.222s] -- Up-to-date symlink: /home/ros2/ROS2Folder/topic_ws/install/topic_cpp/share/topic_cpp/environment/path.dsv
[3.222s] -- Up-to-date symlink: /home/ros2/ROS2Folder/topic_ws/install/topic_cpp/share/topic_cpp/local_setup.bash
[3.222s] -- Up-to-date symlink: /home/ros2/ROS2Folder/topic_ws/install/topic_cpp/share/topic_cpp/local_setup.sh
[3.223s] -- Up-to-date symlink: /home/ros2/ROS2Folder/topic_ws/install/topic_cpp/share/topic_cpp/local_setup.zsh
[3.223s] -- Up-to-date symlink: /home/ros2/ROS2Folder/topic_ws/install/topic_cpp/share/topic_cpp/local_setup.dsv
[3.223s] -- Symlinking: /home/ros2/ROS2Folder/topic_ws/install/topic_cpp/share/topic_cpp/package.dsv
[3.231s] -- Up-to-date symlink: /home/ros2/ROS2Folder/topic_ws/install/topic_cpp/share/ament_index/resource_index/packages/topic_cpp
[3.232s] -- Up-to-date symlink: /home/ros2/ROS2Folder/topic_ws/install/topic_cpp/share/topic_cpp/cmake/topic_cppConfig.cmake
[3.232s] -- Up-to-date symlink: /home/ros2/ROS2Folder/topic_ws/install/topic_cpp/share/topic_cpp/cmake/topic_cppConfig-version.cmake
[3.232s] -- Up-to-date symlink: /home/ros2/ROS2Folder/topic_ws/install/topic_cpp/share/topic_cpp/package.xml
[3.235s] Invoked command in '/home/ros2/ROS2Folder/topic_ws/build/topic_cpp' returned '0': CMAKE_PREFIX_PATH=/opt/ros/humble /usr/bin/cmake --install /home/ros2/ROS2Folder/topic_ws/build/topic_cpp
