[0.020s] Invoking command in '/home/ros2/ROS2Folder/ros2_ws/build/my_cpp_pkg': CMAKE_PREFIX_PATH=/opt/ros/humble /usr/bin/cmake /home/ros2/ROS2Folder/ros2_ws/src/my_cpp_pkg -DAMENT_CMAKE_SYMLINK_INSTALL=1 -DCMAKE_INSTALL_PREFIX=/home/ros2/ROS2Folder/ros2_ws/install/my_cpp_pkg
[0.093s] -- Found ament_cmake: 1.3.11 (/opt/ros/humble/share/ament_cmake/cmake)
[0.287s] -- Override CMake install command with custom implementation using symlinks instead of copying resources
[0.317s] -- Found rclcpp: 16.0.12 (/opt/ros/humble/share/rclcpp/cmake)
[0.391s] -- Found rosidl_generator_c: 3.1.6 (/opt/ros/humble/share/rosidl_generator_c/cmake)
[0.396s] -- Found rosidl_adapter: 3.1.6 (/opt/ros/humble/share/rosidl_adapter/cmake)
[0.411s] -- Found rosidl_generator_cpp: 3.1.6 (/opt/ros/humble/share/rosidl_generator_cpp/cmake)
[0.431s] -- Using all available rosidl_typesupport_c: rosidl_typesupport_fastrtps_c;rosidl_typesupport_introspection_c
[0.456s] -- Using all available rosidl_typesupport_cpp: rosidl_typesupport_fastrtps_cpp;rosidl_typesupport_introspection_cpp
[0.527s] -- Found rmw_implementation_cmake: 6.1.2 (/opt/ros/humble/share/rmw_implementation_cmake/cmake)
[0.531s] -- Found rmw_fastrtps_cpp: 6.2.7 (/opt/ros/humble/share/rmw_fastrtps_cpp/cmake)
[0.675s] -- Using RMW implementation 'rmw_fastrtps_cpp' as default
[0.871s] -- Configuring done
[0.893s] -- Generating done
[0.899s] -- Build files have been written to: /home/ros2/ROS2Folder/ros2_ws/build/my_cpp_pkg
[0.913s] Invoked command in '/home/ros2/ROS2Folder/ros2_ws/build/my_cpp_pkg' returned '0': CMAKE_PREFIX_PATH=/opt/ros/humble /usr/bin/cmake /home/ros2/ROS2Folder/ros2_ws/src/my_cpp_pkg -DAMENT_CMAKE_SYMLINK_INSTALL=1 -DCMAKE_INSTALL_PREFIX=/home/ros2/ROS2Folder/ros2_ws/install/my_cpp_pkg
[0.914s] Invoking command in '/home/ros2/ROS2Folder/ros2_ws/build/my_cpp_pkg': CMAKE_PREFIX_PATH=/opt/ros/humble /usr/bin/cmake --build /home/ros2/ROS2Folder/ros2_ws/build/my_cpp_pkg -- -j16 -l16
[0.965s] [35m[1mConsolidate compiler generated dependencies of target my_node[0m
[0.978s] [ 50%] [32mBuilding CXX object CMakeFiles/my_node.dir/src/my_node.cpp.o[0m
[4.819s] [100%] [32m[1mLinking CXX executable my_node[0m
[5.028s] [100%] Built target my_node
[5.038s] Invoked command in '/home/ros2/ROS2Folder/ros2_ws/build/my_cpp_pkg' returned '0': CMAKE_PREFIX_PATH=/opt/ros/humble /usr/bin/cmake --build /home/ros2/ROS2Folder/ros2_ws/build/my_cpp_pkg -- -j16 -l16
[5.050s] Invoking command in '/home/ros2/ROS2Folder/ros2_ws/build/my_cpp_pkg': CMAKE_PREFIX_PATH=/opt/ros/humble /usr/bin/cmake --install /home/ros2/ROS2Folder/ros2_ws/build/my_cpp_pkg
[5.056s] -- Install configuration: ""
[5.057s] -- Execute custom install script
[5.057s] -- Up-to-date symlink: /home/ros2/ROS2Folder/ros2_ws/install/my_cpp_pkg/lib/my_cpp_pkg/my_node
[5.058s] -- Up-to-date symlink: /home/ros2/ROS2Folder/ros2_ws/install/my_cpp_pkg/share/ament_index/resource_index/package_run_dependencies/my_cpp_pkg
[5.058s] -- Up-to-date symlink: /home/ros2/ROS2Folder/ros2_ws/install/my_cpp_pkg/share/ament_index/resource_index/parent_prefix_path/my_cpp_pkg
[5.059s] -- Up-to-date symlink: /home/ros2/ROS2Folder/ros2_ws/install/my_cpp_pkg/share/my_cpp_pkg/environment/ament_prefix_path.sh
[5.059s] -- Up-to-date symlink: /home/ros2/ROS2Folder/ros2_ws/install/my_cpp_pkg/share/my_cpp_pkg/environment/ament_prefix_path.dsv
[5.060s] -- Up-to-date symlink: /home/ros2/ROS2Folder/ros2_ws/install/my_cpp_pkg/share/my_cpp_pkg/environment/path.sh
[5.061s] -- Up-to-date symlink: /home/ros2/ROS2Folder/ros2_ws/install/my_cpp_pkg/share/my_cpp_pkg/environment/path.dsv
[5.061s] -- Up-to-date symlink: /home/ros2/ROS2Folder/ros2_ws/install/my_cpp_pkg/share/my_cpp_pkg/local_setup.bash
[5.062s] -- Up-to-date symlink: /home/ros2/ROS2Folder/ros2_ws/install/my_cpp_pkg/share/my_cpp_pkg/local_setup.sh
[5.063s] -- Up-to-date symlink: /home/ros2/ROS2Folder/ros2_ws/install/my_cpp_pkg/share/my_cpp_pkg/local_setup.zsh
[5.063s] -- Up-to-date symlink: /home/ros2/ROS2Folder/ros2_ws/install/my_cpp_pkg/share/my_cpp_pkg/local_setup.dsv
[5.063s] -- Symlinking: /home/ros2/ROS2Folder/ros2_ws/install/my_cpp_pkg/share/my_cpp_pkg/package.dsv
[5.073s] -- Up-to-date symlink: /home/ros2/ROS2Folder/ros2_ws/install/my_cpp_pkg/share/ament_index/resource_index/packages/my_cpp_pkg
[5.073s] -- Up-to-date symlink: /home/ros2/ROS2Folder/ros2_ws/install/my_cpp_pkg/share/my_cpp_pkg/cmake/my_cpp_pkgConfig.cmake
[5.074s] -- Up-to-date symlink: /home/ros2/ROS2Folder/ros2_ws/install/my_cpp_pkg/share/my_cpp_pkg/cmake/my_cpp_pkgConfig-version.cmake
[5.074s] -- Up-to-date symlink: /home/ros2/ROS2Folder/ros2_ws/install/my_cpp_pkg/share/my_cpp_pkg/package.xml
[5.076s] Invoked command in '/home/ros2/ROS2Folder/ros2_ws/build/my_cpp_pkg' returned '0': CMAKE_PREFIX_PATH=/opt/ros/humble /usr/bin/cmake --install /home/ros2/ROS2Folder/ros2_ws/build/my_cpp_pkg
