[0.245s] DEBUG:colcon:Command line arguments: ['/usr/bin/colcon', 'build', '--symlink-install']
[0.245s] DEBUG:colcon:Parsed command line arguments: Namespace(log_base=None, log_level=None, verb_name='build', build_base='build', install_base='install', merge_install=False, symlink_install=True, test_result_base=None, continue_on_error=False, executor='parallel', parallel_workers=16, event_handlers=None, ignore_user_meta=False, metas=['./colcon.meta'], base_paths=['.'], packages_ignore=None, packages_ignore_regex=None, paths=None, packages_up_to=None, packages_up_to_regex=None, packages_above=None, packages_above_and_dependencies=None, packages_above_depth=None, packages_select_by_dep=None, packages_skip_by_dep=None, packages_skip_up_to=None, packages_select_build_failed=False, packages_skip_build_finished=False, packages_select_test_failures=False, packages_skip_test_passed=False, packages_select=None, packages_skip=None, packages_select_regex=None, packages_skip_regex=None, packages_start=None, packages_end=None, allow_overriding=[], cmake_args=None, cmake_target=None, cmake_target_skip_unavailable=False, cmake_clean_cache=False, cmake_clean_first=False, cmake_force_configure=False, ament_cmake_args=None, catkin_cmake_args=None, catkin_skip_building_tests=False, verb_parser=<colcon_defaults.argument_parser.defaults.DefaultArgumentsDecorator object at 0x7ff09ec9eef0>, verb_extension=<colcon_core.verb.build.BuildVerb object at 0x7ff09ec9e9e0>, main=<bound method BuildVerb.main of <colcon_core.verb.build.BuildVerb object at 0x7ff09ec9e9e0>>)
[0.617s] Level 1:colcon.colcon_core.package_discovery:discover_packages(colcon_meta) check parameters
[0.617s] Level 1:colcon.colcon_core.package_discovery:discover_packages(recursive) check parameters
[0.617s] Level 1:colcon.colcon_core.package_discovery:discover_packages(ignore) check parameters
[0.617s] Level 1:colcon.colcon_core.package_discovery:discover_packages(path) check parameters
[0.617s] Level 1:colcon.colcon_core.package_discovery:discover_packages(colcon_meta) discover
[0.617s] Level 1:colcon.colcon_core.package_discovery:discover_packages(recursive) discover
[0.617s] INFO:colcon.colcon_core.package_discovery:Crawling recursively for packages in '/home/ros2/ROS2Folder/topic_ws'
[0.618s] Level 1:colcon.colcon_core.package_identification:_identify(.) by extensions ['ignore', 'ignore_ament_install']
[0.618s] Level 1:colcon.colcon_core.package_identification:_identify(.) by extension 'ignore'
[0.618s] Level 1:colcon.colcon_core.package_identification:_identify(.) by extension 'ignore_ament_install'
[0.618s] Level 1:colcon.colcon_core.package_identification:_identify(.) by extensions ['colcon_pkg']
[0.618s] Level 1:colcon.colcon_core.package_identification:_identify(.) by extension 'colcon_pkg'
[0.618s] Level 1:colcon.colcon_core.package_identification:_identify(.) by extensions ['colcon_meta']
[0.618s] Level 1:colcon.colcon_core.package_identification:_identify(.) by extension 'colcon_meta'
[0.618s] Level 1:colcon.colcon_core.package_identification:_identify(.) by extensions ['ros']
[0.618s] Level 1:colcon.colcon_core.package_identification:_identify(.) by extension 'ros'
[0.632s] Level 1:colcon.colcon_core.package_identification:_identify(.) by extensions ['cmake', 'python']
[0.632s] Level 1:colcon.colcon_core.package_identification:_identify(.) by extension 'cmake'
[0.632s] Level 1:colcon.colcon_core.package_identification:_identify(.) by extension 'python'
[0.632s] Level 1:colcon.colcon_core.package_identification:_identify(.) by extensions ['python_setup_py']
[0.632s] Level 1:colcon.colcon_core.package_identification:_identify(.) by extension 'python_setup_py'
[0.632s] Level 1:colcon.colcon_core.package_identification:_identify(build) by extensions ['ignore', 'ignore_ament_install']
[0.632s] Level 1:colcon.colcon_core.package_identification:_identify(build) by extension 'ignore'
[0.632s] Level 1:colcon.colcon_core.package_identification:_identify(build) ignored
[0.633s] Level 1:colcon.colcon_core.package_identification:_identify(install) by extensions ['ignore', 'ignore_ament_install']
[0.633s] Level 1:colcon.colcon_core.package_identification:_identify(install) by extension 'ignore'
[0.633s] Level 1:colcon.colcon_core.package_identification:_identify(install) ignored
[0.633s] Level 1:colcon.colcon_core.package_identification:_identify(log) by extensions ['ignore', 'ignore_ament_install']
[0.633s] Level 1:colcon.colcon_core.package_identification:_identify(log) by extension 'ignore'
[0.633s] Level 1:colcon.colcon_core.package_identification:_identify(log) ignored
[0.633s] Level 1:colcon.colcon_core.package_identification:_identify(src) by extensions ['ignore', 'ignore_ament_install']
[0.633s] Level 1:colcon.colcon_core.package_identification:_identify(src) by extension 'ignore'
[0.633s] Level 1:colcon.colcon_core.package_identification:_identify(src) by extension 'ignore_ament_install'
[0.633s] Level 1:colcon.colcon_core.package_identification:_identify(src) by extensions ['colcon_pkg']
[0.633s] Level 1:colcon.colcon_core.package_identification:_identify(src) by extension 'colcon_pkg'
[0.633s] Level 1:colcon.colcon_core.package_identification:_identify(src) by extensions ['colcon_meta']
[0.633s] Level 1:colcon.colcon_core.package_identification:_identify(src) by extension 'colcon_meta'
[0.633s] Level 1:colcon.colcon_core.package_identification:_identify(src) by extensions ['ros']
[0.633s] Level 1:colcon.colcon_core.package_identification:_identify(src) by extension 'ros'
[0.633s] Level 1:colcon.colcon_core.package_identification:_identify(src) by extensions ['cmake', 'python']
[0.633s] Level 1:colcon.colcon_core.package_identification:_identify(src) by extension 'cmake'
[0.633s] Level 1:colcon.colcon_core.package_identification:_identify(src) by extension 'python'
[0.634s] Level 1:colcon.colcon_core.package_identification:_identify(src) by extensions ['python_setup_py']
[0.634s] Level 1:colcon.colcon_core.package_identification:_identify(src) by extension 'python_setup_py'
[0.634s] Level 1:colcon.colcon_core.package_identification:_identify(src/topic_cpp) by extensions ['ignore', 'ignore_ament_install']
[0.634s] Level 1:colcon.colcon_core.package_identification:_identify(src/topic_cpp) by extension 'ignore'
[0.634s] Level 1:colcon.colcon_core.package_identification:_identify(src/topic_cpp) by extension 'ignore_ament_install'
[0.634s] Level 1:colcon.colcon_core.package_identification:_identify(src/topic_cpp) by extensions ['colcon_pkg']
[0.634s] Level 1:colcon.colcon_core.package_identification:_identify(src/topic_cpp) by extension 'colcon_pkg'
[0.634s] Level 1:colcon.colcon_core.package_identification:_identify(src/topic_cpp) by extensions ['colcon_meta']
[0.634s] Level 1:colcon.colcon_core.package_identification:_identify(src/topic_cpp) by extension 'colcon_meta'
[0.634s] Level 1:colcon.colcon_core.package_identification:_identify(src/topic_cpp) by extensions ['ros']
[0.634s] Level 1:colcon.colcon_core.package_identification:_identify(src/topic_cpp) by extension 'ros'
[0.638s] DEBUG:colcon.colcon_core.package_identification:Package 'src/topic_cpp' with type 'ros.ament_cmake' and name 'topic_cpp'
[0.638s] Level 1:colcon.colcon_core.package_discovery:discover_packages(recursive) using defaults
[0.638s] Level 1:colcon.colcon_core.package_discovery:discover_packages(ignore) discover
[0.638s] Level 1:colcon.colcon_core.package_discovery:discover_packages(ignore) using defaults
[0.638s] Level 1:colcon.colcon_core.package_discovery:discover_packages(path) discover
[0.638s] Level 1:colcon.colcon_core.package_discovery:discover_packages(path) using defaults
[0.669s] Level 1:colcon.colcon_core.package_discovery:discover_packages(prefix_path) check parameters
[0.669s] Level 1:colcon.colcon_core.package_discovery:discover_packages(prefix_path) discover
[0.674s] DEBUG:colcon.colcon_installed_package_information.package_discovery:Found 1 installed packages in /home/ros2/ROS2Folder/topic_ws/install
[0.676s] DEBUG:colcon.colcon_installed_package_information.package_discovery:Found 271 installed packages in /opt/ros/humble
[0.677s] Level 1:colcon.colcon_core.package_discovery:discover_packages(prefix_path) using defaults
[0.794s] Level 5:colcon.colcon_core.verb:set package 'topic_cpp' build argument 'cmake_args' from command line to 'None'
[0.794s] Level 5:colcon.colcon_core.verb:set package 'topic_cpp' build argument 'cmake_target' from command line to 'None'
[0.794s] Level 5:colcon.colcon_core.verb:set package 'topic_cpp' build argument 'cmake_target_skip_unavailable' from command line to 'False'
[0.794s] Level 5:colcon.colcon_core.verb:set package 'topic_cpp' build argument 'cmake_clean_cache' from command line to 'False'
[0.794s] Level 5:colcon.colcon_core.verb:set package 'topic_cpp' build argument 'cmake_clean_first' from command line to 'False'
[0.794s] Level 5:colcon.colcon_core.verb:set package 'topic_cpp' build argument 'cmake_force_configure' from command line to 'False'
[0.794s] Level 5:colcon.colcon_core.verb:set package 'topic_cpp' build argument 'ament_cmake_args' from command line to 'None'
[0.794s] Level 5:colcon.colcon_core.verb:set package 'topic_cpp' build argument 'catkin_cmake_args' from command line to 'None'
[0.794s] Level 5:colcon.colcon_core.verb:set package 'topic_cpp' build argument 'catkin_skip_building_tests' from command line to 'False'
[0.794s] DEBUG:colcon.colcon_core.verb:Building package 'topic_cpp' with the following arguments: {'ament_cmake_args': None, 'build_base': '/home/ros2/ROS2Folder/topic_ws/build/topic_cpp', 'catkin_cmake_args': None, 'catkin_skip_building_tests': False, 'cmake_args': None, 'cmake_clean_cache': False, 'cmake_clean_first': False, 'cmake_force_configure': False, 'cmake_target': None, 'cmake_target_skip_unavailable': False, 'install_base': '/home/ros2/ROS2Folder/topic_ws/install/topic_cpp', 'merge_install': False, 'path': '/home/ros2/ROS2Folder/topic_ws/src/topic_cpp', 'symlink_install': True, 'test_result_base': None}
[0.794s] INFO:colcon.colcon_core.executor:Executing jobs using 'parallel' executor
[0.795s] DEBUG:colcon.colcon_parallel_executor.executor.parallel:run_until_complete
[0.796s] INFO:colcon.colcon_ros.task.ament_cmake.build:Building ROS package in '/home/ros2/ROS2Folder/topic_ws/src/topic_cpp' with build type 'ament_cmake'
[0.796s] INFO:colcon.colcon_cmake.task.cmake.build:Building CMake package in '/home/ros2/ROS2Folder/topic_ws/src/topic_cpp'
[0.803s] INFO:colcon.colcon_core.plugin_system:Skipping extension 'colcon_core.shell.bat': Not used on non-Windows systems
[0.804s] INFO:colcon.colcon_core.shell:Skip shell extension 'powershell' for command environment: Not usable outside of PowerShell
[0.804s] DEBUG:colcon.colcon_core.shell:Skip shell extension 'dsv' for command environment
[0.816s] DEBUG:colcon.colcon_core.event_handler.log_command:Invoking command in '/home/ros2/ROS2Folder/topic_ws/build/topic_cpp': CMAKE_PREFIX_PATH=${CMAKE_PREFIX_PATH}:/opt/ros/humble /usr/bin/cmake --build /home/ros2/ROS2Folder/topic_ws/build/topic_cpp -- -j16 -l16
[8.191s] DEBUG:colcon.colcon_core.event_handler.log_command:Invoked command in '/home/ros2/ROS2Folder/topic_ws/build/topic_cpp' returned '0': CMAKE_PREFIX_PATH=${CMAKE_PREFIX_PATH}:/opt/ros/humble /usr/bin/cmake --build /home/ros2/ROS2Folder/topic_ws/build/topic_cpp -- -j16 -l16
[8.201s] DEBUG:colcon.colcon_core.event_handler.log_command:Invoking command in '/home/ros2/ROS2Folder/topic_ws/build/topic_cpp': CMAKE_PREFIX_PATH=${CMAKE_PREFIX_PATH}:/opt/ros/humble /usr/bin/cmake --install /home/ros2/ROS2Folder/topic_ws/build/topic_cpp
[8.228s] Level 1:colcon.colcon_core.environment:create_environment_scripts_only(topic_cpp)
[8.229s] DEBUG:colcon.colcon_core.event_handler.log_command:Invoked command in '/home/ros2/ROS2Folder/topic_ws/build/topic_cpp' returned '0': CMAKE_PREFIX_PATH=${CMAKE_PREFIX_PATH}:/opt/ros/humble /usr/bin/cmake --install /home/ros2/ROS2Folder/topic_ws/build/topic_cpp
[8.238s] Level 1:colcon.colcon_core.environment:checking '/home/ros2/ROS2Folder/topic_ws/install/topic_cpp' for CMake module files
[8.239s] Level 1:colcon.colcon_core.environment:checking '/home/ros2/ROS2Folder/topic_ws/install/topic_cpp' for CMake config files
[8.239s] Level 1:colcon.colcon_core.shell:create_environment_hook('topic_cpp', 'cmake_prefix_path')
[8.239s] INFO:colcon.colcon_core.shell:Creating environment hook '/home/ros2/ROS2Folder/topic_ws/install/topic_cpp/share/topic_cpp/hook/cmake_prefix_path.ps1'
[8.241s] INFO:colcon.colcon_core.shell:Creating environment descriptor '/home/ros2/ROS2Folder/topic_ws/install/topic_cpp/share/topic_cpp/hook/cmake_prefix_path.dsv'
[8.242s] INFO:colcon.colcon_core.shell:Creating environment hook '/home/ros2/ROS2Folder/topic_ws/install/topic_cpp/share/topic_cpp/hook/cmake_prefix_path.sh'
[8.243s] Level 1:colcon.colcon_core.environment:checking '/home/ros2/ROS2Folder/topic_ws/install/topic_cpp/lib'
[8.243s] Level 1:colcon.colcon_core.environment:checking '/home/ros2/ROS2Folder/topic_ws/install/topic_cpp/bin'
[8.244s] Level 1:colcon.colcon_core.environment:checking '/home/ros2/ROS2Folder/topic_ws/install/topic_cpp/lib/pkgconfig/topic_cpp.pc'
[8.244s] Level 1:colcon.colcon_core.environment:checking '/home/ros2/ROS2Folder/topic_ws/install/topic_cpp/lib/python3.10/site-packages'
[8.244s] Level 1:colcon.colcon_core.environment:checking '/home/ros2/ROS2Folder/topic_ws/install/topic_cpp/bin'
[8.244s] INFO:colcon.colcon_core.shell:Creating package script '/home/ros2/ROS2Folder/topic_ws/install/topic_cpp/share/topic_cpp/package.ps1'
[8.246s] INFO:colcon.colcon_core.shell:Creating package descriptor '/home/ros2/ROS2Folder/topic_ws/install/topic_cpp/share/topic_cpp/package.dsv'
[8.247s] INFO:colcon.colcon_core.shell:Creating package script '/home/ros2/ROS2Folder/topic_ws/install/topic_cpp/share/topic_cpp/package.sh'
[8.248s] INFO:colcon.colcon_core.shell:Creating package script '/home/ros2/ROS2Folder/topic_ws/install/topic_cpp/share/topic_cpp/package.bash'
[8.250s] INFO:colcon.colcon_core.shell:Creating package script '/home/ros2/ROS2Folder/topic_ws/install/topic_cpp/share/topic_cpp/package.zsh'
[8.251s] Level 1:colcon.colcon_core.environment:create_file_with_runtime_dependencies(/home/ros2/ROS2Folder/topic_ws/install/topic_cpp/share/colcon-core/packages/topic_cpp)
[8.252s] Level 1:colcon.colcon_core.environment:create_environment_scripts_only(topic_cpp)
[8.252s] Level 1:colcon.colcon_core.environment:checking '/home/ros2/ROS2Folder/topic_ws/install/topic_cpp' for CMake module files
[8.252s] Level 1:colcon.colcon_core.environment:checking '/home/ros2/ROS2Folder/topic_ws/install/topic_cpp' for CMake config files
[8.253s] Level 1:colcon.colcon_core.shell:create_environment_hook('topic_cpp', 'cmake_prefix_path')
[8.253s] INFO:colcon.colcon_core.shell:Creating environment hook '/home/ros2/ROS2Folder/topic_ws/install/topic_cpp/share/topic_cpp/hook/cmake_prefix_path.ps1'
[8.253s] INFO:colcon.colcon_core.shell:Creating environment descriptor '/home/ros2/ROS2Folder/topic_ws/install/topic_cpp/share/topic_cpp/hook/cmake_prefix_path.dsv'
[8.253s] INFO:colcon.colcon_core.shell:Creating environment hook '/home/ros2/ROS2Folder/topic_ws/install/topic_cpp/share/topic_cpp/hook/cmake_prefix_path.sh'
[8.254s] Level 1:colcon.colcon_core.environment:checking '/home/ros2/ROS2Folder/topic_ws/install/topic_cpp/lib'
[8.254s] Level 1:colcon.colcon_core.environment:checking '/home/ros2/ROS2Folder/topic_ws/install/topic_cpp/bin'
[8.254s] Level 1:colcon.colcon_core.environment:checking '/home/ros2/ROS2Folder/topic_ws/install/topic_cpp/lib/pkgconfig/topic_cpp.pc'
[8.254s] Level 1:colcon.colcon_core.environment:checking '/home/ros2/ROS2Folder/topic_ws/install/topic_cpp/lib/python3.10/site-packages'
[8.254s] Level 1:colcon.colcon_core.environment:checking '/home/ros2/ROS2Folder/topic_ws/install/topic_cpp/bin'
[8.255s] INFO:colcon.colcon_core.shell:Creating package script '/home/ros2/ROS2Folder/topic_ws/install/topic_cpp/share/topic_cpp/package.ps1'
[8.255s] INFO:colcon.colcon_core.shell:Creating package descriptor '/home/ros2/ROS2Folder/topic_ws/install/topic_cpp/share/topic_cpp/package.dsv'
[8.255s] INFO:colcon.colcon_core.shell:Creating package script '/home/ros2/ROS2Folder/topic_ws/install/topic_cpp/share/topic_cpp/package.sh'
[8.256s] INFO:colcon.colcon_core.shell:Creating package script '/home/ros2/ROS2Folder/topic_ws/install/topic_cpp/share/topic_cpp/package.bash'
[8.256s] INFO:colcon.colcon_core.shell:Creating package script '/home/ros2/ROS2Folder/topic_ws/install/topic_cpp/share/topic_cpp/package.zsh'
[8.256s] Level 1:colcon.colcon_core.environment:create_file_with_runtime_dependencies(/home/ros2/ROS2Folder/topic_ws/install/topic_cpp/share/colcon-core/packages/topic_cpp)
[8.257s] DEBUG:colcon.colcon_parallel_executor.executor.parallel:closing loop
[8.257s] DEBUG:colcon.colcon_parallel_executor.executor.parallel:loop closed
[8.257s] DEBUG:colcon.colcon_parallel_executor.executor.parallel:run_until_complete finished with '0'
[8.257s] DEBUG:colcon.colcon_core.event_reactor:joining thread
[8.271s] INFO:colcon.colcon_core.plugin_system:Skipping extension 'colcon_notification.desktop_notification.notify_send': Could not find 'notify-send'
[8.271s] INFO:colcon.colcon_core.plugin_system:Skipping extension 'colcon_notification.desktop_notification.terminal_notifier': Not used on non-Darwin systems
[8.271s] INFO:colcon.colcon_core.plugin_system:Skipping extension 'colcon_notification.desktop_notification.win32': Not used on non-Windows systems
[8.271s] INFO:colcon.colcon_notification.desktop_notification:Sending desktop notification using 'notify2'
[8.271s] DEBUG:colcon.colcon_notification.desktop_notification.notify2:Failed to initialize notify2: org.freedesktop.DBus.Error.NotSupported: Unable to autolaunch a dbus-daemon without a $DISPLAY for X11
[8.271s] DEBUG:colcon.colcon_core.event_reactor:joined thread
[8.272s] INFO:colcon.colcon_core.shell:Creating prefix script '/home/ros2/ROS2Folder/topic_ws/install/local_setup.ps1'
[8.273s] INFO:colcon.colcon_core.shell:Creating prefix util module '/home/ros2/ROS2Folder/topic_ws/install/_local_setup_util_ps1.py'
[8.275s] INFO:colcon.colcon_core.shell:Creating prefix chain script '/home/ros2/ROS2Folder/topic_ws/install/setup.ps1'
[8.278s] INFO:colcon.colcon_core.shell:Creating prefix script '/home/ros2/ROS2Folder/topic_ws/install/local_setup.sh'
[8.280s] INFO:colcon.colcon_core.shell:Creating prefix util module '/home/ros2/ROS2Folder/topic_ws/install/_local_setup_util_sh.py'
[8.281s] INFO:colcon.colcon_core.shell:Creating prefix chain script '/home/ros2/ROS2Folder/topic_ws/install/setup.sh'
[8.282s] INFO:colcon.colcon_core.shell:Creating prefix script '/home/ros2/ROS2Folder/topic_ws/install/local_setup.bash'
[8.283s] INFO:colcon.colcon_core.shell:Creating prefix chain script '/home/ros2/ROS2Folder/topic_ws/install/setup.bash'
[8.284s] INFO:colcon.colcon_core.shell:Creating prefix script '/home/ros2/ROS2Folder/topic_ws/install/local_setup.zsh'
[8.285s] INFO:colcon.colcon_core.shell:Creating prefix chain script '/home/ros2/ROS2Folder/topic_ws/install/setup.zsh'
