[0.014s] Invoking command in '/home/ros2/ROS2Folder/topic_ws/build/topic_cpp': CMAKE_PREFIX_PATH=/opt/ros/humble /usr/bin/cmake /home/ros2/ROS2Folder/topic_ws/src/topic_cpp -DAMENT_CMAKE_SYMLINK_INSTALL=1 -DCMAKE_INSTALL_PREFIX=/home/ros2/ROS2Folder/topic_ws/install/topic_cpp
[0.176s] -- The C compiler identification is GNU 11.4.0
[0.271s] -- The CXX compiler identification is GNU 11.4.0
[0.282s] -- Detecting C compiler ABI info
[0.352s] -- Detecting C compiler ABI info - done
[0.357s] -- Check for working C compiler: /usr/bin/cc - skipped
[0.358s] -- Detecting C compile features
[0.358s] -- Detecting C compile features - done
[0.362s] -- Detecting CXX compiler ABI info
[0.431s] -- Detecting CXX compiler ABI info - done
[0.437s] -- Check for working CXX compiler: /usr/bin/c++ - skipped
[0.437s] -- Detecting CXX compile features
[0.437s] -- Detecting CXX compile features - done
[0.452s] -- Found ament_cmake: 1.3.11 (/opt/ros/humble/share/ament_cmake/cmake)
[0.581s] -- Found Python3: /usr/bin/python3 (found version "3.10.12") found components: Interpreter 
[0.645s] -- Override CMake install command with custom implementation using symlinks instead of copying resources
[0.680s] -- Found rclcpp: 16.0.12 (/opt/ros/humble/share/rclcpp/cmake)
[0.740s] -- Found rosidl_generator_c: 3.1.6 (/opt/ros/humble/share/rosidl_generator_c/cmake)
[0.746s] -- Found rosidl_adapter: 3.1.6 (/opt/ros/humble/share/rosidl_adapter/cmake)
[0.757s] -- Found rosidl_generator_cpp: 3.1.6 (/opt/ros/humble/share/rosidl_generator_cpp/cmake)
[0.776s] -- Using all available rosidl_typesupport_c: rosidl_typesupport_fastrtps_c;rosidl_typesupport_introspection_c
[0.795s] -- Using all available rosidl_typesupport_cpp: rosidl_typesupport_fastrtps_cpp;rosidl_typesupport_introspection_cpp
[0.851s] -- Found rmw_implementation_cmake: 6.1.2 (/opt/ros/humble/share/rmw_implementation_cmake/cmake)
[0.855s] -- Found rmw_fastrtps_cpp: 6.2.7 (/opt/ros/humble/share/rmw_fastrtps_cpp/cmake)
[0.948s] -- Found OpenSSL: /usr/lib/x86_64-linux-gnu/libcrypto.so (found version "3.0.2")  
[0.969s] -- Found FastRTPS: /opt/ros/humble/include  
[0.998s] -- Using RMW implementation 'rmw_fastrtps_cpp' as default
[1.011s] -- Looking for pthread.h
[1.081s] -- Looking for pthread.h - found
[1.081s] -- Performing Test CMAKE_HAVE_LIBC_PTHREAD
[1.143s] -- Performing Test CMAKE_HAVE_LIBC_PTHREAD - Success
[1.144s] -- Found Threads: TRUE  
[1.261s] -- Configuring done
[1.271s] -- Generating done
[1.274s] -- Build files have been written to: /home/ros2/ROS2Folder/topic_ws/build/topic_cpp
[1.287s] Invoked command in '/home/ros2/ROS2Folder/topic_ws/build/topic_cpp' returned '0': CMAKE_PREFIX_PATH=/opt/ros/humble /usr/bin/cmake /home/ros2/ROS2Folder/topic_ws/src/topic_cpp -DAMENT_CMAKE_SYMLINK_INSTALL=1 -DCMAKE_INSTALL_PREFIX=/home/ros2/ROS2Folder/topic_ws/install/topic_cpp
[1.289s] Invoking command in '/home/ros2/ROS2Folder/topic_ws/build/topic_cpp': CMAKE_PREFIX_PATH=/opt/ros/humble /usr/bin/cmake --build /home/ros2/ROS2Folder/topic_ws/build/topic_cpp -- -j16 -l16
[1.331s] [ 50%] [32mBuilding CXX object CMakeFiles/topicpublish.dir/src/topicpublish.cpp.o[0m
[1.374s] [100%] [32m[1mLinking CXX executable topicpublish[0m
[1.444s] [100%] Built target topicpublish
[1.453s] Invoked command in '/home/ros2/ROS2Folder/topic_ws/build/topic_cpp' returned '0': CMAKE_PREFIX_PATH=/opt/ros/humble /usr/bin/cmake --build /home/ros2/ROS2Folder/topic_ws/build/topic_cpp -- -j16 -l16
[1.461s] Invoking command in '/home/ros2/ROS2Folder/topic_ws/build/topic_cpp': CMAKE_PREFIX_PATH=/opt/ros/humble /usr/bin/cmake --install /home/ros2/ROS2Folder/topic_ws/build/topic_cpp
[1.465s] -- Install configuration: ""
[1.466s] -- Execute custom install script
[1.467s] -- Symlinking: /home/ros2/ROS2Folder/topic_ws/install/topic_cpp/lib/topic_cpp/topicpublish
[1.474s] -- Symlinking: /home/ros2/ROS2Folder/topic_ws/install/topic_cpp/share/ament_index/resource_index/package_run_dependencies/topic_cpp
[1.481s] -- Symlinking: /home/ros2/ROS2Folder/topic_ws/install/topic_cpp/share/ament_index/resource_index/parent_prefix_path/topic_cpp
[1.488s] -- Symlinking: /home/ros2/ROS2Folder/topic_ws/install/topic_cpp/share/topic_cpp/environment/ament_prefix_path.sh
[1.495s] -- Symlinking: /home/ros2/ROS2Folder/topic_ws/install/topic_cpp/share/topic_cpp/environment/ament_prefix_path.dsv
[1.501s] -- Symlinking: /home/ros2/ROS2Folder/topic_ws/install/topic_cpp/share/topic_cpp/environment/path.sh
[1.508s] -- Symlinking: /home/ros2/ROS2Folder/topic_ws/install/topic_cpp/share/topic_cpp/environment/path.dsv
[1.515s] -- Symlinking: /home/ros2/ROS2Folder/topic_ws/install/topic_cpp/share/topic_cpp/local_setup.bash
[1.523s] -- Symlinking: /home/ros2/ROS2Folder/topic_ws/install/topic_cpp/share/topic_cpp/local_setup.sh
[1.531s] -- Symlinking: /home/ros2/ROS2Folder/topic_ws/install/topic_cpp/share/topic_cpp/local_setup.zsh
[1.538s] -- Symlinking: /home/ros2/ROS2Folder/topic_ws/install/topic_cpp/share/topic_cpp/local_setup.dsv
[1.544s] -- Symlinking: /home/ros2/ROS2Folder/topic_ws/install/topic_cpp/share/topic_cpp/package.dsv
[1.551s] -- Symlinking: /home/ros2/ROS2Folder/topic_ws/install/topic_cpp/share/ament_index/resource_index/packages/topic_cpp
[1.559s] -- Symlinking: /home/ros2/ROS2Folder/topic_ws/install/topic_cpp/share/topic_cpp/cmake/topic_cppConfig.cmake
[1.566s] -- Symlinking: /home/ros2/ROS2Folder/topic_ws/install/topic_cpp/share/topic_cpp/cmake/topic_cppConfig-version.cmake
[1.573s] -- Symlinking: /home/ros2/ROS2Folder/topic_ws/install/topic_cpp/share/topic_cpp/package.xml
[1.582s] Invoked command in '/home/ros2/ROS2Folder/topic_ws/build/topic_cpp' returned '0': CMAKE_PREFIX_PATH=/opt/ros/humble /usr/bin/cmake --install /home/ros2/ROS2Folder/topic_ws/build/topic_cpp
